<?xml version="1.0" encoding="UTF-8"?>
<testsuites name="TS_Visual Testing" time="89.328" tests="1" failures="0" errors="0">
   <testsuite name="TS_Visual Testing" tests="1" failures="0" errors="0" time="89.328" skipped="0" timestamp="2023-05-11 10:07:29" hostname="thanh.pnguyen - 10.10.35.56" id="Test Suites/VS_folder/TS_Visual Testing">
      <properties>
         <property name="deviceName" value=""/>
         <property name="devicePlatform" value=""/>
         <property name="logFolder" value="/Users/thanh.pnguyen/Documents/Katalon/Certificate/Reports/20230511_100713/VS_folder/TS_Visual Testing/20230511_100713"/>
         <property name="logFiles" value="/Users/thanh.pnguyen/Documents/Katalon/Certificate/Reports/20230511_100713/VS_folder/TS_Visual Testing/20230511_100713/execution0.log"/>
         <property name="attachments" value="keyes/keyes-Z10-400G.png"/>
         <property name="hostName" value="thanh.pnguyen - 10.10.35.56"/>
         <property name="os" value="Mac OS X 64bit"/>
         <property name="katalonVersion" value="8.6.0.208"/>
         <property name="browser" value="Chrome 113.0.0.0"/>
         <property name="hostAddress" value="10.10.35.56"/>
         <property name="sessionId" value="85e8bdc43758eff5f6d1e81576d87238"/>
         <property name="seleniumVersion" value="3.141.59"/>
         <property name="proxyInformation" value="ProxyInformation { proxyOption=NO_PROXY, proxyServerType=HTTP, username=, password=********, proxyServerAddress=, proxyServerPort=0, executionList=&quot;&quot;, isApplyToDesiredCapabilities=true }"/>
         <property name="platform" value="Mac OS X"/>
      </properties>
      <testcase name="Test Cases/Visual Testing/VS_Demo" time="88.906" classname="Test Cases/Visual Testing/VS_Demo" status="PASSED">
         <system-out><![CDATA[2023-05-11 10:07:30 - [TEST_CASE][PASSED] - Test Cases/Visual Testing/VS_Demo: Test Cases/Visual Testing/VS_Demo

2023-05-11 10:07:30 - [TEST_STEP][PASSED] - openBrowser(""): Browser is opened with url: ''

2023-05-11 10:07:30 - [MESSAGE][INFO] - Starting 'Chrome' driver

2023-05-11 10:07:30 - [MESSAGE][INFO] - User set preference: ['args', '[--window-size=390,9300]']

2023-05-11 10:07:30 - [MESSAGE][INFO] - Action delay is set to 0 milliseconds

2023-05-11 10:07:41 - [MESSAGE][PASSED] - Browser is opened with url: ''

2023-05-11 10:07:41 - [TEST_STEP][PASSED] - navigateToUrl("https://www.fs.com/specials/driving-next-generation-data-centers-toward-400g-136.html"): Navigate to 'https://www.fs.com/specials/driving-next-generation-data-centers-toward-400g-136.html' successfully

2023-05-11 10:08:46 - [MESSAGE][PASSED] - Navigate to 'https://www.fs.com/specials/driving-next-generation-data-centers-toward-400g-136.html' successfully

2023-05-11 10:08:46 - [TEST_STEP][PASSED] - waitForPageLoad(5): Wait for page load successfully

2023-05-11 10:08:47 - [MESSAGE][PASSED] - Wait for page load successfully

2023-05-11 10:08:47 - [TEST_STEP][PASSED] - delay(3): Delayed 3 second(s)

2023-05-11 10:08:50 - [MESSAGE][PASSED] - Delayed 3 second(s)

2023-05-11 10:08:50 - [TEST_STEP][PASSED] - takeFullPageScreenshotAsCheckpoint("Z10-400G"): Taking screenshot successfully

2023-05-11 10:08:58 - [MESSAGE][INFO] - 0 hidden object(s)

2023-05-11 10:08:59 - [MESSAGE][PASSED] - Taking screenshot successfully
[[ATTACHMENT|keyes/keyes-Z10-400G.png]]]]></system-out>
         <system-err><![CDATA[]]></system-err>
      </testcase>
      <system-out><![CDATA[2023-05-11 10:07:29 - [TEST_SUITE][PASSED] - TS_Visual Testing: Test Cases/Visual Testing/VS_Demo]]></system-out>
      <system-err><![CDATA[]]></system-err>
   </testsuite>
</testsuites>
