<?xml version="1.0" encoding="UTF-8"?>
<testsuites name="TS_Account" time="51.061" tests="1" failures="0" errors="0">
   <testsuite name="TS_Account" tests="1" failures="0" errors="0" time="51.061" skipped="0" timestamp="2023-06-21 09:06:58" hostname="thanh.pnguyen - 10.10.34.198" id="Test Suites/New Folder/TS_Account">
      <properties>
         <property name="deviceName" value=""/>
         <property name="devicePlatform" value=""/>
         <property name="logFolder" value="/Users/thanh.pnguyen/Documents/Katalon/Certificate/Reports/20230621_090621/New Folder/TS_Account/20230621_090638"/>
         <property name="logFiles" value="/Users/thanh.pnguyen/Documents/Katalon/Certificate/Reports/20230621_090621/New Folder/TS_Account/20230621_090638/execution0.log"/>
         <property name="attachments" value=""/>
         <property name="hostName" value="thanh.pnguyen - 10.10.34.198"/>
         <property name="os" value="Mac OS X 64bit"/>
         <property name="katalonVersion" value="8.5.5.208"/>
         <property name="browser" value="Chrome 114.0.0.0"/>
         <property name="hostAddress" value="10.10.34.198"/>
         <property name="sessionId" value="389df734ac78e7df568013c5c837bd7f"/>
         <property name="seleniumVersion" value="3.141.59"/>
         <property name="proxyInformation" value="ProxyInformation { proxyOption=NO_PROXY, proxyServerType=HTTP, username=, password=********, proxyServerAddress=, proxyServerPort=0, executionList=&quot;&quot;, isApplyToDesiredCapabilities=true }"/>
         <property name="platform" value="Mac OS X"/>
      </properties>
      <testcase name="Test Cases/Account/Login fails" time="50.599" classname="Test Cases/Account/Login fails" status="PASSED">
         <system-out><![CDATA[2023-06-21 09:06:59 - [TEST_CASE][PASSED] - Test Cases/Account/Login fails: Test Cases/Account/Login fails

2023-06-21 09:06:59 - [TEST_STEP][PASSED] - openBrowser(""): Browser is opened with url: ''

2023-06-21 09:07:00 - [MESSAGE][INFO] - Starting 'Chrome' driver

2023-06-21 09:07:00 - [MESSAGE][INFO] - Action delay is set to 3,000 milliseconds

2023-06-21 09:07:12 - [MESSAGE][PASSED] - Browser is opened with url: ''

2023-06-21 09:07:12 - [TEST_STEP][PASSED] - navigateToUrl("https://cms.demo.katalon.com/my-account/"): Navigate to 'https://cms.demo.katalon.com/my-account/' successfully

2023-06-21 09:07:20 - [MESSAGE][PASSED] - Navigate to 'https://cms.demo.katalon.com/my-account/' successfully

2023-06-21 09:07:20 - [TEST_STEP][PASSED] - click(findTestObject("Page_My account  Katalon Shop/input__username")): Object: 'Object Repository/Page_My account  Katalon Shop/input__username' is clicked on

2023-06-21 09:07:24 - [MESSAGE][PASSED] - Object: 'Object Repository/Page_My account  Katalon Shop/input__username' is clicked on

2023-06-21 09:07:24 - [TEST_STEP][PASSED] - setText(findTestObject("Page_My account  Katalon Shop/input__username"), username): Text 'customer' is set on object 'Object Repository/Page_My account  Katalon Shop/input__username'

2023-06-21 09:07:31 - [MESSAGE][PASSED] - Text 'customer' is set on object 'Object Repository/Page_My account  Katalon Shop/input__username'

2023-06-21 09:07:31 - [TEST_STEP][PASSED] - click(findTestObject("Page_My account  Katalon Shop/input__password")): Object: 'Object Repository/Page_My account  Katalon Shop/input__password' is clicked on

2023-06-21 09:07:34 - [MESSAGE][PASSED] - Object: 'Object Repository/Page_My account  Katalon Shop/input__password' is clicked on

2023-06-21 09:07:34 - [TEST_STEP][PASSED] - setText(findTestObject("Page_My account  Katalon Shop/input__password"), password): Text 'crz7mrb.KNG3yxv1fbn' is set on object 'Object Repository/Page_My account  Katalon Shop/input__password'

2023-06-21 09:07:40 - [MESSAGE][PASSED] - Text 'crz7mrb.KNG3yxv1fbn' is set on object 'Object Repository/Page_My account  Katalon Shop/input__password'

2023-06-21 09:07:40 - [TEST_STEP][PASSED] - click(findTestObject("Page_My account  Katalon Shop/input__rememberme")): Object: 'Object Repository/Page_My account  Katalon Shop/input__rememberme' is clicked on

2023-06-21 09:07:44 - [MESSAGE][PASSED] - Object: 'Object Repository/Page_My account  Katalon Shop/input__rememberme' is clicked on

2023-06-21 09:07:44 - [TEST_STEP][PASSED] - click(findTestObject("Page_My account  Katalon Shop/button_Log in")): Object: 'Object Repository/Page_My account  Katalon Shop/button_Log in' is clicked on

2023-06-21 09:07:49 - [MESSAGE][PASSED] - Object: 'Object Repository/Page_My account  Katalon Shop/button_Log in' is clicked on

2023-06-21 09:07:49 - [TEST_STEP][PASSED] - getText(findTestObject("Object Repository/Page_My account  Katalon Shop/Page_My account  Katalon Shop/strong_KatalonLover"), STOP_ON_FAILURE): Text of object 'Object Repository/Page_My account  Katalon Shop/Page_My account  Katalon Shop/strong_KatalonLover' is: 'KatalonLover'

2023-06-21 09:07:49 - [MESSAGE][PASSED] - Text of object 'Object Repository/Page_My account  Katalon Shop/Page_My account  Katalon Shop/strong_KatalonLover' is: 'KatalonLover'

2023-06-21 09:07:49 - [TEST_STEP][PASSED] - responseString = "KatalonLover": null

2023-06-21 09:07:49 - [TEST_STEP][PASSED] - expectedString = "katalonlover": null

2023-06-21 09:07:49 - [TEST_STEP][PASSED] - if (responseString.toUpperCase() == expectedString): null

2023-06-21 09:07:49 - [TEST_STEP][PASSED] - else: null

2023-06-21 09:07:49 - [TEST_STEP][PASSED] - println("Response is not correct"): null

2023-06-21 09:07:49 - [TEST_STEP][PASSED] - closeBrowser(): Browser is closed

2023-06-21 09:07:49 - [MESSAGE][PASSED] - Browser is closed]]></system-out>
         <system-err><![CDATA[]]></system-err>
      </testcase>
      <system-out><![CDATA[2023-06-21 09:06:58 - [TEST_SUITE][PASSED] - TS_Account: Test Cases/Account/Login fails]]></system-out>
      <system-err><![CDATA[]]></system-err>
   </testsuite>
</testsuites>
