<?xml version="1.0" encoding="UTF-8"?>
<testsuites name="TS_Visual Testing" time="5.777" tests="1" failures="1" errors="0">
   <testsuite name="TS_Visual Testing" tests="1" failures="1" errors="0" time="5.777" skipped="0" timestamp="2023-05-10 17:09:05" hostname="thanh.pnguyen - c02gx0x6q05n.lan" id="Test Suites/VS_folder/TS_Visual Testing">
      <properties>
         <property name="deviceName" value=""/>
         <property name="devicePlatform" value=""/>
         <property name="logFolder" value="/Users/thanh.pnguyen/Documents/Katalon/Certificate/Reports/20230510_170853/VS_folder/TS_Visual Testing/20230510_170853"/>
         <property name="logFiles" value="/Users/thanh.pnguyen/Documents/Katalon/Certificate/Reports/20230510_170853/VS_folder/TS_Visual Testing/20230510_170853/execution0.log"/>
         <property name="attachments" value=""/>
         <property name="hostName" value="thanh.pnguyen - c02gx0x6q05n.lan"/>
         <property name="hostAddress" value="172.16.0.197"/>
         <property name="os" value="Mac OS X 64bit"/>
         <property name="katalonVersion" value="8.6.0.208"/>
      </properties>
      <testcase name="Test Cases/Visual Testing/VS_Demo" time="5.301" classname="Test Cases/Visual Testing/VS_Demo" status="FAILED">
         <failure type="FAILED" message="Test Cases/Visual Testing/VS_Demo FAILED.
Reason:
com.kms.katalon.core.exception.StepFailedException: Unable to open browser with url: ''
	at com.kms.katalon.core.webui.keyword.internal.WebUIKeywordMain.stepFailed(WebUIKeywordMain.groovy:64)
	at com.kms.katalon.core.webui.keyword.internal.WebUIKeywordMain.runKeyword(WebUIKeywordMain.groovy:26)
	at com.kms.katalon.core.webui.keyword.builtin.OpenBrowserKeyword.openBrowser(OpenBrowserKeyword.groovy:81)
	at com.kms.katalon.core.webui.keyword.builtin.OpenBrowserKeyword.execute(OpenBrowserKeyword.groovy:67)
	at com.kms.katalon.core.keyword.internal.KeywordExecutor.executeKeywordForPlatform(KeywordExecutor.groovy:74)
	at com.kms.katalon.core.webui.keyword.WebUiBuiltInKeywords.openBrowser(WebUiBuiltInKeywords.groovy:64)
	at com.kms.katalon.core.webui.keyword.WebUiBuiltInKeywords$openBrowser.call(Unknown Source)
	at VS_Demo.run(VS_Demo:20)
	at com.kms.katalon.core.main.ScriptEngine.run(ScriptEngine.java:194)
	at com.kms.katalon.core.main.ScriptEngine.runScriptAsRawText(ScriptEngine.java:119)
	at com.kms.katalon.core.main.TestCaseExecutor.runScript(TestCaseExecutor.java:448)
	at com.kms.katalon.core.main.TestCaseExecutor.doExecute(TestCaseExecutor.java:439)
	at com.kms.katalon.core.main.TestCaseExecutor.processExecutionPhase(TestCaseExecutor.java:418)
	at com.kms.katalon.core.main.TestCaseExecutor.accessMainPhase(TestCaseExecutor.java:410)
	at com.kms.katalon.core.main.TestCaseExecutor.execute(TestCaseExecutor.java:285)
	at com.kms.katalon.core.common.CommonExecutor.accessTestCaseMainPhase(CommonExecutor.java:65)
	at com.kms.katalon.core.main.TestSuiteExecutor.accessTestSuiteMainPhase(TestSuiteExecutor.java:148)
	at com.kms.katalon.core.main.TestSuiteExecutor.execute(TestSuiteExecutor.java:106)
	at com.kms.katalon.core.main.TestCaseMain.startTestSuite(TestCaseMain.java:187)
	at com.kms.katalon.core.main.TestCaseMain$startTestSuite$0.call(Unknown Source)
	at TempTestSuite1683713333414.run(TempTestSuite1683713333414.groovy:36)
Caused by: com.github.kklisura.cdt.services.exceptions.ChromeServiceException: Failed connecting to tab web socket.
	at com.github.kklisura.cdt.services.impl.ChromeServiceImpl.createDevToolsService(ChromeServiceImpl.java:206)
	at com.github.kklisura.cdt.services.impl.ChromeServiceImpl.createDevToolsService(ChromeServiceImpl.java:161)
	at com.kms.katalon.core.util.CDTUtils.getService(CDTUtils.java:41)
	at com.kms.katalon.core.webui.driver.DriverFactory.addKatalonExtensionNativelyToChromium(DriverFactory.java:489)
	at com.kms.katalon.core.webui.driver.DriverFactory.createNewChromeDriver(DriverFactory.java:443)
	at com.kms.katalon.core.webui.driver.DriverFactory.startNewBrowser(DriverFactory.java:375)
	at com.kms.katalon.core.webui.driver.DriverFactory.openWebDriver(DriverFactory.java:264)
	at com.kms.katalon.core.webui.keyword.builtin.OpenBrowserKeyword$_openBrowser_closure1.doCall(OpenBrowserKeyword.groovy:74)
	at com.kms.katalon.core.webui.keyword.builtin.OpenBrowserKeyword$_openBrowser_closure1.call(OpenBrowserKeyword.groovy)
	at com.kms.katalon.core.webui.keyword.internal.WebUIKeywordMain.runKeyword(WebUIKeywordMain.groovy:20)
	at com.kms.katalon.core.webui.keyword.builtin.OpenBrowserKeyword.openBrowser(OpenBrowserKeyword.groovy:81)
	at com.kms.katalon.core.webui.keyword.builtin.OpenBrowserKeyword.execute(OpenBrowserKeyword.groovy:67)
	at com.kms.katalon.core.keyword.internal.KeywordExecutor.executeKeywordForPlatform(KeywordExecutor.groovy:74)
	at com.kms.katalon.core.webui.keyword.WebUiBuiltInKeywords.openBrowser(WebUiBuiltInKeywords.groovy:64)
	at com.kms.katalon.core.webui.keyword.WebUiBuiltInKeywords$openBrowser.call(Unknown Source)
	at Script1683712192181.run(Script1683712192181.groovy:20)
	... 13 more
Caused by: com.github.kklisura.cdt.services.exceptions.WebSocketServiceException: Failed connecting to ws server {}
	at com.github.kklisura.cdt.services.impl.WebSocketServiceImpl.connect(WebSocketServiceImpl.java:120)
	at com.github.kklisura.cdt.services.impl.WebSocketServiceImpl.create(WebSocketServiceImpl.java:86)
	at com.github.kklisura.cdt.services.impl.ChromeServiceImpl.lambda$new$0(ChromeServiceImpl.java:94)
	at com.github.kklisura.cdt.services.impl.ChromeServiceImpl.createDevToolsService(ChromeServiceImpl.java:176)
	... 28 more
Caused by: javax.websocket.DeploymentException: Handshake error.
	at org.glassfish.tyrus.client.ClientManager$3$1.run(ClientManager.java:679)
	at org.glassfish.tyrus.client.ClientManager$3.run(ClientManager.java:717)
	at org.glassfish.tyrus.client.ClientManager$SameThreadExecutorService.execute(ClientManager.java:871)
	at org.glassfish.tyrus.client.ClientManager.connectToServer(ClientManager.java:516)
	at org.glassfish.tyrus.client.ClientManager.connectToServer(ClientManager.java:378)
	at com.github.kklisura.cdt.services.impl.WebSocketServiceImpl.connect(WebSocketServiceImpl.java:98)
	... 31 more
Caused by: org.glassfish.tyrus.core.HandshakeException: Response code was not 101: 403.
	at org.glassfish.tyrus.client.TyrusClientEngine.processResponse(TyrusClientEngine.java:320)
	at org.glassfish.tyrus.container.grizzly.client.GrizzlyClientFilter.handleHandshake(GrizzlyClientFilter.java:346)
	at org.glassfish.tyrus.container.grizzly.client.GrizzlyClientFilter.handleRead(GrizzlyClientFilter.java:315)
	at org.glassfish.grizzly.filterchain.ExecutorResolver$9.execute(ExecutorResolver.java:119)
	at org.glassfish.grizzly.filterchain.DefaultFilterChain.executeFilter(DefaultFilterChain.java:284)
	at org.glassfish.grizzly.filterchain.DefaultFilterChain.executeChainPart(DefaultFilterChain.java:201)
	at org.glassfish.grizzly.filterchain.DefaultFilterChain.execute(DefaultFilterChain.java:133)
	at org.glassfish.grizzly.filterchain.DefaultFilterChain.process(DefaultFilterChain.java:112)
	at org.glassfish.grizzly.ProcessorExecutor.execute(ProcessorExecutor.java:77)
	at org.glassfish.grizzly.nio.transport.TCPNIOTransport.fireIOEvent(TCPNIOTransport.java:526)
	at org.glassfish.grizzly.strategies.AbstractIOStrategy.fireIOEvent(AbstractIOStrategy.java:112)
	at org.glassfish.grizzly.strategies.WorkerThreadIOStrategy.run0(WorkerThreadIOStrategy.java:117)
	at org.glassfish.grizzly.strategies.WorkerThreadIOStrategy.access$100(WorkerThreadIOStrategy.java:56)
	at org.glassfish.grizzly.strategies.WorkerThreadIOStrategy$WorkerThreadRunnable.run(WorkerThreadIOStrategy.java:137)
	at org.glassfish.grizzly.threadpool.AbstractThreadPool$Worker.doWork(AbstractThreadPool.java:591)
	at org.glassfish.grizzly.threadpool.AbstractThreadPool$Worker.run(AbstractThreadPool.java:571)
"/>
         <system-out><![CDATA[2023-05-10 17:09:06 - [TEST_CASE][FAILED] - Test Cases/Visual Testing/VS_Demo: Test Cases/Visual Testing/VS_Demo FAILED.
Reason:
com.kms.katalon.core.exception.StepFailedException: Unable to open browser with url: ''
	at com.kms.katalon.core.webui.keyword.internal.WebUIKeywordMain.stepFailed(WebUIKeywordMain.groovy:64)
	at com.kms.katalon.core.webui.keyword.internal.WebUIKeywordMain.runKeyword(WebUIKeywordMain.groovy:26)
	at com.kms.katalon.core.webui.keyword.builtin.OpenBrowserKeyword.openBrowser(OpenBrowserKeyword.groovy:81)
	at com.kms.katalon.core.webui.keyword.builtin.OpenBrowserKeyword.execute(OpenBrowserKeyword.groovy:67)
	at com.kms.katalon.core.keyword.internal.KeywordExecutor.executeKeywordForPlatform(KeywordExecutor.groovy:74)
	at com.kms.katalon.core.webui.keyword.WebUiBuiltInKeywords.openBrowser(WebUiBuiltInKeywords.groovy:64)
	at com.kms.katalon.core.webui.keyword.WebUiBuiltInKeywords$openBrowser.call(Unknown Source)
	at VS_Demo.run(VS_Demo:20)
	at com.kms.katalon.core.main.ScriptEngine.run(ScriptEngine.java:194)
	at com.kms.katalon.core.main.ScriptEngine.runScriptAsRawText(ScriptEngine.java:119)
	at com.kms.katalon.core.main.TestCaseExecutor.runScript(TestCaseExecutor.java:448)
	at com.kms.katalon.core.main.TestCaseExecutor.doExecute(TestCaseExecutor.java:439)
	at com.kms.katalon.core.main.TestCaseExecutor.processExecutionPhase(TestCaseExecutor.java:418)
	at com.kms.katalon.core.main.TestCaseExecutor.accessMainPhase(TestCaseExecutor.java:410)
	at com.kms.katalon.core.main.TestCaseExecutor.execute(TestCaseExecutor.java:285)
	at com.kms.katalon.core.common.CommonExecutor.accessTestCaseMainPhase(CommonExecutor.java:65)
	at com.kms.katalon.core.main.TestSuiteExecutor.accessTestSuiteMainPhase(TestSuiteExecutor.java:148)
	at com.kms.katalon.core.main.TestSuiteExecutor.execute(TestSuiteExecutor.java:106)
	at com.kms.katalon.core.main.TestCaseMain.startTestSuite(TestCaseMain.java:187)
	at com.kms.katalon.core.main.TestCaseMain$startTestSuite$0.call(Unknown Source)
	at TempTestSuite1683713333414.run(TempTestSuite1683713333414.groovy:36)
Caused by: com.github.kklisura.cdt.services.exceptions.ChromeServiceException: Failed connecting to tab web socket.
	at com.github.kklisura.cdt.services.impl.ChromeServiceImpl.createDevToolsService(ChromeServiceImpl.java:206)
	at com.github.kklisura.cdt.services.impl.ChromeServiceImpl.createDevToolsService(ChromeServiceImpl.java:161)
	at com.kms.katalon.core.util.CDTUtils.getService(CDTUtils.java:41)
	at com.kms.katalon.core.webui.driver.DriverFactory.addKatalonExtensionNativelyToChromium(DriverFactory.java:489)
	at com.kms.katalon.core.webui.driver.DriverFactory.createNewChromeDriver(DriverFactory.java:443)
	at com.kms.katalon.core.webui.driver.DriverFactory.startNewBrowser(DriverFactory.java:375)
	at com.kms.katalon.core.webui.driver.DriverFactory.openWebDriver(DriverFactory.java:264)
	at com.kms.katalon.core.webui.keyword.builtin.OpenBrowserKeyword$_openBrowser_closure1.doCall(OpenBrowserKeyword.groovy:74)
	at com.kms.katalon.core.webui.keyword.builtin.OpenBrowserKeyword$_openBrowser_closure1.call(OpenBrowserKeyword.groovy)
	at com.kms.katalon.core.webui.keyword.internal.WebUIKeywordMain.runKeyword(WebUIKeywordMain.groovy:20)
	at com.kms.katalon.core.webui.keyword.builtin.OpenBrowserKeyword.openBrowser(OpenBrowserKeyword.groovy:81)
	at com.kms.katalon.core.webui.keyword.builtin.OpenBrowserKeyword.execute(OpenBrowserKeyword.groovy:67)
	at com.kms.katalon.core.keyword.internal.KeywordExecutor.executeKeywordForPlatform(KeywordExecutor.groovy:74)
	at com.kms.katalon.core.webui.keyword.WebUiBuiltInKeywords.openBrowser(WebUiBuiltInKeywords.groovy:64)
	at com.kms.katalon.core.webui.keyword.WebUiBuiltInKeywords$openBrowser.call(Unknown Source)
	at Script1683712192181.run(Script1683712192181.groovy:20)
	... 13 more
Caused by: com.github.kklisura.cdt.services.exceptions.WebSocketServiceException: Failed connecting to ws server {}
	at com.github.kklisura.cdt.services.impl.WebSocketServiceImpl.connect(WebSocketServiceImpl.java:120)
	at com.github.kklisura.cdt.services.impl.WebSocketServiceImpl.create(WebSocketServiceImpl.java:86)
	at com.github.kklisura.cdt.services.impl.ChromeServiceImpl.lambda$new$0(ChromeServiceImpl.java:94)
	at com.github.kklisura.cdt.services.impl.ChromeServiceImpl.createDevToolsService(ChromeServiceImpl.java:176)
	... 28 more
Caused by: javax.websocket.DeploymentException: Handshake error.
	at org.glassfish.tyrus.client.ClientManager$3$1.run(ClientManager.java:679)
	at org.glassfish.tyrus.client.ClientManager$3.run(ClientManager.java:717)
	at org.glassfish.tyrus.client.ClientManager$SameThreadExecutorService.execute(ClientManager.java:871)
	at org.glassfish.tyrus.client.ClientManager.connectToServer(ClientManager.java:516)
	at org.glassfish.tyrus.client.ClientManager.connectToServer(ClientManager.java:378)
	at com.github.kklisura.cdt.services.impl.WebSocketServiceImpl.connect(WebSocketServiceImpl.java:98)
	... 31 more
Caused by: org.glassfish.tyrus.core.HandshakeException: Response code was not 101: 403.
	at org.glassfish.tyrus.client.TyrusClientEngine.processResponse(TyrusClientEngine.java:320)
	at org.glassfish.tyrus.container.grizzly.client.GrizzlyClientFilter.handleHandshake(GrizzlyClientFilter.java:346)
	at org.glassfish.tyrus.container.grizzly.client.GrizzlyClientFilter.handleRead(GrizzlyClientFilter.java:315)
	at org.glassfish.grizzly.filterchain.ExecutorResolver$9.execute(ExecutorResolver.java:119)
	at org.glassfish.grizzly.filterchain.DefaultFilterChain.executeFilter(DefaultFilterChain.java:284)
	at org.glassfish.grizzly.filterchain.DefaultFilterChain.executeChainPart(DefaultFilterChain.java:201)
	at org.glassfish.grizzly.filterchain.DefaultFilterChain.execute(DefaultFilterChain.java:133)
	at org.glassfish.grizzly.filterchain.DefaultFilterChain.process(DefaultFilterChain.java:112)
	at org.glassfish.grizzly.ProcessorExecutor.execute(ProcessorExecutor.java:77)
	at org.glassfish.grizzly.nio.transport.TCPNIOTransport.fireIOEvent(TCPNIOTransport.java:526)
	at org.glassfish.grizzly.strategies.AbstractIOStrategy.fireIOEvent(AbstractIOStrategy.java:112)
	at org.glassfish.grizzly.strategies.WorkerThreadIOStrategy.run0(WorkerThreadIOStrategy.java:117)
	at org.glassfish.grizzly.strategies.WorkerThreadIOStrategy.access$100(WorkerThreadIOStrategy.java:56)
	at org.glassfish.grizzly.strategies.WorkerThreadIOStrategy$WorkerThreadRunnable.run(WorkerThreadIOStrategy.java:137)
	at org.glassfish.grizzly.threadpool.AbstractThreadPool$Worker.doWork(AbstractThreadPool.java:591)
	at org.glassfish.grizzly.threadpool.AbstractThreadPool$Worker.run(AbstractThreadPool.java:571)


2023-05-10 17:09:06 - [TEST_STEP][FAILED] - openBrowser(""): Unable to open browser with url: '' (Root cause: com.kms.katalon.core.exception.StepFailedException: Unable to open browser with url: ''
	at com.kms.katalon.core.webui.keyword.internal.WebUIKeywordMain.stepFailed(WebUIKeywordMain.groovy:64)
	at com.kms.katalon.core.webui.keyword.internal.WebUIKeywordMain.runKeyword(WebUIKeywordMain.groovy:26)
	at com.kms.katalon.core.webui.keyword.builtin.OpenBrowserKeyword.openBrowser(OpenBrowserKeyword.groovy:81)
	at com.kms.katalon.core.webui.keyword.builtin.OpenBrowserKeyword.execute(OpenBrowserKeyword.groovy:67)
	at com.kms.katalon.core.keyword.internal.KeywordExecutor.executeKeywordForPlatform(KeywordExecutor.groovy:74)
	at com.kms.katalon.core.webui.keyword.WebUiBuiltInKeywords.openBrowser(WebUiBuiltInKeywords.groovy:64)
	at com.kms.katalon.core.webui.keyword.WebUiBuiltInKeywords$openBrowser.call(Unknown Source)
	at VS_Demo.run(VS_Demo:20)
	at com.kms.katalon.core.main.ScriptEngine.run(ScriptEngine.java:194)
	at com.kms.katalon.core.main.ScriptEngine.runScriptAsRawText(ScriptEngine.java:119)
	at com.kms.katalon.core.main.TestCaseExecutor.runScript(TestCaseExecutor.java:448)
	at com.kms.katalon.core.main.TestCaseExecutor.doExecute(TestCaseExecutor.java:439)
	at com.kms.katalon.core.main.TestCaseExecutor.processExecutionPhase(TestCaseExecutor.java:418)
	at com.kms.katalon.core.main.TestCaseExecutor.accessMainPhase(TestCaseExecutor.java:410)
	at com.kms.katalon.core.main.TestCaseExecutor.execute(TestCaseExecutor.java:285)
	at com.kms.katalon.core.common.CommonExecutor.accessTestCaseMainPhase(CommonExecutor.java:65)
	at com.kms.katalon.core.main.TestSuiteExecutor.accessTestSuiteMainPhase(TestSuiteExecutor.java:148)
	at com.kms.katalon.core.main.TestSuiteExecutor.execute(TestSuiteExecutor.java:106)
	at com.kms.katalon.core.main.TestCaseMain.startTestSuite(TestCaseMain.java:187)
	at com.kms.katalon.core.main.TestCaseMain$startTestSuite$0.call(Unknown Source)
	at TempTestSuite1683713333414.run(TempTestSuite1683713333414.groovy:36)
Caused by: com.github.kklisura.cdt.services.exceptions.ChromeServiceException: Failed connecting to tab web socket.
	at com.github.kklisura.cdt.services.impl.ChromeServiceImpl.createDevToolsService(ChromeServiceImpl.java:206)
	at com.github.kklisura.cdt.services.impl.ChromeServiceImpl.createDevToolsService(ChromeServiceImpl.java:161)
	at com.kms.katalon.core.util.CDTUtils.getService(CDTUtils.java:41)
	at com.kms.katalon.core.webui.driver.DriverFactory.addKatalonExtensionNativelyToChromium(DriverFactory.java:489)
	at com.kms.katalon.core.webui.driver.DriverFactory.createNewChromeDriver(DriverFactory.java:443)
	at com.kms.katalon.core.webui.driver.DriverFactory.startNewBrowser(DriverFactory.java:375)
	at com.kms.katalon.core.webui.driver.DriverFactory.openWebDriver(DriverFactory.java:264)
	at com.kms.katalon.core.webui.keyword.builtin.OpenBrowserKeyword$_openBrowser_closure1.doCall(OpenBrowserKeyword.groovy:74)
	at com.kms.katalon.core.webui.keyword.builtin.OpenBrowserKeyword$_openBrowser_closure1.call(OpenBrowserKeyword.groovy)
	at com.kms.katalon.core.webui.keyword.internal.WebUIKeywordMain.runKeyword(WebUIKeywordMain.groovy:20)
	at com.kms.katalon.core.webui.keyword.builtin.OpenBrowserKeyword.openBrowser(OpenBrowserKeyword.groovy:81)
	at com.kms.katalon.core.webui.keyword.builtin.OpenBrowserKeyword.execute(OpenBrowserKeyword.groovy:67)
	at com.kms.katalon.core.keyword.internal.KeywordExecutor.executeKeywordForPlatform(KeywordExecutor.groovy:74)
	at com.kms.katalon.core.webui.keyword.WebUiBuiltInKeywords.openBrowser(WebUiBuiltInKeywords.groovy:64)
	at com.kms.katalon.core.webui.keyword.WebUiBuiltInKeywords$openBrowser.call(Unknown Source)
	at Script1683712192181.run(Script1683712192181.groovy:20)
	... 13 more
Caused by: com.github.kklisura.cdt.services.exceptions.WebSocketServiceException: Failed connecting to ws server {}
	at com.github.kklisura.cdt.services.impl.WebSocketServiceImpl.connect(WebSocketServiceImpl.java:120)
	at com.github.kklisura.cdt.services.impl.WebSocketServiceImpl.create(WebSocketServiceImpl.java:86)
	at com.github.kklisura.cdt.services.impl.ChromeServiceImpl.lambda$new$0(ChromeServiceImpl.java:94)
	at com.github.kklisura.cdt.services.impl.ChromeServiceImpl.createDevToolsService(ChromeServiceImpl.java:176)
	... 28 more
Caused by: javax.websocket.DeploymentException: Handshake error.
	at org.glassfish.tyrus.client.ClientManager$3$1.run(ClientManager.java:679)
	at org.glassfish.tyrus.client.ClientManager$3.run(ClientManager.java:717)
	at org.glassfish.tyrus.client.ClientManager$SameThreadExecutorService.execute(ClientManager.java:871)
	at org.glassfish.tyrus.client.ClientManager.connectToServer(ClientManager.java:516)
	at org.glassfish.tyrus.client.ClientManager.connectToServer(ClientManager.java:378)
	at com.github.kklisura.cdt.services.impl.WebSocketServiceImpl.connect(WebSocketServiceImpl.java:98)
	... 31 more
Caused by: org.glassfish.tyrus.core.HandshakeException: Response code was not 101: 403.
	at org.glassfish.tyrus.client.TyrusClientEngine.processResponse(TyrusClientEngine.java:320)
	at org.glassfish.tyrus.container.grizzly.client.GrizzlyClientFilter.handleHandshake(GrizzlyClientFilter.java:346)
	at org.glassfish.tyrus.container.grizzly.client.GrizzlyClientFilter.handleRead(GrizzlyClientFilter.java:315)
	at org.glassfish.grizzly.filterchain.ExecutorResolver$9.execute(ExecutorResolver.java:119)
	at org.glassfish.grizzly.filterchain.DefaultFilterChain.executeFilter(DefaultFilterChain.java:284)
	at org.glassfish.grizzly.filterchain.DefaultFilterChain.executeChainPart(DefaultFilterChain.java:201)
	at org.glassfish.grizzly.filterchain.DefaultFilterChain.execute(DefaultFilterChain.java:133)
	at org.glassfish.grizzly.filterchain.DefaultFilterChain.process(DefaultFilterChain.java:112)
	at org.glassfish.grizzly.ProcessorExecutor.execute(ProcessorExecutor.java:77)
	at org.glassfish.grizzly.nio.transport.TCPNIOTransport.fireIOEvent(TCPNIOTransport.java:526)
	at org.glassfish.grizzly.strategies.AbstractIOStrategy.fireIOEvent(AbstractIOStrategy.java:112)
	at org.glassfish.grizzly.strategies.WorkerThreadIOStrategy.run0(WorkerThreadIOStrategy.java:117)
	at org.glassfish.grizzly.strategies.WorkerThreadIOStrategy.access$100(WorkerThreadIOStrategy.java:56)
	at org.glassfish.grizzly.strategies.WorkerThreadIOStrategy$WorkerThreadRunnable.run(WorkerThreadIOStrategy.java:137)
	at org.glassfish.grizzly.threadpool.AbstractThreadPool$Worker.doWork(AbstractThreadPool.java:591)
	at org.glassfish.grizzly.threadpool.AbstractThreadPool$Worker.run(AbstractThreadPool.java:571)
)

2023-05-10 17:09:06 - [MESSAGE][INFO] - Starting 'Chrome' driver

2023-05-10 17:09:06 - [MESSAGE][INFO] - User set preference: ['args', '[--headless, --no-sandbox, --disable-dev-shm-usage, --disable-gpu, --disable-extensions, --remote-debugging-port=9222, --crash-dump-dir=/tmp]']

2023-05-10 17:09:06 - [MESSAGE][INFO] - User set preference: ['useAutomationExtension', 'false']

2023-05-10 17:09:07 - [MESSAGE][INFO] - Action delay is set to 0 milliseconds

2023-05-10 17:09:11 - [MESSAGE][FAILED] - Unable to open browser with url: '' (Root cause: com.kms.katalon.core.exception.StepFailedException: Unable to open browser with url: ''
	at com.kms.katalon.core.webui.keyword.internal.WebUIKeywordMain.stepFailed(WebUIKeywordMain.groovy:64)
	at com.kms.katalon.core.webui.keyword.internal.WebUIKeywordMain.runKeyword(WebUIKeywordMain.groovy:26)
	at com.kms.katalon.core.webui.keyword.builtin.OpenBrowserKeyword.openBrowser(OpenBrowserKeyword.groovy:81)
	at com.kms.katalon.core.webui.keyword.builtin.OpenBrowserKeyword.execute(OpenBrowserKeyword.groovy:67)
	at com.kms.katalon.core.keyword.internal.KeywordExecutor.executeKeywordForPlatform(KeywordExecutor.groovy:74)
	at com.kms.katalon.core.webui.keyword.WebUiBuiltInKeywords.openBrowser(WebUiBuiltInKeywords.groovy:64)
	at com.kms.katalon.core.webui.keyword.WebUiBuiltInKeywords$openBrowser.call(Unknown Source)
	at VS_Demo.run(VS_Demo:20)
	at com.kms.katalon.core.main.ScriptEngine.run(ScriptEngine.java:194)
	at com.kms.katalon.core.main.ScriptEngine.runScriptAsRawText(ScriptEngine.java:119)
	at com.kms.katalon.core.main.TestCaseExecutor.runScript(TestCaseExecutor.java:448)
	at com.kms.katalon.core.main.TestCaseExecutor.doExecute(TestCaseExecutor.java:439)
	at com.kms.katalon.core.main.TestCaseExecutor.processExecutionPhase(TestCaseExecutor.java:418)
	at com.kms.katalon.core.main.TestCaseExecutor.accessMainPhase(TestCaseExecutor.java:410)
	at com.kms.katalon.core.main.TestCaseExecutor.execute(TestCaseExecutor.java:285)
	at com.kms.katalon.core.common.CommonExecutor.accessTestCaseMainPhase(CommonExecutor.java:65)
	at com.kms.katalon.core.main.TestSuiteExecutor.accessTestSuiteMainPhase(TestSuiteExecutor.java:148)
	at com.kms.katalon.core.main.TestSuiteExecutor.execute(TestSuiteExecutor.java:106)
	at com.kms.katalon.core.main.TestCaseMain.startTestSuite(TestCaseMain.java:187)
	at com.kms.katalon.core.main.TestCaseMain$startTestSuite$0.call(Unknown Source)
	at TempTestSuite1683713333414.run(TempTestSuite1683713333414.groovy:36)
Caused by: com.github.kklisura.cdt.services.exceptions.ChromeServiceException: Failed connecting to tab web socket.
	at com.github.kklisura.cdt.services.impl.ChromeServiceImpl.createDevToolsService(ChromeServiceImpl.java:206)
	at com.github.kklisura.cdt.services.impl.ChromeServiceImpl.createDevToolsService(ChromeServiceImpl.java:161)
	at com.kms.katalon.core.util.CDTUtils.getService(CDTUtils.java:41)
	at com.kms.katalon.core.webui.driver.DriverFactory.addKatalonExtensionNativelyToChromium(DriverFactory.java:489)
	at com.kms.katalon.core.webui.driver.DriverFactory.createNewChromeDriver(DriverFactory.java:443)
	at com.kms.katalon.core.webui.driver.DriverFactory.startNewBrowser(DriverFactory.java:375)
	at com.kms.katalon.core.webui.driver.DriverFactory.openWebDriver(DriverFactory.java:264)
	at com.kms.katalon.core.webui.keyword.builtin.OpenBrowserKeyword$_openBrowser_closure1.doCall(OpenBrowserKeyword.groovy:74)
	at com.kms.katalon.core.webui.keyword.builtin.OpenBrowserKeyword$_openBrowser_closure1.call(OpenBrowserKeyword.groovy)
	at com.kms.katalon.core.webui.keyword.internal.WebUIKeywordMain.runKeyword(WebUIKeywordMain.groovy:20)
	at com.kms.katalon.core.webui.keyword.builtin.OpenBrowserKeyword.openBrowser(OpenBrowserKeyword.groovy:81)
	at com.kms.katalon.core.webui.keyword.builtin.OpenBrowserKeyword.execute(OpenBrowserKeyword.groovy:67)
	at com.kms.katalon.core.keyword.internal.KeywordExecutor.executeKeywordForPlatform(KeywordExecutor.groovy:74)
	at com.kms.katalon.core.webui.keyword.WebUiBuiltInKeywords.openBrowser(WebUiBuiltInKeywords.groovy:64)
	at com.kms.katalon.core.webui.keyword.WebUiBuiltInKeywords$openBrowser.call(Unknown Source)
	at Script1683712192181.run(Script1683712192181.groovy:20)
	... 13 more
Caused by: com.github.kklisura.cdt.services.exceptions.WebSocketServiceException: Failed connecting to ws server {}
	at com.github.kklisura.cdt.services.impl.WebSocketServiceImpl.connect(WebSocketServiceImpl.java:120)
	at com.github.kklisura.cdt.services.impl.WebSocketServiceImpl.create(WebSocketServiceImpl.java:86)
	at com.github.kklisura.cdt.services.impl.ChromeServiceImpl.lambda$new$0(ChromeServiceImpl.java:94)
	at com.github.kklisura.cdt.services.impl.ChromeServiceImpl.createDevToolsService(ChromeServiceImpl.java:176)
	... 28 more
Caused by: javax.websocket.DeploymentException: Handshake error.
	at org.glassfish.tyrus.client.ClientManager$3$1.run(ClientManager.java:679)
	at org.glassfish.tyrus.client.ClientManager$3.run(ClientManager.java:717)
	at org.glassfish.tyrus.client.ClientManager$SameThreadExecutorService.execute(ClientManager.java:871)
	at org.glassfish.tyrus.client.ClientManager.connectToServer(ClientManager.java:516)
	at org.glassfish.tyrus.client.ClientManager.connectToServer(ClientManager.java:378)
	at com.github.kklisura.cdt.services.impl.WebSocketServiceImpl.connect(WebSocketServiceImpl.java:98)
	... 31 more
Caused by: org.glassfish.tyrus.core.HandshakeException: Response code was not 101: 403.
	at org.glassfish.tyrus.client.TyrusClientEngine.processResponse(TyrusClientEngine.java:320)
	at org.glassfish.tyrus.container.grizzly.client.GrizzlyClientFilter.handleHandshake(GrizzlyClientFilter.java:346)
	at org.glassfish.tyrus.container.grizzly.client.GrizzlyClientFilter.handleRead(GrizzlyClientFilter.java:315)
	at org.glassfish.grizzly.filterchain.ExecutorResolver$9.execute(ExecutorResolver.java:119)
	at org.glassfish.grizzly.filterchain.DefaultFilterChain.executeFilter(DefaultFilterChain.java:284)
	at org.glassfish.grizzly.filterchain.DefaultFilterChain.executeChainPart(DefaultFilterChain.java:201)
	at org.glassfish.grizzly.filterchain.DefaultFilterChain.execute(DefaultFilterChain.java:133)
	at org.glassfish.grizzly.filterchain.DefaultFilterChain.process(DefaultFilterChain.java:112)
	at org.glassfish.grizzly.ProcessorExecutor.execute(ProcessorExecutor.java:77)
	at org.glassfish.grizzly.nio.transport.TCPNIOTransport.fireIOEvent(TCPNIOTransport.java:526)
	at org.glassfish.grizzly.strategies.AbstractIOStrategy.fireIOEvent(AbstractIOStrategy.java:112)
	at org.glassfish.grizzly.strategies.WorkerThreadIOStrategy.run0(WorkerThreadIOStrategy.java:117)
	at org.glassfish.grizzly.strategies.WorkerThreadIOStrategy.access$100(WorkerThreadIOStrategy.java:56)
	at org.glassfish.grizzly.strategies.WorkerThreadIOStrategy$WorkerThreadRunnable.run(WorkerThreadIOStrategy.java:137)
	at org.glassfish.grizzly.threadpool.AbstractThreadPool$Worker.doWork(AbstractThreadPool.java:591)
	at org.glassfish.grizzly.threadpool.AbstractThreadPool$Worker.run(AbstractThreadPool.java:571)
)]]></system-out>
         <system-err><![CDATA[2023-05-10 17:09:06 - [TEST_CASE][FAILED] - Test Cases/Visual Testing/VS_Demo: Test Cases/Visual Testing/VS_Demo FAILED.
Reason:
com.kms.katalon.core.exception.StepFailedException: Unable to open browser with url: ''
	at com.kms.katalon.core.webui.keyword.internal.WebUIKeywordMain.stepFailed(WebUIKeywordMain.groovy:64)
	at com.kms.katalon.core.webui.keyword.internal.WebUIKeywordMain.runKeyword(WebUIKeywordMain.groovy:26)
	at com.kms.katalon.core.webui.keyword.builtin.OpenBrowserKeyword.openBrowser(OpenBrowserKeyword.groovy:81)
	at com.kms.katalon.core.webui.keyword.builtin.OpenBrowserKeyword.execute(OpenBrowserKeyword.groovy:67)
	at com.kms.katalon.core.keyword.internal.KeywordExecutor.executeKeywordForPlatform(KeywordExecutor.groovy:74)
	at com.kms.katalon.core.webui.keyword.WebUiBuiltInKeywords.openBrowser(WebUiBuiltInKeywords.groovy:64)
	at com.kms.katalon.core.webui.keyword.WebUiBuiltInKeywords$openBrowser.call(Unknown Source)
	at VS_Demo.run(VS_Demo:20)
	at com.kms.katalon.core.main.ScriptEngine.run(ScriptEngine.java:194)
	at com.kms.katalon.core.main.ScriptEngine.runScriptAsRawText(ScriptEngine.java:119)
	at com.kms.katalon.core.main.TestCaseExecutor.runScript(TestCaseExecutor.java:448)
	at com.kms.katalon.core.main.TestCaseExecutor.doExecute(TestCaseExecutor.java:439)
	at com.kms.katalon.core.main.TestCaseExecutor.processExecutionPhase(TestCaseExecutor.java:418)
	at com.kms.katalon.core.main.TestCaseExecutor.accessMainPhase(TestCaseExecutor.java:410)
	at com.kms.katalon.core.main.TestCaseExecutor.execute(TestCaseExecutor.java:285)
	at com.kms.katalon.core.common.CommonExecutor.accessTestCaseMainPhase(CommonExecutor.java:65)
	at com.kms.katalon.core.main.TestSuiteExecutor.accessTestSuiteMainPhase(TestSuiteExecutor.java:148)
	at com.kms.katalon.core.main.TestSuiteExecutor.execute(TestSuiteExecutor.java:106)
	at com.kms.katalon.core.main.TestCaseMain.startTestSuite(TestCaseMain.java:187)
	at com.kms.katalon.core.main.TestCaseMain$startTestSuite$0.call(Unknown Source)
	at TempTestSuite1683713333414.run(TempTestSuite1683713333414.groovy:36)
Caused by: com.github.kklisura.cdt.services.exceptions.ChromeServiceException: Failed connecting to tab web socket.
	at com.github.kklisura.cdt.services.impl.ChromeServiceImpl.createDevToolsService(ChromeServiceImpl.java:206)
	at com.github.kklisura.cdt.services.impl.ChromeServiceImpl.createDevToolsService(ChromeServiceImpl.java:161)
	at com.kms.katalon.core.util.CDTUtils.getService(CDTUtils.java:41)
	at com.kms.katalon.core.webui.driver.DriverFactory.addKatalonExtensionNativelyToChromium(DriverFactory.java:489)
	at com.kms.katalon.core.webui.driver.DriverFactory.createNewChromeDriver(DriverFactory.java:443)
	at com.kms.katalon.core.webui.driver.DriverFactory.startNewBrowser(DriverFactory.java:375)
	at com.kms.katalon.core.webui.driver.DriverFactory.openWebDriver(DriverFactory.java:264)
	at com.kms.katalon.core.webui.keyword.builtin.OpenBrowserKeyword$_openBrowser_closure1.doCall(OpenBrowserKeyword.groovy:74)
	at com.kms.katalon.core.webui.keyword.builtin.OpenBrowserKeyword$_openBrowser_closure1.call(OpenBrowserKeyword.groovy)
	at com.kms.katalon.core.webui.keyword.internal.WebUIKeywordMain.runKeyword(WebUIKeywordMain.groovy:20)
	at com.kms.katalon.core.webui.keyword.builtin.OpenBrowserKeyword.openBrowser(OpenBrowserKeyword.groovy:81)
	at com.kms.katalon.core.webui.keyword.builtin.OpenBrowserKeyword.execute(OpenBrowserKeyword.groovy:67)
	at com.kms.katalon.core.keyword.internal.KeywordExecutor.executeKeywordForPlatform(KeywordExecutor.groovy:74)
	at com.kms.katalon.core.webui.keyword.WebUiBuiltInKeywords.openBrowser(WebUiBuiltInKeywords.groovy:64)
	at com.kms.katalon.core.webui.keyword.WebUiBuiltInKeywords$openBrowser.call(Unknown Source)
	at Script1683712192181.run(Script1683712192181.groovy:20)
	... 13 more
Caused by: com.github.kklisura.cdt.services.exceptions.WebSocketServiceException: Failed connecting to ws server {}
	at com.github.kklisura.cdt.services.impl.WebSocketServiceImpl.connect(WebSocketServiceImpl.java:120)
	at com.github.kklisura.cdt.services.impl.WebSocketServiceImpl.create(WebSocketServiceImpl.java:86)
	at com.github.kklisura.cdt.services.impl.ChromeServiceImpl.lambda$new$0(ChromeServiceImpl.java:94)
	at com.github.kklisura.cdt.services.impl.ChromeServiceImpl.createDevToolsService(ChromeServiceImpl.java:176)
	... 28 more
Caused by: javax.websocket.DeploymentException: Handshake error.
	at org.glassfish.tyrus.client.ClientManager$3$1.run(ClientManager.java:679)
	at org.glassfish.tyrus.client.ClientManager$3.run(ClientManager.java:717)
	at org.glassfish.tyrus.client.ClientManager$SameThreadExecutorService.execute(ClientManager.java:871)
	at org.glassfish.tyrus.client.ClientManager.connectToServer(ClientManager.java:516)
	at org.glassfish.tyrus.client.ClientManager.connectToServer(ClientManager.java:378)
	at com.github.kklisura.cdt.services.impl.WebSocketServiceImpl.connect(WebSocketServiceImpl.java:98)
	... 31 more
Caused by: org.glassfish.tyrus.core.HandshakeException: Response code was not 101: 403.
	at org.glassfish.tyrus.client.TyrusClientEngine.processResponse(TyrusClientEngine.java:320)
	at org.glassfish.tyrus.container.grizzly.client.GrizzlyClientFilter.handleHandshake(GrizzlyClientFilter.java:346)
	at org.glassfish.tyrus.container.grizzly.client.GrizzlyClientFilter.handleRead(GrizzlyClientFilter.java:315)
	at org.glassfish.grizzly.filterchain.ExecutorResolver$9.execute(ExecutorResolver.java:119)
	at org.glassfish.grizzly.filterchain.DefaultFilterChain.executeFilter(DefaultFilterChain.java:284)
	at org.glassfish.grizzly.filterchain.DefaultFilterChain.executeChainPart(DefaultFilterChain.java:201)
	at org.glassfish.grizzly.filterchain.DefaultFilterChain.execute(DefaultFilterChain.java:133)
	at org.glassfish.grizzly.filterchain.DefaultFilterChain.process(DefaultFilterChain.java:112)
	at org.glassfish.grizzly.ProcessorExecutor.execute(ProcessorExecutor.java:77)
	at org.glassfish.grizzly.nio.transport.TCPNIOTransport.fireIOEvent(TCPNIOTransport.java:526)
	at org.glassfish.grizzly.strategies.AbstractIOStrategy.fireIOEvent(AbstractIOStrategy.java:112)
	at org.glassfish.grizzly.strategies.WorkerThreadIOStrategy.run0(WorkerThreadIOStrategy.java:117)
	at org.glassfish.grizzly.strategies.WorkerThreadIOStrategy.access$100(WorkerThreadIOStrategy.java:56)
	at org.glassfish.grizzly.strategies.WorkerThreadIOStrategy$WorkerThreadRunnable.run(WorkerThreadIOStrategy.java:137)
	at org.glassfish.grizzly.threadpool.AbstractThreadPool$Worker.doWork(AbstractThreadPool.java:591)
	at org.glassfish.grizzly.threadpool.AbstractThreadPool$Worker.run(AbstractThreadPool.java:571)]]></system-err>
      </testcase>
      <system-out><![CDATA[2023-05-10 17:09:05 - [TEST_SUITE][FAILED] - TS_Visual Testing: Test Cases/Visual Testing/VS_Demo FAILED.
Reason:
com.kms.katalon.core.exception.StepFailedException: Unable to open browser with url: ''
	at com.kms.katalon.core.webui.keyword.internal.WebUIKeywordMain.stepFailed(WebUIKeywordMain.groovy:64)
	at com.kms.katalon.core.webui.keyword.internal.WebUIKeywordMain.runKeyword(WebUIKeywordMain.groovy:26)
	at com.kms.katalon.core.webui.keyword.builtin.OpenBrowserKeyword.openBrowser(OpenBrowserKeyword.groovy:81)
	at com.kms.katalon.core.webui.keyword.builtin.OpenBrowserKeyword.execute(OpenBrowserKeyword.groovy:67)
	at com.kms.katalon.core.keyword.internal.KeywordExecutor.executeKeywordForPlatform(KeywordExecutor.groovy:74)
	at com.kms.katalon.core.webui.keyword.WebUiBuiltInKeywords.openBrowser(WebUiBuiltInKeywords.groovy:64)
	at com.kms.katalon.core.webui.keyword.WebUiBuiltInKeywords$openBrowser.call(Unknown Source)
	at VS_Demo.run(VS_Demo:20)
	at com.kms.katalon.core.main.ScriptEngine.run(ScriptEngine.java:194)
	at com.kms.katalon.core.main.ScriptEngine.runScriptAsRawText(ScriptEngine.java:119)
	at com.kms.katalon.core.main.TestCaseExecutor.runScript(TestCaseExecutor.java:448)
	at com.kms.katalon.core.main.TestCaseExecutor.doExecute(TestCaseExecutor.java:439)
	at com.kms.katalon.core.main.TestCaseExecutor.processExecutionPhase(TestCaseExecutor.java:418)
	at com.kms.katalon.core.main.TestCaseExecutor.accessMainPhase(TestCaseExecutor.java:410)
	at com.kms.katalon.core.main.TestCaseExecutor.execute(TestCaseExecutor.java:285)
	at com.kms.katalon.core.common.CommonExecutor.accessTestCaseMainPhase(CommonExecutor.java:65)
	at com.kms.katalon.core.main.TestSuiteExecutor.accessTestSuiteMainPhase(TestSuiteExecutor.java:148)
	at com.kms.katalon.core.main.TestSuiteExecutor.execute(TestSuiteExecutor.java:106)
	at com.kms.katalon.core.main.TestCaseMain.startTestSuite(TestCaseMain.java:187)
	at com.kms.katalon.core.main.TestCaseMain$startTestSuite$0.call(Unknown Source)
	at TempTestSuite1683713333414.run(TempTestSuite1683713333414.groovy:36)
Caused by: com.github.kklisura.cdt.services.exceptions.ChromeServiceException: Failed connecting to tab web socket.
	at com.github.kklisura.cdt.services.impl.ChromeServiceImpl.createDevToolsService(ChromeServiceImpl.java:206)
	at com.github.kklisura.cdt.services.impl.ChromeServiceImpl.createDevToolsService(ChromeServiceImpl.java:161)
	at com.kms.katalon.core.util.CDTUtils.getService(CDTUtils.java:41)
	at com.kms.katalon.core.webui.driver.DriverFactory.addKatalonExtensionNativelyToChromium(DriverFactory.java:489)
	at com.kms.katalon.core.webui.driver.DriverFactory.createNewChromeDriver(DriverFactory.java:443)
	at com.kms.katalon.core.webui.driver.DriverFactory.startNewBrowser(DriverFactory.java:375)
	at com.kms.katalon.core.webui.driver.DriverFactory.openWebDriver(DriverFactory.java:264)
	at com.kms.katalon.core.webui.keyword.builtin.OpenBrowserKeyword$_openBrowser_closure1.doCall(OpenBrowserKeyword.groovy:74)
	at com.kms.katalon.core.webui.keyword.builtin.OpenBrowserKeyword$_openBrowser_closure1.call(OpenBrowserKeyword.groovy)
	at com.kms.katalon.core.webui.keyword.internal.WebUIKeywordMain.runKeyword(WebUIKeywordMain.groovy:20)
	at com.kms.katalon.core.webui.keyword.builtin.OpenBrowserKeyword.openBrowser(OpenBrowserKeyword.groovy:81)
	at com.kms.katalon.core.webui.keyword.builtin.OpenBrowserKeyword.execute(OpenBrowserKeyword.groovy:67)
	at com.kms.katalon.core.keyword.internal.KeywordExecutor.executeKeywordForPlatform(KeywordExecutor.groovy:74)
	at com.kms.katalon.core.webui.keyword.WebUiBuiltInKeywords.openBrowser(WebUiBuiltInKeywords.groovy:64)
	at com.kms.katalon.core.webui.keyword.WebUiBuiltInKeywords$openBrowser.call(Unknown Source)
	at Script1683712192181.run(Script1683712192181.groovy:20)
	... 13 more
Caused by: com.github.kklisura.cdt.services.exceptions.WebSocketServiceException: Failed connecting to ws server {}
	at com.github.kklisura.cdt.services.impl.WebSocketServiceImpl.connect(WebSocketServiceImpl.java:120)
	at com.github.kklisura.cdt.services.impl.WebSocketServiceImpl.create(WebSocketServiceImpl.java:86)
	at com.github.kklisura.cdt.services.impl.ChromeServiceImpl.lambda$new$0(ChromeServiceImpl.java:94)
	at com.github.kklisura.cdt.services.impl.ChromeServiceImpl.createDevToolsService(ChromeServiceImpl.java:176)
	... 28 more
Caused by: javax.websocket.DeploymentException: Handshake error.
	at org.glassfish.tyrus.client.ClientManager$3$1.run(ClientManager.java:679)
	at org.glassfish.tyrus.client.ClientManager$3.run(ClientManager.java:717)
	at org.glassfish.tyrus.client.ClientManager$SameThreadExecutorService.execute(ClientManager.java:871)
	at org.glassfish.tyrus.client.ClientManager.connectToServer(ClientManager.java:516)
	at org.glassfish.tyrus.client.ClientManager.connectToServer(ClientManager.java:378)
	at com.github.kklisura.cdt.services.impl.WebSocketServiceImpl.connect(WebSocketServiceImpl.java:98)
	... 31 more
Caused by: org.glassfish.tyrus.core.HandshakeException: Response code was not 101: 403.
	at org.glassfish.tyrus.client.TyrusClientEngine.processResponse(TyrusClientEngine.java:320)
	at org.glassfish.tyrus.container.grizzly.client.GrizzlyClientFilter.handleHandshake(GrizzlyClientFilter.java:346)
	at org.glassfish.tyrus.container.grizzly.client.GrizzlyClientFilter.handleRead(GrizzlyClientFilter.java:315)
	at org.glassfish.grizzly.filterchain.ExecutorResolver$9.execute(ExecutorResolver.java:119)
	at org.glassfish.grizzly.filterchain.DefaultFilterChain.executeFilter(DefaultFilterChain.java:284)
	at org.glassfish.grizzly.filterchain.DefaultFilterChain.executeChainPart(DefaultFilterChain.java:201)
	at org.glassfish.grizzly.filterchain.DefaultFilterChain.execute(DefaultFilterChain.java:133)
	at org.glassfish.grizzly.filterchain.DefaultFilterChain.process(DefaultFilterChain.java:112)
	at org.glassfish.grizzly.ProcessorExecutor.execute(ProcessorExecutor.java:77)
	at org.glassfish.grizzly.nio.transport.TCPNIOTransport.fireIOEvent(TCPNIOTransport.java:526)
	at org.glassfish.grizzly.strategies.AbstractIOStrategy.fireIOEvent(AbstractIOStrategy.java:112)
	at org.glassfish.grizzly.strategies.WorkerThreadIOStrategy.run0(WorkerThreadIOStrategy.java:117)
	at org.glassfish.grizzly.strategies.WorkerThreadIOStrategy.access$100(WorkerThreadIOStrategy.java:56)
	at org.glassfish.grizzly.strategies.WorkerThreadIOStrategy$WorkerThreadRunnable.run(WorkerThreadIOStrategy.java:137)
	at org.glassfish.grizzly.threadpool.AbstractThreadPool$Worker.doWork(AbstractThreadPool.java:591)
	at org.glassfish.grizzly.threadpool.AbstractThreadPool$Worker.run(AbstractThreadPool.java:571)]]></system-out>
      <system-err><![CDATA[2023-05-10 17:09:05 - [TEST_SUITE][FAILED] - TS_Visual Testing: Test Cases/Visual Testing/VS_Demo FAILED.
Reason:
com.kms.katalon.core.exception.StepFailedException: Unable to open browser with url: ''
	at com.kms.katalon.core.webui.keyword.internal.WebUIKeywordMain.stepFailed(WebUIKeywordMain.groovy:64)
	at com.kms.katalon.core.webui.keyword.internal.WebUIKeywordMain.runKeyword(WebUIKeywordMain.groovy:26)
	at com.kms.katalon.core.webui.keyword.builtin.OpenBrowserKeyword.openBrowser(OpenBrowserKeyword.groovy:81)
	at com.kms.katalon.core.webui.keyword.builtin.OpenBrowserKeyword.execute(OpenBrowserKeyword.groovy:67)
	at com.kms.katalon.core.keyword.internal.KeywordExecutor.executeKeywordForPlatform(KeywordExecutor.groovy:74)
	at com.kms.katalon.core.webui.keyword.WebUiBuiltInKeywords.openBrowser(WebUiBuiltInKeywords.groovy:64)
	at com.kms.katalon.core.webui.keyword.WebUiBuiltInKeywords$openBrowser.call(Unknown Source)
	at VS_Demo.run(VS_Demo:20)
	at com.kms.katalon.core.main.ScriptEngine.run(ScriptEngine.java:194)
	at com.kms.katalon.core.main.ScriptEngine.runScriptAsRawText(ScriptEngine.java:119)
	at com.kms.katalon.core.main.TestCaseExecutor.runScript(TestCaseExecutor.java:448)
	at com.kms.katalon.core.main.TestCaseExecutor.doExecute(TestCaseExecutor.java:439)
	at com.kms.katalon.core.main.TestCaseExecutor.processExecutionPhase(TestCaseExecutor.java:418)
	at com.kms.katalon.core.main.TestCaseExecutor.accessMainPhase(TestCaseExecutor.java:410)
	at com.kms.katalon.core.main.TestCaseExecutor.execute(TestCaseExecutor.java:285)
	at com.kms.katalon.core.common.CommonExecutor.accessTestCaseMainPhase(CommonExecutor.java:65)
	at com.kms.katalon.core.main.TestSuiteExecutor.accessTestSuiteMainPhase(TestSuiteExecutor.java:148)
	at com.kms.katalon.core.main.TestSuiteExecutor.execute(TestSuiteExecutor.java:106)
	at com.kms.katalon.core.main.TestCaseMain.startTestSuite(TestCaseMain.java:187)
	at com.kms.katalon.core.main.TestCaseMain$startTestSuite$0.call(Unknown Source)
	at TempTestSuite1683713333414.run(TempTestSuite1683713333414.groovy:36)
Caused by: com.github.kklisura.cdt.services.exceptions.ChromeServiceException: Failed connecting to tab web socket.
	at com.github.kklisura.cdt.services.impl.ChromeServiceImpl.createDevToolsService(ChromeServiceImpl.java:206)
	at com.github.kklisura.cdt.services.impl.ChromeServiceImpl.createDevToolsService(ChromeServiceImpl.java:161)
	at com.kms.katalon.core.util.CDTUtils.getService(CDTUtils.java:41)
	at com.kms.katalon.core.webui.driver.DriverFactory.addKatalonExtensionNativelyToChromium(DriverFactory.java:489)
	at com.kms.katalon.core.webui.driver.DriverFactory.createNewChromeDriver(DriverFactory.java:443)
	at com.kms.katalon.core.webui.driver.DriverFactory.startNewBrowser(DriverFactory.java:375)
	at com.kms.katalon.core.webui.driver.DriverFactory.openWebDriver(DriverFactory.java:264)
	at com.kms.katalon.core.webui.keyword.builtin.OpenBrowserKeyword$_openBrowser_closure1.doCall(OpenBrowserKeyword.groovy:74)
	at com.kms.katalon.core.webui.keyword.builtin.OpenBrowserKeyword$_openBrowser_closure1.call(OpenBrowserKeyword.groovy)
	at com.kms.katalon.core.webui.keyword.internal.WebUIKeywordMain.runKeyword(WebUIKeywordMain.groovy:20)
	at com.kms.katalon.core.webui.keyword.builtin.OpenBrowserKeyword.openBrowser(OpenBrowserKeyword.groovy:81)
	at com.kms.katalon.core.webui.keyword.builtin.OpenBrowserKeyword.execute(OpenBrowserKeyword.groovy:67)
	at com.kms.katalon.core.keyword.internal.KeywordExecutor.executeKeywordForPlatform(KeywordExecutor.groovy:74)
	at com.kms.katalon.core.webui.keyword.WebUiBuiltInKeywords.openBrowser(WebUiBuiltInKeywords.groovy:64)
	at com.kms.katalon.core.webui.keyword.WebUiBuiltInKeywords$openBrowser.call(Unknown Source)
	at Script1683712192181.run(Script1683712192181.groovy:20)
	... 13 more
Caused by: com.github.kklisura.cdt.services.exceptions.WebSocketServiceException: Failed connecting to ws server {}
	at com.github.kklisura.cdt.services.impl.WebSocketServiceImpl.connect(WebSocketServiceImpl.java:120)
	at com.github.kklisura.cdt.services.impl.WebSocketServiceImpl.create(WebSocketServiceImpl.java:86)
	at com.github.kklisura.cdt.services.impl.ChromeServiceImpl.lambda$new$0(ChromeServiceImpl.java:94)
	at com.github.kklisura.cdt.services.impl.ChromeServiceImpl.createDevToolsService(ChromeServiceImpl.java:176)
	... 28 more
Caused by: javax.websocket.DeploymentException: Handshake error.
	at org.glassfish.tyrus.client.ClientManager$3$1.run(ClientManager.java:679)
	at org.glassfish.tyrus.client.ClientManager$3.run(ClientManager.java:717)
	at org.glassfish.tyrus.client.ClientManager$SameThreadExecutorService.execute(ClientManager.java:871)
	at org.glassfish.tyrus.client.ClientManager.connectToServer(ClientManager.java:516)
	at org.glassfish.tyrus.client.ClientManager.connectToServer(ClientManager.java:378)
	at com.github.kklisura.cdt.services.impl.WebSocketServiceImpl.connect(WebSocketServiceImpl.java:98)
	... 31 more
Caused by: org.glassfish.tyrus.core.HandshakeException: Response code was not 101: 403.
	at org.glassfish.tyrus.client.TyrusClientEngine.processResponse(TyrusClientEngine.java:320)
	at org.glassfish.tyrus.container.grizzly.client.GrizzlyClientFilter.handleHandshake(GrizzlyClientFilter.java:346)
	at org.glassfish.tyrus.container.grizzly.client.GrizzlyClientFilter.handleRead(GrizzlyClientFilter.java:315)
	at org.glassfish.grizzly.filterchain.ExecutorResolver$9.execute(ExecutorResolver.java:119)
	at org.glassfish.grizzly.filterchain.DefaultFilterChain.executeFilter(DefaultFilterChain.java:284)
	at org.glassfish.grizzly.filterchain.DefaultFilterChain.executeChainPart(DefaultFilterChain.java:201)
	at org.glassfish.grizzly.filterchain.DefaultFilterChain.execute(DefaultFilterChain.java:133)
	at org.glassfish.grizzly.filterchain.DefaultFilterChain.process(DefaultFilterChain.java:112)
	at org.glassfish.grizzly.ProcessorExecutor.execute(ProcessorExecutor.java:77)
	at org.glassfish.grizzly.nio.transport.TCPNIOTransport.fireIOEvent(TCPNIOTransport.java:526)
	at org.glassfish.grizzly.strategies.AbstractIOStrategy.fireIOEvent(AbstractIOStrategy.java:112)
	at org.glassfish.grizzly.strategies.WorkerThreadIOStrategy.run0(WorkerThreadIOStrategy.java:117)
	at org.glassfish.grizzly.strategies.WorkerThreadIOStrategy.access$100(WorkerThreadIOStrategy.java:56)
	at org.glassfish.grizzly.strategies.WorkerThreadIOStrategy$WorkerThreadRunnable.run(WorkerThreadIOStrategy.java:137)
	at org.glassfish.grizzly.threadpool.AbstractThreadPool$Worker.doWork(AbstractThreadPool.java:591)
	at org.glassfish.grizzly.threadpool.AbstractThreadPool$Worker.run(AbstractThreadPool.java:571)]]></system-err>
   </testsuite>
</testsuites>
