<?xml version="1.0" encoding="UTF-8"?>
<testsuites name="TS_Account" time="42.873" tests="1" failures="0" errors="0">
   <testsuite name="TS_Account" tests="1" failures="0" errors="0" time="42.873" skipped="0" timestamp="2023-04-28 07:25:18" hostname="root - 5f1bc1ab5ef5" id="Test Suites/New Folder/TS_Account">
      <properties>
         <property name="deviceName" value=""/>
         <property name="devicePlatform" value=""/>
         <property name="logFolder" value="/tmp/project/Reports/20230428_072439/New Folder/TS_Account/20230428_072455"/>
         <property name="logFiles" value="/tmp/project/Reports/20230428_072439/New Folder/TS_Account/20230428_072455/execution0.log"/>
         <property name="attachments" value=""/>
         <property name="hostName" value="root - 5f1bc1ab5ef5"/>
         <property name="os" value="Linux 64bit"/>
         <property name="katalonVersion" value="8.5.5.208"/>
         <property name="browser" value="Firefox 107.0"/>
         <property name="hostAddress" value="172.17.0.2"/>
         <property name="sessionId" value="42eb92c7-e759-4e47-8b37-6b1b498db977"/>
         <property name="seleniumVersion" value="3.141.59"/>
         <property name="proxyInformation" value="ProxyInformation { proxyOption=NO_PROXY, proxyServerType=HTTP, username=, password=********, proxyServerAddress=, proxyServerPort=0, executionList=&quot;&quot;, isApplyToDesiredCapabilities=true }"/>
         <property name="platform" value="Linux"/>
      </properties>
      <testcase name="Test Cases/Account/Login fails" time="41.302" classname="Test Cases/Account/Login fails" status="PASSED">
         <system-out><![CDATA[2023-04-28 07:25:20 - [TEST_CASE][PASSED] - Test Cases/Account/Login fails: Test Cases/Account/Login fails

2023-04-28 07:25:20 - [TEST_STEP][PASSED] - Start listener action : enableSauceLabs: [SAUCELABS] Saucelabs Plugin will not attempt to auto update job status and information !

2023-04-28 07:25:20 - [MESSAGE][INFO] - [SAUCELABS] Current run configuration: Firefox (headless)

2023-04-28 07:25:20 - [MESSAGE][INFO] - [SAUCELABS] Saucelabs Plugin will not attempt to auto update job status and information !

2023-04-28 07:25:22 - [TEST_STEP][PASSED] - openBrowser(""): Browser is opened with url: ''

2023-04-28 07:25:23 - [MESSAGE][INFO] - Starting 'Firefox (headless)' driver

2023-04-28 07:25:23 - [MESSAGE][INFO] - Action delay is set to 0 milliseconds

2023-04-28 07:25:42 - [MESSAGE][WARNING] - FFmpeg was not installed! Browser Recording will be disabled. Please follow this document to install FFmpeg first: https://docs.katalon.com/katalon-studio/docs/screenshots-videos.html#browser-based-recorder

2023-04-28 07:25:42 - [MESSAGE][PASSED] - Browser is opened with url: ''

2023-04-28 07:25:42 - [TEST_STEP][PASSED] - navigateToUrl("https://cms.demo.katalon.com/my-account/"): Navigate to 'https://cms.demo.katalon.com/my-account/' successfully

2023-04-28 07:25:49 - [MESSAGE][PASSED] - Navigate to 'https://cms.demo.katalon.com/my-account/' successfully

2023-04-28 07:25:49 - [TEST_STEP][PASSED] - click(findTestObject("Page_My account  Katalon Shop/input__username")): Object: 'Object Repository/Page_My account  Katalon Shop/input__username' is clicked on

2023-04-28 07:25:50 - [MESSAGE][PASSED] - Object: 'Object Repository/Page_My account  Katalon Shop/input__username' is clicked on

2023-04-28 07:25:50 - [TEST_STEP][PASSED] - setText(findTestObject("Page_My account  Katalon Shop/input__username"), username): Text 'customer' is set on object 'Object Repository/Page_My account  Katalon Shop/input__username'

2023-04-28 07:25:52 - [MESSAGE][PASSED] - Text 'customer' is set on object 'Object Repository/Page_My account  Katalon Shop/input__username'

2023-04-28 07:25:52 - [TEST_STEP][PASSED] - click(findTestObject("Page_My account  Katalon Shop/input__password")): Object: 'Object Repository/Page_My account  Katalon Shop/input__password' is clicked on

2023-04-28 07:25:52 - [MESSAGE][PASSED] - Object: 'Object Repository/Page_My account  Katalon Shop/input__password' is clicked on

2023-04-28 07:25:52 - [TEST_STEP][PASSED] - setText(findTestObject("Page_My account  Katalon Shop/input__password"), password): Text 'crz7mrb.KNG3yxv1fbn' is set on object 'Object Repository/Page_My account  Katalon Shop/input__password'

2023-04-28 07:25:53 - [MESSAGE][PASSED] - Text 'crz7mrb.KNG3yxv1fbn' is set on object 'Object Repository/Page_My account  Katalon Shop/input__password'

2023-04-28 07:25:53 - [TEST_STEP][PASSED] - click(findTestObject("Page_My account  Katalon Shop/input__rememberme")): Object: 'Object Repository/Page_My account  Katalon Shop/input__rememberme' is clicked on

2023-04-28 07:25:54 - [MESSAGE][PASSED] - Object: 'Object Repository/Page_My account  Katalon Shop/input__rememberme' is clicked on

2023-04-28 07:25:54 - [TEST_STEP][PASSED] - click(findTestObject("Page_My account  Katalon Shop/button_Log in")): Object: 'Object Repository/Page_My account  Katalon Shop/button_Log in' is clicked on

2023-04-28 07:25:57 - [MESSAGE][PASSED] - Object: 'Object Repository/Page_My account  Katalon Shop/button_Log in' is clicked on

2023-04-28 07:25:57 - [TEST_STEP][PASSED] - getText(findTestObject("Object Repository/Page_My account  Katalon Shop/Page_My account  Katalon Shop/strong_KatalonLover"), STOP_ON_FAILURE): Text of object 'Object Repository/Page_My account  Katalon Shop/Page_My account  Katalon Shop/strong_KatalonLover' is: 'KatalonLover'

2023-04-28 07:25:58 - [MESSAGE][PASSED] - Text of object 'Object Repository/Page_My account  Katalon Shop/Page_My account  Katalon Shop/strong_KatalonLover' is: 'KatalonLover'

2023-04-28 07:25:58 - [TEST_STEP][PASSED] - responseString = "KatalonLover": null

2023-04-28 07:25:58 - [TEST_STEP][PASSED] - expectedString = "katalonlover": null

2023-04-28 07:25:58 - [TEST_STEP][PASSED] - if (responseString.toUpperCase() == expectedString): null

2023-04-28 07:25:58 - [TEST_STEP][PASSED] - else: null

2023-04-28 07:25:58 - [TEST_STEP][PASSED] - println("Response is not correct"): null

2023-04-28 07:25:58 - [TEST_STEP][PASSED] - closeBrowser(): Browser is closed

2023-04-28 07:26:01 - [MESSAGE][PASSED] - Browser is closed

2023-04-28 07:26:01 - [TEST_STEP][PASSED] - Start listener action : autoUpdateJobStatus: [SAUCELABS] Current run configuration: Firefox (headless)

2023-04-28 07:26:01 - [MESSAGE][INFO] - [SAUCELABS] Current run configuration: Firefox (headless)]]></system-out>
         <system-err><![CDATA[]]></system-err>
      </testcase>
      <system-out><![CDATA[2023-04-28 07:25:18 - [TEST_SUITE][PASSED] - TS_Account: Test Cases/Account/Login fails]]></system-out>
      <system-err><![CDATA[]]></system-err>
   </testsuite>
</testsuites>
