<?xml version="1.0" encoding="UTF-8"?>
<testsuites name="TSC_Account" time="70.46" tests="1" failures="0" errors="0">
   <testsuite name="TS_Account" tests="1" failures="0" errors="0" time="48.275" skipped="0" timestamp="2023-06-28 09:30:42" hostname="thanh.pnguyen - localhost" id="Test Suites/New Folder/TS_Account">
      <properties>
         <property name="deviceName" value=""/>
         <property name="devicePlatform" value=""/>
         <property name="logFolder" value="/Users/thanh.pnguyen/Documents/Katalon/Certificate/Reports/20230628_093029/New Folder/TS_Account/20230628_093030"/>
         <property name="logFiles" value="/Users/thanh.pnguyen/Documents/Katalon/Certificate/Reports/20230628_093029/New Folder/TS_Account/20230628_093030/execution0.log"/>
         <property name="attachments" value=""/>
         <property name="hostName" value="thanh.pnguyen - localhost"/>
         <property name="os" value="Mac OS X 64bit"/>
         <property name="katalonVersion" value="8.6.5.208"/>
         <property name="browser" value="Chrome 114.0.5735.198"/>
         <property name="hostAddress" value="127.0.0.1"/>
         <property name="sessionId" value="3ab2cccd1a3a8d9b44869500543fe726"/>
         <property name="seleniumVersion" value="3.141.59"/>
         <property name="proxyInformation" value="ProxyInformation { proxyOption=NO_PROXY, proxyServerType=HTTP, username=, password=********, proxyServerAddress=, proxyServerPort=0, executionList=&quot;&quot;, isApplyToDesiredCapabilities=true }"/>
         <property name="platform" value="Mac OS X"/>
      </properties>
      <testcase name="Test Cases/Account/Login fails" time="47.843" classname="Test Cases/Account/Login fails" status="PASSED">
         <system-out><![CDATA[2023-06-28 09:30:43 - [TEST_CASE][PASSED] - Test Cases/Account/Login fails: Test Cases/Account/Login fails

2023-06-28 09:30:43 - [TEST_STEP][PASSED] - Start listener action : enableSauceLabs: [SAUCELABS] Saucelabs Plugin will not attempt to auto update job status and information !

2023-06-28 09:30:43 - [MESSAGE][INFO] - [SAUCELABS] Current run configuration: Chrome (headless)

2023-06-28 09:30:43 - [MESSAGE][INFO] - [SAUCELABS] Saucelabs Plugin will not attempt to auto update job status and information !

2023-06-28 09:30:43 - [TEST_STEP][PASSED] - openBrowser(""): Browser is opened with url: ''

2023-06-28 09:30:43 - [MESSAGE][INFO] - Starting 'Chrome (headless)' driver

2023-06-28 09:30:43 - [MESSAGE][INFO] - User set preference: ['args', '[--no-sandbox, --disable-dev-shm-usage, --disable-gpu, --disable-extensions, --remote-debugging-port=9222, --crash-dumps-dir=/tmp, --window-size=1440,900]']

2023-06-28 09:30:43 - [MESSAGE][INFO] - User set preference: ['pageLoadStrategy', 'eager']

2023-06-28 09:30:43 - [MESSAGE][INFO] - Action delay is set to 3,000 milliseconds

2023-06-28 09:30:54 - [MESSAGE][PASSED] - Browser is opened with url: ''

2023-06-28 09:30:54 - [TEST_STEP][PASSED] - navigateToUrl("https://cms.demo.katalon.com/my-account/"): Navigate to 'https://cms.demo.katalon.com/my-account/' successfully

2023-06-28 09:31:01 - [MESSAGE][PASSED] - Navigate to 'https://cms.demo.katalon.com/my-account/' successfully

2023-06-28 09:31:01 - [TEST_STEP][PASSED] - click(findTestObject("Page_My account  Katalon Shop/input__username")): Object: 'Object Repository/Page_My account  Katalon Shop/input__username' is clicked on

2023-06-28 09:31:05 - [MESSAGE][PASSED] - Object: 'Object Repository/Page_My account  Katalon Shop/input__username' is clicked on

2023-06-28 09:31:05 - [TEST_STEP][PASSED] - setText(findTestObject("Page_My account  Katalon Shop/input__username"), username): Text 'customer' is set on object 'Object Repository/Page_My account  Katalon Shop/input__username'

2023-06-28 09:31:12 - [MESSAGE][PASSED] - Text 'customer' is set on object 'Object Repository/Page_My account  Katalon Shop/input__username'

2023-06-28 09:31:12 - [TEST_STEP][PASSED] - click(findTestObject("Page_My account  Katalon Shop/input__password")): Object: 'Object Repository/Page_My account  Katalon Shop/input__password' is clicked on

2023-06-28 09:31:15 - [MESSAGE][PASSED] - Object: 'Object Repository/Page_My account  Katalon Shop/input__password' is clicked on

2023-06-28 09:31:15 - [TEST_STEP][PASSED] - setText(findTestObject("Page_My account  Katalon Shop/input__password"), password): Text 'crz7mrb.KNG3yxv1fbn' is set on object 'Object Repository/Page_My account  Katalon Shop/input__password'

2023-06-28 09:31:21 - [MESSAGE][PASSED] - Text 'crz7mrb.KNG3yxv1fbn' is set on object 'Object Repository/Page_My account  Katalon Shop/input__password'

2023-06-28 09:31:21 - [TEST_STEP][PASSED] - click(findTestObject("Page_My account  Katalon Shop/input__rememberme")): Object: 'Object Repository/Page_My account  Katalon Shop/input__rememberme' is clicked on

2023-06-28 09:31:24 - [MESSAGE][PASSED] - Object: 'Object Repository/Page_My account  Katalon Shop/input__rememberme' is clicked on

2023-06-28 09:31:24 - [TEST_STEP][PASSED] - click(findTestObject("Page_My account  Katalon Shop/button_Log in")): Object: 'Object Repository/Page_My account  Katalon Shop/button_Log in' is clicked on

2023-06-28 09:31:30 - [MESSAGE][PASSED] - Object: 'Object Repository/Page_My account  Katalon Shop/button_Log in' is clicked on

2023-06-28 09:31:30 - [TEST_STEP][PASSED] - getText(findTestObject("Object Repository/Page_My account  Katalon Shop/Page_My account  Katalon Shop/strong_KatalonLover"), STOP_ON_FAILURE): Text of object 'Object Repository/Page_My account  Katalon Shop/Page_My account  Katalon Shop/strong_KatalonLover' is: 'KatalonLover'

2023-06-28 09:31:30 - [MESSAGE][PASSED] - Text of object 'Object Repository/Page_My account  Katalon Shop/Page_My account  Katalon Shop/strong_KatalonLover' is: 'KatalonLover'

2023-06-28 09:31:30 - [TEST_STEP][PASSED] - responseString = "KatalonLover": null

2023-06-28 09:31:30 - [TEST_STEP][PASSED] - expectedString = "katalonlover": null

2023-06-28 09:31:30 - [TEST_STEP][PASSED] - if (responseString.toUpperCase() == expectedString): null

2023-06-28 09:31:30 - [TEST_STEP][PASSED] - else: null

2023-06-28 09:31:30 - [TEST_STEP][PASSED] - println("Response is not correct"): null

2023-06-28 09:31:30 - [TEST_STEP][PASSED] - closeBrowser(): Browser is closed

2023-06-28 09:31:30 - [MESSAGE][PASSED] - Browser is closed

2023-06-28 09:31:30 - [TEST_STEP][PASSED] - Start listener action : autoUpdateJobStatus: [SAUCELABS] Current run configuration: Chrome (headless)

2023-06-28 09:31:30 - [MESSAGE][INFO] - [SAUCELABS] Current run configuration: Chrome (headless)]]></system-out>
         <system-err><![CDATA[]]></system-err>
      </testcase>
      <system-out><![CDATA[2023-06-28 09:30:42 - [TEST_SUITE][PASSED] - TS_Account: Test Cases/Account/Login fails]]></system-out>
      <system-err><![CDATA[]]></system-err>
   </testsuite>
</testsuites>
