<?xml version="1.0" encoding="UTF-8"?>
<testsuites name="TS_Account" time="23.739" tests="2" failures="0" errors="0">
   <testsuite name="TS_Account" tests="2" failures="0" errors="0" time="23.739" skipped="0" timestamp="2023-04-13 14:07:41" hostname="thanh.pnguyen - 192.168.1.6" id="Test Suites/TS_Account">
      <properties>
         <property name="deviceName" value=""/>
         <property name="devicePlatform" value=""/>
         <property name="logFolder" value="/Users/thanh.pnguyen/Documents/Katalon/Certificate/Reports/20230413_140725/TS_Account/20230413_140725"/>
         <property name="logFiles" value="/Users/thanh.pnguyen/Documents/Katalon/Certificate/Reports/20230413_140725/TS_Account/20230413_140725/execution0.log"/>
         <property name="attachments" value=""/>
         <property name="hostName" value="thanh.pnguyen - 192.168.1.6"/>
         <property name="os" value="Mac OS X 64bit"/>
         <property name="katalonVersion" value="8.6.0.208"/>
         <property name="browser" value="Chrome 112.0.0.0"/>
         <property name="hostAddress" value="192.168.1.6"/>
         <property name="sessionId" value="d07f1ac32abf0a0bd166b583ddcbd585"/>
         <property name="seleniumVersion" value="3.141.59"/>
         <property name="proxyInformation" value="ProxyInformation { proxyOption=NO_PROXY, proxyServerType=HTTP, username=, password=********, proxyServerAddress=, proxyServerPort=0, executionList=&quot;&quot;, isApplyToDesiredCapabilities=true }"/>
         <property name="platform" value="Mac OS X"/>
      </properties>
      <testcase name="Test Cases/Account/Login fails" time="22.857" classname="Test Cases/Account/Login fails" status="PASSED">
         <system-out><![CDATA[2023-04-13 14:07:42 - [TEST_CASE][PASSED] - Test Cases/Account/Login fails: Test Cases/Account/Login fails

2023-04-13 14:07:42 - [TEST_STEP][PASSED] - Start listener action : enableSauceLabs: [SAUCELABS] Saucelabs Plugin will not attempt to auto update job status and information !

2023-04-13 14:07:42 - [MESSAGE][INFO] - [SAUCELABS] Current run configuration: Chrome

2023-04-13 14:07:42 - [MESSAGE][INFO] - [SAUCELABS] Saucelabs Plugin will not attempt to auto update job status and information !

2023-04-13 14:07:42 - [TEST_STEP][PASSED] - openBrowser(""): Browser is opened with url: ''

2023-04-13 14:07:43 - [MESSAGE][INFO] - Starting 'Chrome' driver

2023-04-13 14:07:43 - [MESSAGE][INFO] - Action delay is set to 0 milliseconds

2023-04-13 14:07:53 - [MESSAGE][PASSED] - Browser is opened with url: ''

2023-04-13 14:07:53 - [TEST_STEP][PASSED] - navigateToUrl("https://cms.demo.katalon.com/my-account/"): Navigate to 'https://cms.demo.katalon.com/my-account/' successfully

2023-04-13 14:07:57 - [MESSAGE][PASSED] - Navigate to 'https://cms.demo.katalon.com/my-account/' successfully

2023-04-13 14:07:57 - [TEST_STEP][PASSED] - click(findTestObject("Page_My account  Katalon Shop/input__username")): Object: 'Object Repository/Page_My account  Katalon Shop/input__username' is clicked on

2023-04-13 14:07:58 - [MESSAGE][PASSED] - Object: 'Object Repository/Page_My account  Katalon Shop/input__username' is clicked on

2023-04-13 14:07:58 - [TEST_STEP][PASSED] - setText(findTestObject("Page_My account  Katalon Shop/input__username"), username): Text 'customer' is set on object 'Object Repository/Page_My account  Katalon Shop/input__username'

2023-04-13 14:07:59 - [MESSAGE][PASSED] - Text 'customer' is set on object 'Object Repository/Page_My account  Katalon Shop/input__username'

2023-04-13 14:07:59 - [TEST_STEP][PASSED] - click(findTestObject("Page_My account  Katalon Shop/input__password")): Object: 'Object Repository/Page_My account  Katalon Shop/input__password' is clicked on

2023-04-13 14:08:00 - [MESSAGE][PASSED] - Object: 'Object Repository/Page_My account  Katalon Shop/input__password' is clicked on

2023-04-13 14:08:00 - [TEST_STEP][PASSED] - setText(findTestObject("Page_My account  Katalon Shop/input__password"), password): Text 'crz7mrb.KNG3yxv1fbn' is set on object 'Object Repository/Page_My account  Katalon Shop/input__password'

2023-04-13 14:08:00 - [MESSAGE][PASSED] - Text 'crz7mrb.KNG3yxv1fbn' is set on object 'Object Repository/Page_My account  Katalon Shop/input__password'

2023-04-13 14:08:00 - [TEST_STEP][PASSED] - click(findTestObject("Page_My account  Katalon Shop/input__rememberme")): Object: 'Object Repository/Page_My account  Katalon Shop/input__rememberme' is clicked on

2023-04-13 14:08:01 - [MESSAGE][PASSED] - Object: 'Object Repository/Page_My account  Katalon Shop/input__rememberme' is clicked on

2023-04-13 14:08:01 - [TEST_STEP][PASSED] - click(findTestObject("Page_My account  Katalon Shop/button_Log in")): Object: 'Object Repository/Page_My account  Katalon Shop/button_Log in' is clicked on

2023-04-13 14:08:04 - [MESSAGE][PASSED] - Object: 'Object Repository/Page_My account  Katalon Shop/button_Log in' is clicked on

2023-04-13 14:08:04 - [TEST_STEP][PASSED] - getText(findTestObject("Object Repository/Page_My account  Katalon Shop/Page_My account  Katalon Shop/strong_KatalonLover"), STOP_ON_FAILURE): Text of object 'Object Repository/Page_My account  Katalon Shop/Page_My account  Katalon Shop/strong_KatalonLover' is: 'KatalonLover'

2023-04-13 14:08:05 - [MESSAGE][PASSED] - Text of object 'Object Repository/Page_My account  Katalon Shop/Page_My account  Katalon Shop/strong_KatalonLover' is: 'KatalonLover'

2023-04-13 14:08:05 - [TEST_STEP][PASSED] - responseString = "KatalonLover": null

2023-04-13 14:08:05 - [TEST_STEP][PASSED] - expectedString = "katalonlover": null

2023-04-13 14:08:05 - [TEST_STEP][PASSED] - if (responseString.toUpperCase() == expectedString): null

2023-04-13 14:08:05 - [TEST_STEP][PASSED] - else: null

2023-04-13 14:08:05 - [TEST_STEP][PASSED] - println("Response is not correct"): null

2023-04-13 14:08:05 - [TEST_STEP][PASSED] - closeBrowser(): Browser is closed

2023-04-13 14:08:05 - [MESSAGE][PASSED] - Browser is closed

2023-04-13 14:08:05 - [TEST_STEP][PASSED] - Start listener action : autoUpdateJobStatus: [SAUCELABS] Current run configuration: Chrome

2023-04-13 14:08:05 - [MESSAGE][INFO] - [SAUCELABS] Current run configuration: Chrome]]></system-out>
         <system-err><![CDATA[]]></system-err>
      </testcase>
      <testcase name="Test Cases/New Test Case" time="0.275" classname="Test Cases/New Test Case" status="PASSED">
         <system-out><![CDATA[2023-04-13 14:08:05 - [TEST_CASE][PASSED] - Test Cases/New Test Case: Test Cases/New Test Case

2023-04-13 14:08:05 - [TEST_STEP][PASSED] - Start listener action : enableSauceLabs: [SAUCELABS] Saucelabs Plugin will not attempt to auto update job status and information !

2023-04-13 14:08:05 - [MESSAGE][INFO] - [SAUCELABS] Current run configuration: Chrome

2023-04-13 14:08:05 - [MESSAGE][INFO] - [SAUCELABS] Saucelabs Plugin will not attempt to auto update job status and information !

2023-04-13 14:08:05 - [TEST_STEP][PASSED] - return null: null

2023-04-13 14:08:05 - [TEST_STEP][PASSED] - Start listener action : autoUpdateJobStatus: [SAUCELABS] Current run configuration: Chrome

2023-04-13 14:08:05 - [MESSAGE][INFO] - [SAUCELABS] Current run configuration: Chrome]]></system-out>
         <system-err><![CDATA[]]></system-err>
      </testcase>
      <system-out><![CDATA[2023-04-13 14:07:41 - [TEST_SUITE][PASSED] - TS_Account: Test Cases/New Test Case]]></system-out>
      <system-err><![CDATA[]]></system-err>
   </testsuite>
</testsuites>
