<?xml version="1.0" encoding="UTF-8"?>
<testsuites name="TS_Account" time="153.039" tests="4" failures="0" errors="0">
   <testsuite name="TS_Account" tests="4" failures="0" errors="0" time="153.039" skipped="0" timestamp="2023-03-26 21:34:25" hostname="thanh.pnguyen - 192.168.1.3" id="Test Suites/TS_Account">
      <properties>
         <property name="deviceName" value=""/>
         <property name="devicePlatform" value=""/>
         <property name="logFolder" value="/Users/thanh.pnguyen/Documents/Katalon/Saleforces Portal - Certificate/Reports/20230326_213417/TS_Account/20230326_213417"/>
         <property name="logFiles" value="/Users/thanh.pnguyen/Documents/Katalon/Saleforces Portal - Certificate/Reports/20230326_213417/TS_Account/20230326_213417/execution0.log"/>
         <property name="attachments" value=""/>
         <property name="hostName" value="thanh.pnguyen - 192.168.1.3"/>
         <property name="os" value="Mac OS X 64bit"/>
         <property name="katalonVersion" value="8.6.0.208"/>
         <property name="browser" value="Chrome 111.0.0.0"/>
         <property name="hostAddress" value="192.168.1.3"/>
         <property name="sessionId" value="8a1b8ed273085dedc1176400257b8e77"/>
         <property name="seleniumVersion" value="3.141.59"/>
         <property name="proxyInformation" value="ProxyInformation { proxyOption=NO_PROXY, proxyServerType=HTTP, username=, password=********, proxyServerAddress=, proxyServerPort=0, executionList=&quot;&quot;, isApplyToDesiredCapabilities=true }"/>
         <property name="platform" value="Mac OS X"/>
      </properties>
      <testcase name="Test Cases/Account/Login successfully" time="38.485" classname="Test Cases/Account/Login successfully" status="PASSED">
         <system-out><![CDATA[2023-03-26 21:34:25 - [TEST_CASE][PASSED] - Test Cases/Account/Login successfully: Test Cases/Account/Login successfully

2023-03-26 21:34:26 - [TEST_STEP][PASSED] - openBrowser(""): Browser is opened with url: ''

2023-03-26 21:34:26 - [MESSAGE][INFO] - Starting 'Chrome' driver

2023-03-26 21:34:26 - [MESSAGE][INFO] - Action delay is set to 0 milliseconds

2023-03-26 21:34:36 - [MESSAGE][PASSED] - Browser is opened with url: ''

2023-03-26 21:34:36 - [TEST_STEP][PASSED] - navigateToUrl("https://cms.demo.katalon.com/my-account/"): Navigate to 'https://cms.demo.katalon.com/my-account/' successfully

2023-03-26 21:34:44 - [MESSAGE][PASSED] - Navigate to 'https://cms.demo.katalon.com/my-account/' successfully

2023-03-26 21:34:44 - [TEST_STEP][PASSED] - click(findTestObject("Page_My account  Katalon Shop/input__username")): Object: 'Object Repository/Page_My account  Katalon Shop/input__username' is clicked on

2023-03-26 21:34:45 - [MESSAGE][PASSED] - Object: 'Object Repository/Page_My account  Katalon Shop/input__username' is clicked on

2023-03-26 21:34:45 - [TEST_STEP][PASSED] - setText(findTestObject("Page_My account  Katalon Shop/input__username"), username): Text 'customer' is set on object 'Object Repository/Page_My account  Katalon Shop/input__username'

2023-03-26 21:34:49 - [MESSAGE][PASSED] - Text 'customer' is set on object 'Object Repository/Page_My account  Katalon Shop/input__username'

2023-03-26 21:34:49 - [TEST_STEP][PASSED] - click(findTestObject("Page_My account  Katalon Shop/input__password")): Object: 'Object Repository/Page_My account  Katalon Shop/input__password' is clicked on

2023-03-26 21:34:51 - [MESSAGE][PASSED] - Object: 'Object Repository/Page_My account  Katalon Shop/input__password' is clicked on

2023-03-26 21:34:51 - [TEST_STEP][PASSED] - setText(findTestObject("Page_My account  Katalon Shop/input__password"), password): Text 'crz7mrb.KNG3yxv1fbn' is set on object 'Object Repository/Page_My account  Katalon Shop/input__password'

2023-03-26 21:34:55 - [MESSAGE][PASSED] - Text 'crz7mrb.KNG3yxv1fbn' is set on object 'Object Repository/Page_My account  Katalon Shop/input__password'

2023-03-26 21:34:55 - [TEST_STEP][PASSED] - click(findTestObject("Page_My account  Katalon Shop/input__rememberme")): Object: 'Object Repository/Page_My account  Katalon Shop/input__rememberme' is clicked on

2023-03-26 21:34:57 - [MESSAGE][PASSED] - Object: 'Object Repository/Page_My account  Katalon Shop/input__rememberme' is clicked on

2023-03-26 21:34:57 - [TEST_STEP][PASSED] - click(findTestObject("Page_My account  Katalon Shop/button_Log in")): Object: 'Object Repository/Page_My account  Katalon Shop/button_Log in' is clicked on

2023-03-26 21:35:02 - [MESSAGE][PASSED] - Object: 'Object Repository/Page_My account  Katalon Shop/button_Log in' is clicked on

2023-03-26 21:35:02 - [TEST_STEP][PASSED] - getText(findTestObject("Object Repository/Page_My account  Katalon Shop/Page_My account  Katalon Shop/strong_KatalonLover"), STOP_ON_FAILURE): Text of object 'Object Repository/Page_My account  Katalon Shop/Page_My account  Katalon Shop/strong_KatalonLover' is: 'KatalonLover'

2023-03-26 21:35:04 - [MESSAGE][PASSED] - Text of object 'Object Repository/Page_My account  Katalon Shop/Page_My account  Katalon Shop/strong_KatalonLover' is: 'KatalonLover'

2023-03-26 21:35:04 - [TEST_STEP][PASSED] - responseString = "KatalonLover": null

2023-03-26 21:35:04 - [TEST_STEP][PASSED] - expectedString = "katalonlover": null

2023-03-26 21:35:04 - [TEST_STEP][PASSED] - if (responseString.toLowerCase() == expectedString): null

2023-03-26 21:35:04 - [TEST_STEP][PASSED] - println("Response is correct"): null]]></system-out>
         <system-err><![CDATA[]]></system-err>
      </testcase>
      <testcase name="Test Cases/Account/Login fails" time="30.243" classname="Test Cases/Account/Login fails" status="PASSED">
         <system-out><![CDATA[2023-03-26 21:35:04 - [TEST_CASE][PASSED] - Test Cases/Account/Login fails: Test Cases/Account/Login fails

2023-03-26 21:35:04 - [TEST_STEP][PASSED] - openBrowser(""): Browser is opened with url: ''

2023-03-26 21:35:04 - [MESSAGE][WARNING] - A browser is already opened. Closing browser and opening a new one

2023-03-26 21:35:04 - [MESSAGE][INFO] - Starting 'Chrome' driver

2023-03-26 21:35:04 - [MESSAGE][INFO] - Action delay is set to 0 milliseconds

2023-03-26 21:35:09 - [MESSAGE][PASSED] - Browser is opened with url: ''

2023-03-26 21:35:09 - [TEST_STEP][PASSED] - navigateToUrl("https://cms.demo.katalon.com/my-account/"): Navigate to 'https://cms.demo.katalon.com/my-account/' successfully

2023-03-26 21:35:16 - [MESSAGE][PASSED] - Navigate to 'https://cms.demo.katalon.com/my-account/' successfully

2023-03-26 21:35:16 - [TEST_STEP][PASSED] - click(findTestObject("Page_My account  Katalon Shop/input__username")): Object: 'Object Repository/Page_My account  Katalon Shop/input__username' is clicked on

2023-03-26 21:35:17 - [MESSAGE][PASSED] - Object: 'Object Repository/Page_My account  Katalon Shop/input__username' is clicked on

2023-03-26 21:35:17 - [TEST_STEP][PASSED] - setText(findTestObject("Page_My account  Katalon Shop/input__username"), username): Text 'customer' is set on object 'Object Repository/Page_My account  Katalon Shop/input__username'

2023-03-26 21:35:18 - [MESSAGE][PASSED] - Text 'customer' is set on object 'Object Repository/Page_My account  Katalon Shop/input__username'

2023-03-26 21:35:18 - [TEST_STEP][PASSED] - click(findTestObject("Page_My account  Katalon Shop/input__password")): Object: 'Object Repository/Page_My account  Katalon Shop/input__password' is clicked on

2023-03-26 21:35:19 - [MESSAGE][PASSED] - Object: 'Object Repository/Page_My account  Katalon Shop/input__password' is clicked on

2023-03-26 21:35:19 - [TEST_STEP][PASSED] - setText(findTestObject("Page_My account  Katalon Shop/input__password"), password): Text 'crz7mrb.KNG3yxv1fbn' is set on object 'Object Repository/Page_My account  Katalon Shop/input__password'

2023-03-26 21:35:23 - [MESSAGE][PASSED] - Text 'crz7mrb.KNG3yxv1fbn' is set on object 'Object Repository/Page_My account  Katalon Shop/input__password'

2023-03-26 21:35:23 - [TEST_STEP][PASSED] - click(findTestObject("Page_My account  Katalon Shop/input__rememberme")): Object: 'Object Repository/Page_My account  Katalon Shop/input__rememberme' is clicked on

2023-03-26 21:35:25 - [MESSAGE][PASSED] - Object: 'Object Repository/Page_My account  Katalon Shop/input__rememberme' is clicked on

2023-03-26 21:35:25 - [TEST_STEP][PASSED] - click(findTestObject("Page_My account  Katalon Shop/button_Log in")): Object: 'Object Repository/Page_My account  Katalon Shop/button_Log in' is clicked on

2023-03-26 21:35:31 - [MESSAGE][PASSED] - Object: 'Object Repository/Page_My account  Katalon Shop/button_Log in' is clicked on

2023-03-26 21:35:31 - [TEST_STEP][PASSED] - getText(findTestObject("Object Repository/Page_My account  Katalon Shop/Page_My account  Katalon Shop/strong_KatalonLover"), STOP_ON_FAILURE): Text of object 'Object Repository/Page_My account  Katalon Shop/Page_My account  Katalon Shop/strong_KatalonLover' is: 'KatalonLover'

2023-03-26 21:35:34 - [MESSAGE][PASSED] - Text of object 'Object Repository/Page_My account  Katalon Shop/Page_My account  Katalon Shop/strong_KatalonLover' is: 'KatalonLover'

2023-03-26 21:35:34 - [TEST_STEP][PASSED] - responseString = "KatalonLover": null

2023-03-26 21:35:34 - [TEST_STEP][PASSED] - expectedString = "katalonlover": null

2023-03-26 21:35:34 - [TEST_STEP][PASSED] - if (responseString.toUpperCase() == expectedString): null

2023-03-26 21:35:34 - [TEST_STEP][PASSED] - else: null

2023-03-26 21:35:34 - [TEST_STEP][PASSED] - println("Response is not correct"): null]]></system-out>
         <system-err><![CDATA[]]></system-err>
      </testcase>
      <testcase name="Test Cases/Account/Log out" time="41.677" classname="Test Cases/Account/Log out" status="PASSED">
         <system-out><![CDATA[2023-03-26 21:35:34 - [TEST_CASE][PASSED] - Test Cases/Account/Log out: Test Cases/Account/Log out

2023-03-26 21:35:34 - [TEST_STEP][PASSED] - callTestCase(findTestCase("Account/Login fails"), [:], STOP_ON_FAILURE): Call Test Case 'Test Cases/Account/Login fails' successfully

2023-03-26 21:35:34 - [TEST_CASE][PASSED] - Test Cases/Account/Login fails: Test Cases/Account/Login fails

2023-03-26 21:35:34 - [TEST_STEP][PASSED] - openBrowser(""): Browser is opened with url: ''

2023-03-26 21:35:34 - [MESSAGE][WARNING] - A browser is already opened. Closing browser and opening a new one

2023-03-26 21:35:34 - [MESSAGE][INFO] - Starting 'Chrome' driver

2023-03-26 21:35:34 - [MESSAGE][INFO] - Action delay is set to 0 milliseconds

2023-03-26 21:35:41 - [MESSAGE][PASSED] - Browser is opened with url: ''

2023-03-26 21:35:41 - [TEST_STEP][PASSED] - navigateToUrl("https://cms.demo.katalon.com/my-account/"): Navigate to 'https://cms.demo.katalon.com/my-account/' successfully

2023-03-26 21:35:51 - [MESSAGE][PASSED] - Navigate to 'https://cms.demo.katalon.com/my-account/' successfully

2023-03-26 21:35:51 - [TEST_STEP][PASSED] - click(findTestObject("Page_My account  Katalon Shop/input__username")): Object: 'Object Repository/Page_My account  Katalon Shop/input__username' is clicked on

2023-03-26 21:35:54 - [MESSAGE][PASSED] - Object: 'Object Repository/Page_My account  Katalon Shop/input__username' is clicked on

2023-03-26 21:35:54 - [TEST_STEP][PASSED] - setText(findTestObject("Page_My account  Katalon Shop/input__username"), username): Text 'customer' is set on object 'Object Repository/Page_My account  Katalon Shop/input__username'

2023-03-26 21:35:58 - [MESSAGE][PASSED] - Text 'customer' is set on object 'Object Repository/Page_My account  Katalon Shop/input__username'

2023-03-26 21:35:58 - [TEST_STEP][PASSED] - click(findTestObject("Page_My account  Katalon Shop/input__password")): Object: 'Object Repository/Page_My account  Katalon Shop/input__password' is clicked on

2023-03-26 21:36:00 - [MESSAGE][PASSED] - Object: 'Object Repository/Page_My account  Katalon Shop/input__password' is clicked on

2023-03-26 21:36:00 - [TEST_STEP][PASSED] - setText(findTestObject("Page_My account  Katalon Shop/input__password"), password): Text 'crz7mrb.KNG3yxv1fbn' is set on object 'Object Repository/Page_My account  Katalon Shop/input__password'

2023-03-26 21:36:04 - [MESSAGE][PASSED] - Text 'crz7mrb.KNG3yxv1fbn' is set on object 'Object Repository/Page_My account  Katalon Shop/input__password'

2023-03-26 21:36:04 - [TEST_STEP][PASSED] - click(findTestObject("Page_My account  Katalon Shop/input__rememberme")): Object: 'Object Repository/Page_My account  Katalon Shop/input__rememberme' is clicked on

2023-03-26 21:36:06 - [MESSAGE][PASSED] - Object: 'Object Repository/Page_My account  Katalon Shop/input__rememberme' is clicked on

2023-03-26 21:36:06 - [TEST_STEP][PASSED] - click(findTestObject("Page_My account  Katalon Shop/button_Log in")): Object: 'Object Repository/Page_My account  Katalon Shop/button_Log in' is clicked on

2023-03-26 21:36:10 - [MESSAGE][PASSED] - Object: 'Object Repository/Page_My account  Katalon Shop/button_Log in' is clicked on

2023-03-26 21:36:10 - [TEST_STEP][PASSED] - getText(findTestObject("Object Repository/Page_My account  Katalon Shop/Page_My account  Katalon Shop/strong_KatalonLover"), STOP_ON_FAILURE): Text of object 'Object Repository/Page_My account  Katalon Shop/Page_My account  Katalon Shop/strong_KatalonLover' is: 'KatalonLover'

2023-03-26 21:36:11 - [MESSAGE][PASSED] - Text of object 'Object Repository/Page_My account  Katalon Shop/Page_My account  Katalon Shop/strong_KatalonLover' is: 'KatalonLover'

2023-03-26 21:36:11 - [TEST_STEP][PASSED] - responseString = "KatalonLover": null

2023-03-26 21:36:11 - [TEST_STEP][PASSED] - expectedString = "katalonlover": null

2023-03-26 21:36:11 - [TEST_STEP][PASSED] - if (responseString.toUpperCase() == expectedString): null

2023-03-26 21:36:11 - [TEST_STEP][PASSED] - else: null

2023-03-26 21:36:11 - [TEST_STEP][PASSED] - println("Response is not correct"): null

2023-03-26 21:36:11 - [MESSAGE][PASSED] - Call Test Case 'Test Cases/Account/Login fails' successfully

2023-03-26 21:36:11 - [TEST_STEP][PASSED] - click(findTestObject("Object Repository/Page_My account  Katalon Shop/Page_My account  Katalon Shop/a_Log out"), STOP_ON_FAILURE): Object: 'Object Repository/Page_My account  Katalon Shop/Page_My account  Katalon Shop/a_Log out' is clicked on

2023-03-26 21:36:15 - [MESSAGE][PASSED] - Object: 'Object Repository/Page_My account  Katalon Shop/Page_My account  Katalon Shop/a_Log out' is clicked on

2023-03-26 21:36:15 - [TEST_STEP][PASSED] - verifyTextPresent("Login", false): Text 'Login' is present on page 

2023-03-26 21:36:16 - [MESSAGE][PASSED] - Text 'Login' is present on page]]></system-out>
         <system-err><![CDATA[]]></system-err>
      </testcase>
      <testcase name="Test Cases/Account/Change password" time="42.134" classname="Test Cases/Account/Change password" status="PASSED">
         <system-out><![CDATA[2023-03-26 21:36:16 - [TEST_CASE][PASSED] - Test Cases/Account/Change password: Test Cases/Account/Change password

2023-03-26 21:36:16 - [TEST_STEP][PASSED] - callTestCase(findTestCase("Account/Log out"), [:], STOP_ON_FAILURE): Call Test Case 'Test Cases/Account/Log out' successfully

2023-03-26 21:36:16 - [TEST_CASE][PASSED] - Test Cases/Account/Log out: Test Cases/Account/Log out

2023-03-26 21:36:16 - [TEST_STEP][PASSED] - callTestCase(findTestCase("Account/Login fails"), [:], STOP_ON_FAILURE): Call Test Case 'Test Cases/Account/Login fails' successfully

2023-03-26 21:36:16 - [TEST_CASE][PASSED] - Test Cases/Account/Login fails: Test Cases/Account/Login fails

2023-03-26 21:36:16 - [TEST_STEP][PASSED] - openBrowser(""): Browser is opened with url: ''

2023-03-26 21:36:16 - [MESSAGE][WARNING] - A browser is already opened. Closing browser and opening a new one

2023-03-26 21:36:16 - [MESSAGE][INFO] - Starting 'Chrome' driver

2023-03-26 21:36:16 - [MESSAGE][INFO] - Action delay is set to 0 milliseconds

2023-03-26 21:36:21 - [MESSAGE][PASSED] - Browser is opened with url: ''

2023-03-26 21:36:21 - [TEST_STEP][PASSED] - navigateToUrl("https://cms.demo.katalon.com/my-account/"): Navigate to 'https://cms.demo.katalon.com/my-account/' successfully

2023-03-26 21:36:30 - [MESSAGE][PASSED] - Navigate to 'https://cms.demo.katalon.com/my-account/' successfully

2023-03-26 21:36:30 - [TEST_STEP][PASSED] - click(findTestObject("Page_My account  Katalon Shop/input__username")): Object: 'Object Repository/Page_My account  Katalon Shop/input__username' is clicked on

2023-03-26 21:36:31 - [MESSAGE][PASSED] - Object: 'Object Repository/Page_My account  Katalon Shop/input__username' is clicked on

2023-03-26 21:36:31 - [TEST_STEP][PASSED] - setText(findTestObject("Page_My account  Katalon Shop/input__username"), username): Text 'customer' is set on object 'Object Repository/Page_My account  Katalon Shop/input__username'

2023-03-26 21:36:32 - [MESSAGE][PASSED] - Text 'customer' is set on object 'Object Repository/Page_My account  Katalon Shop/input__username'

2023-03-26 21:36:32 - [TEST_STEP][PASSED] - click(findTestObject("Page_My account  Katalon Shop/input__password")): Object: 'Object Repository/Page_My account  Katalon Shop/input__password' is clicked on

2023-03-26 21:36:33 - [MESSAGE][PASSED] - Object: 'Object Repository/Page_My account  Katalon Shop/input__password' is clicked on

2023-03-26 21:36:33 - [TEST_STEP][PASSED] - setText(findTestObject("Page_My account  Katalon Shop/input__password"), password): Text 'crz7mrb.KNG3yxv1fbn' is set on object 'Object Repository/Page_My account  Katalon Shop/input__password'

2023-03-26 21:36:34 - [MESSAGE][PASSED] - Text 'crz7mrb.KNG3yxv1fbn' is set on object 'Object Repository/Page_My account  Katalon Shop/input__password'

2023-03-26 21:36:34 - [TEST_STEP][PASSED] - click(findTestObject("Page_My account  Katalon Shop/input__rememberme")): Object: 'Object Repository/Page_My account  Katalon Shop/input__rememberme' is clicked on

2023-03-26 21:36:34 - [MESSAGE][PASSED] - Object: 'Object Repository/Page_My account  Katalon Shop/input__rememberme' is clicked on

2023-03-26 21:36:34 - [TEST_STEP][PASSED] - click(findTestObject("Page_My account  Katalon Shop/button_Log in")): Object: 'Object Repository/Page_My account  Katalon Shop/button_Log in' is clicked on

2023-03-26 21:36:37 - [MESSAGE][PASSED] - Object: 'Object Repository/Page_My account  Katalon Shop/button_Log in' is clicked on

2023-03-26 21:36:37 - [TEST_STEP][PASSED] - getText(findTestObject("Object Repository/Page_My account  Katalon Shop/Page_My account  Katalon Shop/strong_KatalonLover"), STOP_ON_FAILURE): Text of object 'Object Repository/Page_My account  Katalon Shop/Page_My account  Katalon Shop/strong_KatalonLover' is: 'KatalonLover'

2023-03-26 21:36:37 - [MESSAGE][PASSED] - Text of object 'Object Repository/Page_My account  Katalon Shop/Page_My account  Katalon Shop/strong_KatalonLover' is: 'KatalonLover'

2023-03-26 21:36:37 - [TEST_STEP][PASSED] - responseString = "KatalonLover": null

2023-03-26 21:36:37 - [TEST_STEP][PASSED] - expectedString = "katalonlover": null

2023-03-26 21:36:37 - [TEST_STEP][PASSED] - if (responseString.toUpperCase() == expectedString): null

2023-03-26 21:36:37 - [TEST_STEP][PASSED] - else: null

2023-03-26 21:36:37 - [TEST_STEP][PASSED] - println("Response is not correct"): null

2023-03-26 21:36:37 - [MESSAGE][PASSED] - Call Test Case 'Test Cases/Account/Login fails' successfully

2023-03-26 21:36:37 - [TEST_STEP][PASSED] - click(findTestObject("Object Repository/Page_My account  Katalon Shop/Page_My account  Katalon Shop/a_Log out"), STOP_ON_FAILURE): Object: 'Object Repository/Page_My account  Katalon Shop/Page_My account  Katalon Shop/a_Log out' is clicked on

2023-03-26 21:36:42 - [MESSAGE][PASSED] - Object: 'Object Repository/Page_My account  Katalon Shop/Page_My account  Katalon Shop/a_Log out' is clicked on

2023-03-26 21:36:42 - [TEST_STEP][PASSED] - verifyTextPresent("Login", false): Text 'Login' is present on page 

2023-03-26 21:36:44 - [MESSAGE][PASSED] - Text 'Login' is present on page 

2023-03-26 21:36:44 - [MESSAGE][PASSED] - Call Test Case 'Test Cases/Account/Log out' successfully

2023-03-26 21:36:44 - [TEST_STEP][PASSED] - click(findTestObject("Object Repository/Page_My account  Katalon Shop/a_Lost your password")): Object: 'Object Repository/Page_My account  Katalon Shop/a_Lost your password' is clicked on

2023-03-26 21:36:54 - [MESSAGE][PASSED] - Object: 'Object Repository/Page_My account  Katalon Shop/a_Lost your password' is clicked on

2023-03-26 21:36:54 - [TEST_STEP][PASSED] - click(findTestObject("Object Repository/Page_My account  Katalon Shop/input_Username or email_user_login")): Object: 'Object Repository/Page_My account  Katalon Shop/input_Username or email_user_login' is clicked on

2023-03-26 21:36:54 - [MESSAGE][PASSED] - Object: 'Object Repository/Page_My account  Katalon Shop/input_Username or email_user_login' is clicked on

2023-03-26 21:36:54 - [TEST_STEP][PASSED] - setText(findTestObject("Object Repository/Page_My account  Katalon Shop/input_Username or email_user_login"), "customer"): Text 'customer' is set on object 'Object Repository/Page_My account  Katalon Shop/input_Username or email_user_login'

2023-03-26 21:36:55 - [MESSAGE][PASSED] - Text 'customer' is set on object 'Object Repository/Page_My account  Katalon Shop/input_Username or email_user_login'

2023-03-26 21:36:55 - [TEST_STEP][PASSED] - click(findTestObject("Object Repository/Page_My account  Katalon Shop/button_Reset password")): Object: 'Object Repository/Page_My account  Katalon Shop/button_Reset password' is clicked on

2023-03-26 21:36:57 - [MESSAGE][PASSED] - Object: 'Object Repository/Page_My account  Katalon Shop/button_Reset password' is clicked on

2023-03-26 21:36:57 - [TEST_STEP][PASSED] - verifyElementText(findTestObject("Object Repository/Page_My account  Katalon Shop/li_Password reset is not allowed for this user"), "Password reset is not allowed for this user"): Actual text and expected text of test object 'Object Repository/Page_My account  Katalon Shop/li_Password reset is not allowed for this user' are matched.

2023-03-26 21:36:58 - [MESSAGE][PASSED] - Actual text and expected text of test object 'Object Repository/Page_My account  Katalon Shop/li_Password reset is not allowed for this user' are matched.]]></system-out>
         <system-err><![CDATA[]]></system-err>
      </testcase>
      <system-out><![CDATA[2023-03-26 21:34:25 - [TEST_SUITE][PASSED] - TS_Account: Test Cases/Account/Change password]]></system-out>
      <system-err><![CDATA[]]></system-err>
   </testsuite>
</testsuites>
