<?xml version="1.0" encoding="UTF-8"?>
<testsuites name="TS_Account" time="44.386" tests="1" failures="0" errors="0">
   <testsuite name="TS_Account" tests="1" failures="0" errors="0" time="44.386" skipped="0" timestamp="2023-06-28 09:36:39" hostname="thanh.pnguyen - localhost" id="Test Suites/New Folder/TS_Account">
      <properties>
         <property name="deviceName" value=""/>
         <property name="devicePlatform" value=""/>
         <property name="logFolder" value="/Users/thanh.pnguyen/Documents/Katalon/Certificate/Reports/20230628_093629/New Folder/TS_Account/20230628_093629"/>
         <property name="logFiles" value="/Users/thanh.pnguyen/Documents/Katalon/Certificate/Reports/20230628_093629/New Folder/TS_Account/20230628_093629/execution0.log"/>
         <property name="attachments" value=""/>
         <property name="hostName" value="thanh.pnguyen - localhost"/>
         <property name="os" value="Mac OS X 64bit"/>
         <property name="katalonVersion" value="8.6.5.208"/>
         <property name="browser" value="Chrome 114.0.5735.198"/>
         <property name="hostAddress" value="10.10.34.12"/>
         <property name="sessionId" value="a1300e79d0419010c380fda13d1b59c8"/>
         <property name="seleniumVersion" value="3.141.59"/>
         <property name="proxyInformation" value="ProxyInformation { proxyOption=NO_PROXY, proxyServerType=HTTP, username=, password=********, proxyServerAddress=, proxyServerPort=0, executionList=&quot;&quot;, isApplyToDesiredCapabilities=true }"/>
         <property name="platform" value="Mac OS X"/>
      </properties>
      <testcase name="Test Cases/Account/Login fails" time="43.969" classname="Test Cases/Account/Login fails" status="PASSED">
         <system-out><![CDATA[2023-06-28 09:36:39 - [TEST_CASE][PASSED] - Test Cases/Account/Login fails: Test Cases/Account/Login fails

2023-06-28 09:36:39 - [TEST_STEP][PASSED] - Start listener action : enableSauceLabs: Invoke 'com.kms.katalon.core.annotation.BeforeTestCase' method: 'SauceLabsTestListener.enableSauceLabs(...)' completed.

2023-06-28 09:36:39 - [MESSAGE][INFO] - Starting invoke 'com.kms.katalon.core.annotation.BeforeTestCase' method: 'SauceLabsTestListener.enableSauceLabs(...)'

2023-06-28 09:36:39 - [MESSAGE][INFO] - [SAUCELABS] Current run configuration: Chrome (headless)

2023-06-28 09:36:39 - [MESSAGE][INFO] - [SAUCELABS] Saucelabs Plugin will not attempt to auto update job status and information !

2023-06-28 09:36:39 - [MESSAGE][INFO] - Invoke 'com.kms.katalon.core.annotation.BeforeTestCase' method: 'SauceLabsTestListener.enableSauceLabs(...)' completed.

2023-06-28 09:36:40 - [TEST_STEP][PASSED] - openBrowser(""): Browser is opened with url: ''

2023-06-28 09:36:40 - [MESSAGE][INFO] - Opening browser

2023-06-28 09:36:40 - [MESSAGE][INFO] - Starting 'Chrome (headless)' driver

2023-06-28 09:36:40 - [MESSAGE][INFO] - User set preference: ['args', '[--no-sandbox, --disable-dev-shm-usage, --disable-gpu, --disable-extensions, --remote-debugging-port=9222, --crash-dumps-dir=/tmp, --window-size=1440,900]']

2023-06-28 09:36:40 - [MESSAGE][INFO] - User set preference: ['pageLoadStrategy', 'eager']

2023-06-28 09:36:40 - [MESSAGE][INFO] - Action delay is set to 3,000 milliseconds

2023-06-28 09:36:46 - [MESSAGE][PASSED] - Browser is opened with url: ''

2023-06-28 09:36:46 - [TEST_STEP][PASSED] - navigateToUrl("https://cms.demo.katalon.com/my-account/"): Navigate to 'https://cms.demo.katalon.com/my-account/' successfully

2023-06-28 09:36:46 - [MESSAGE][INFO] - Checking url

2023-06-28 09:36:46 - [MESSAGE][INFO] - Navigating to 'https://cms.demo.katalon.com/my-account/'

2023-06-28 09:36:54 - [MESSAGE][PASSED] - Navigate to 'https://cms.demo.katalon.com/my-account/' successfully

2023-06-28 09:36:54 - [TEST_STEP][PASSED] - click(findTestObject("Page_My account  Katalon Shop/input__username")): Object: 'Object Repository/Page_My account  Katalon Shop/input__username' is clicked on

2023-06-28 09:36:54 - [MESSAGE][INFO] - Finding Test Object 'Object Repository/Page_My account  Katalon Shop/input__username'

2023-06-28 09:36:54 - [MESSAGE][INFO] - Checking object

2023-06-28 09:36:54 - [MESSAGE][INFO] - Checking timeout

2023-06-28 09:36:54 - [MESSAGE][INFO] - Finding web element from Test Object's properties

2023-06-28 09:36:54 - [MESSAGE][INFO] - Checking timeout

2023-06-28 09:36:54 - [MESSAGE][INFO] - Finding web element with id: 'Object Repository/Page_My account  Katalon Shop/input__username' located by 'By.xpath: //input[@id='username']' in '30' second(s)

2023-06-28 09:36:54 - [MESSAGE][INFO] - Found 1 web elements with id: 'Object Repository/Page_My account  Katalon Shop/input__username' located by 'By.xpath: //input[@id='username']' in '30' second(s)

2023-06-28 09:36:54 - [MESSAGE][INFO] - Clicking on object: 'Object Repository/Page_My account  Katalon Shop/input__username'

2023-06-28 09:36:57 - [MESSAGE][PASSED] - Object: 'Object Repository/Page_My account  Katalon Shop/input__username' is clicked on

2023-06-28 09:36:57 - [TEST_STEP][PASSED] - setText(findTestObject("Page_My account  Katalon Shop/input__username"), username): Text 'customer' is set on object 'Object Repository/Page_My account  Katalon Shop/input__username'

2023-06-28 09:36:57 - [MESSAGE][INFO] - Finding Test Object 'Object Repository/Page_My account  Katalon Shop/input__username'

2023-06-28 09:36:57 - [MESSAGE][INFO] - Checking object

2023-06-28 09:36:57 - [MESSAGE][INFO] - Checking text

2023-06-28 09:36:57 - [MESSAGE][INFO] - Finding web element from Test Object's properties

2023-06-28 09:36:57 - [MESSAGE][INFO] - Checking timeout

2023-06-28 09:36:57 - [MESSAGE][INFO] - Finding web element with id: 'Object Repository/Page_My account  Katalon Shop/input__username' located by 'By.xpath: //input[@id='username']' in '30' second(s)

2023-06-28 09:36:57 - [MESSAGE][INFO] - Found 1 web elements with id: 'Object Repository/Page_My account  Katalon Shop/input__username' located by 'By.xpath: //input[@id='username']' in '30' second(s)

2023-06-28 09:36:57 - [MESSAGE][INFO] - Clearing text of object 'Object Repository/Page_My account  Katalon Shop/input__username'

2023-06-28 09:37:01 - [MESSAGE][INFO] - Finding web element from Test Object's properties

2023-06-28 09:37:01 - [MESSAGE][INFO] - Checking timeout

2023-06-28 09:37:01 - [MESSAGE][INFO] - Finding web element with id: 'Object Repository/Page_My account  Katalon Shop/input__username' located by 'By.xpath: //input[@id='username']' in '30' second(s)

2023-06-28 09:37:01 - [MESSAGE][INFO] - Found 1 web elements with id: 'Object Repository/Page_My account  Katalon Shop/input__username' located by 'By.xpath: //input[@id='username']' in '30' second(s)

2023-06-28 09:37:01 - [MESSAGE][INFO] - Setting text of object 'Object Repository/Page_My account  Katalon Shop/input__username' to value 'customer'

2023-06-28 09:37:04 - [MESSAGE][PASSED] - Text 'customer' is set on object 'Object Repository/Page_My account  Katalon Shop/input__username'

2023-06-28 09:37:04 - [TEST_STEP][PASSED] - click(findTestObject("Page_My account  Katalon Shop/input__password")): Object: 'Object Repository/Page_My account  Katalon Shop/input__password' is clicked on

2023-06-28 09:37:04 - [MESSAGE][INFO] - Finding Test Object 'Object Repository/Page_My account  Katalon Shop/input__password'

2023-06-28 09:37:04 - [MESSAGE][INFO] - Checking object

2023-06-28 09:37:04 - [MESSAGE][INFO] - Checking timeout

2023-06-28 09:37:04 - [MESSAGE][INFO] - Finding web element from Test Object's properties

2023-06-28 09:37:04 - [MESSAGE][INFO] - Checking timeout

2023-06-28 09:37:04 - [MESSAGE][INFO] - Finding web element with id: 'Object Repository/Page_My account  Katalon Shop/input__password' located by 'By.xpath: //input[@id='password']' in '30' second(s)

2023-06-28 09:37:04 - [MESSAGE][INFO] - Found 1 web elements with id: 'Object Repository/Page_My account  Katalon Shop/input__password' located by 'By.xpath: //input[@id='password']' in '30' second(s)

2023-06-28 09:37:04 - [MESSAGE][INFO] - Clicking on object: 'Object Repository/Page_My account  Katalon Shop/input__password'

2023-06-28 09:37:07 - [MESSAGE][PASSED] - Object: 'Object Repository/Page_My account  Katalon Shop/input__password' is clicked on

2023-06-28 09:37:07 - [TEST_STEP][PASSED] - setText(findTestObject("Page_My account  Katalon Shop/input__password"), password): Text 'crz7mrb.KNG3yxv1fbn' is set on object 'Object Repository/Page_My account  Katalon Shop/input__password'

2023-06-28 09:37:07 - [MESSAGE][INFO] - Finding Test Object 'Object Repository/Page_My account  Katalon Shop/input__password'

2023-06-28 09:37:07 - [MESSAGE][INFO] - Checking object

2023-06-28 09:37:07 - [MESSAGE][INFO] - Checking text

2023-06-28 09:37:07 - [MESSAGE][INFO] - Finding web element from Test Object's properties

2023-06-28 09:37:07 - [MESSAGE][INFO] - Checking timeout

2023-06-28 09:37:07 - [MESSAGE][INFO] - Finding web element with id: 'Object Repository/Page_My account  Katalon Shop/input__password' located by 'By.xpath: //input[@id='password']' in '30' second(s)

2023-06-28 09:37:07 - [MESSAGE][INFO] - Found 1 web elements with id: 'Object Repository/Page_My account  Katalon Shop/input__password' located by 'By.xpath: //input[@id='password']' in '30' second(s)

2023-06-28 09:37:07 - [MESSAGE][INFO] - Clearing text of object 'Object Repository/Page_My account  Katalon Shop/input__password'

2023-06-28 09:37:10 - [MESSAGE][INFO] - Finding web element from Test Object's properties

2023-06-28 09:37:10 - [MESSAGE][INFO] - Checking timeout

2023-06-28 09:37:10 - [MESSAGE][INFO] - Finding web element with id: 'Object Repository/Page_My account  Katalon Shop/input__password' located by 'By.xpath: //input[@id='password']' in '30' second(s)

2023-06-28 09:37:11 - [MESSAGE][INFO] - Found 1 web elements with id: 'Object Repository/Page_My account  Katalon Shop/input__password' located by 'By.xpath: //input[@id='password']' in '30' second(s)

2023-06-28 09:37:11 - [MESSAGE][INFO] - Setting text of object 'Object Repository/Page_My account  Katalon Shop/input__password' to value 'crz7mrb.KNG3yxv1fbn'

2023-06-28 09:37:14 - [MESSAGE][PASSED] - Text 'crz7mrb.KNG3yxv1fbn' is set on object 'Object Repository/Page_My account  Katalon Shop/input__password'

2023-06-28 09:37:14 - [TEST_STEP][PASSED] - click(findTestObject("Page_My account  Katalon Shop/input__rememberme")): Object: 'Object Repository/Page_My account  Katalon Shop/input__rememberme' is clicked on

2023-06-28 09:37:14 - [MESSAGE][INFO] - Finding Test Object 'Object Repository/Page_My account  Katalon Shop/input__rememberme'

2023-06-28 09:37:14 - [MESSAGE][INFO] - Checking object

2023-06-28 09:37:14 - [MESSAGE][INFO] - Checking timeout

2023-06-28 09:37:14 - [MESSAGE][INFO] - Finding web element from Test Object's properties

2023-06-28 09:37:14 - [MESSAGE][INFO] - Checking timeout

2023-06-28 09:37:14 - [MESSAGE][INFO] - Finding web element with id: 'Object Repository/Page_My account  Katalon Shop/input__rememberme' located by 'By.xpath: //input[@id='rememberme']' in '30' second(s)

2023-06-28 09:37:14 - [MESSAGE][INFO] - Found 1 web elements with id: 'Object Repository/Page_My account  Katalon Shop/input__rememberme' located by 'By.xpath: //input[@id='rememberme']' in '30' second(s)

2023-06-28 09:37:14 - [MESSAGE][INFO] - Clicking on object: 'Object Repository/Page_My account  Katalon Shop/input__rememberme'

2023-06-28 09:37:17 - [MESSAGE][PASSED] - Object: 'Object Repository/Page_My account  Katalon Shop/input__rememberme' is clicked on

2023-06-28 09:37:17 - [TEST_STEP][PASSED] - click(findTestObject("Page_My account  Katalon Shop/button_Log in")): Object: 'Object Repository/Page_My account  Katalon Shop/button_Log in' is clicked on

2023-06-28 09:37:17 - [MESSAGE][INFO] - Finding Test Object 'Object Repository/Page_My account  Katalon Shop/button_Log in'

2023-06-28 09:37:17 - [MESSAGE][INFO] - Checking object

2023-06-28 09:37:17 - [MESSAGE][INFO] - Checking timeout

2023-06-28 09:37:17 - [MESSAGE][INFO] - Finding web element from Test Object's properties

2023-06-28 09:37:17 - [MESSAGE][INFO] - Checking timeout

2023-06-28 09:37:17 - [MESSAGE][INFO] - Finding web element with id: 'Object Repository/Page_My account  Katalon Shop/button_Log in' located by 'By.xpath: //button[@name='login']' in '30' second(s)

2023-06-28 09:37:17 - [MESSAGE][INFO] - Found 1 web elements with id: 'Object Repository/Page_My account  Katalon Shop/button_Log in' located by 'By.xpath: //button[@name='login']' in '30' second(s)

2023-06-28 09:37:17 - [MESSAGE][INFO] - Clicking on object: 'Object Repository/Page_My account  Katalon Shop/button_Log in'

2023-06-28 09:37:23 - [MESSAGE][PASSED] - Object: 'Object Repository/Page_My account  Katalon Shop/button_Log in' is clicked on

2023-06-28 09:37:23 - [TEST_STEP][PASSED] - getText(findTestObject("Object Repository/Page_My account  Katalon Shop/Page_My account  Katalon Shop/strong_KatalonLover"), STOP_ON_FAILURE): Text of object 'Object Repository/Page_My account  Katalon Shop/Page_My account  Katalon Shop/strong_KatalonLover' is: 'KatalonLover'

2023-06-28 09:37:23 - [MESSAGE][INFO] - Finding Test Object 'Object Repository/Page_My account  Katalon Shop/Page_My account  Katalon Shop/strong_KatalonLover'

2023-06-28 09:37:23 - [MESSAGE][INFO] - Checking object

2023-06-28 09:37:23 - [MESSAGE][INFO] - Finding web element from Test Object's properties

2023-06-28 09:37:23 - [MESSAGE][INFO] - Checking timeout

2023-06-28 09:37:23 - [MESSAGE][INFO] - Finding web element with id: 'Object Repository/Page_My account  Katalon Shop/Page_My account  Katalon Shop/strong_KatalonLover' located by 'By.xpath: //article[@id='post-10']/div/div/div/p/strong' in '30' second(s)

2023-06-28 09:37:23 - [MESSAGE][INFO] - Found 2 web elements with id: 'Object Repository/Page_My account  Katalon Shop/Page_My account  Katalon Shop/strong_KatalonLover' located by 'By.xpath: //article[@id='post-10']/div/div/div/p/strong' in '30' second(s)

2023-06-28 09:37:23 - [MESSAGE][INFO] - Getting text of object 'Object Repository/Page_My account  Katalon Shop/Page_My account  Katalon Shop/strong_KatalonLover'

2023-06-28 09:37:23 - [MESSAGE][PASSED] - Text of object 'Object Repository/Page_My account  Katalon Shop/Page_My account  Katalon Shop/strong_KatalonLover' is: 'KatalonLover'

2023-06-28 09:37:23 - [TEST_STEP][PASSED] - responseString = "KatalonLover": null

2023-06-28 09:37:23 - [TEST_STEP][PASSED] - expectedString = "katalonlover": null

2023-06-28 09:37:23 - [TEST_STEP][PASSED] - if (responseString.toUpperCase() == expectedString): null

2023-06-28 09:37:23 - [TEST_STEP][PASSED] - else: null

2023-06-28 09:37:23 - [TEST_STEP][PASSED] - println("Response is not correct"): null

2023-06-28 09:37:23 - [TEST_STEP][PASSED] - closeBrowser(): Browser is closed

2023-06-28 09:37:23 - [MESSAGE][INFO] - Closing browser

2023-06-28 09:37:23 - [MESSAGE][PASSED] - Browser is closed

2023-06-28 09:37:23 - [TEST_STEP][PASSED] - Start listener action : autoUpdateJobStatus: Invoke 'com.kms.katalon.core.annotation.AfterTestCase' method: 'SauceLabsTestListener.autoUpdateJobStatus(...)' completed.

2023-06-28 09:37:23 - [MESSAGE][INFO] - Starting invoke 'com.kms.katalon.core.annotation.AfterTestCase' method: 'SauceLabsTestListener.autoUpdateJobStatus(...)'

2023-06-28 09:37:23 - [MESSAGE][INFO] - [SAUCELABS] Current run configuration: Chrome (headless)

2023-06-28 09:37:23 - [MESSAGE][INFO] - Invoke 'com.kms.katalon.core.annotation.AfterTestCase' method: 'SauceLabsTestListener.autoUpdateJobStatus(...)' completed.]]></system-out>
         <system-err><![CDATA[]]></system-err>
      </testcase>
      <system-out><![CDATA[2023-06-28 09:36:39 - [TEST_SUITE][PASSED] - TS_Account: Test Cases/Account/Login fails]]></system-out>
      <system-err><![CDATA[]]></system-err>
   </testsuite>
</testsuites>
