<?xml version="1.0" encoding="UTF-8"?>
<testsuites name="TS_Check order" time="44.486" tests="1" failures="0" errors="0">
   <testsuite name="TS_Check order" tests="1" failures="0" errors="0" time="44.486" skipped="0" timestamp="2023-04-12 10:07:20" hostname="thanh.pnguyen - 10.10.34.184" id="Test Suites/TS_Check order">
      <properties>
         <property name="deviceName" value=""/>
         <property name="devicePlatform" value=""/>
         <property name="logFolder" value="/Users/thanh.pnguyen/Documents/Katalon/Certificate/Reports/20230412_100347/TS_Check order/20230412_100419"/>
         <property name="logFiles" value="/Users/thanh.pnguyen/Documents/Katalon/Certificate/Reports/20230412_100347/TS_Check order/20230412_100419/execution0.log"/>
         <property name="attachments" value=""/>
         <property name="hostName" value="thanh.pnguyen - 10.10.34.184"/>
         <property name="os" value="Mac OS X 64bit"/>
         <property name="katalonVersion" value="8.4.1.208"/>
         <property name="browser" value="Chrome 112.0.5615.49"/>
         <property name="hostAddress" value="10.10.34.184"/>
         <property name="sessionId" value="0095ee5ee0b3c485dee93f4818b3eef4"/>
         <property name="seleniumVersion" value="3.141.59"/>
         <property name="proxyInformation" value="ProxyInformation { proxyOption=NO_PROXY, proxyServerType=HTTP, username=, password=********, proxyServerAddress=, proxyServerPort=0, executionList=&quot;&quot;, isApplyToDesiredCapabilities=true }"/>
         <property name="platform" value="Mac OS X"/>
      </properties>
      <testcase name="Test Cases/Order Process/Check order 02" time="44.053" classname="Test Cases/Order Process/Check order 02" status="PASSED">
         <system-out><![CDATA[2023-04-12 10:07:20 - [TEST_CASE][PASSED] - Test Cases/Order Process/Check order 02: Test Cases/Order Process/Check order 02

2023-04-12 10:07:21 - [TEST_STEP][PASSED] - callTestCase(findTestCase("Account/Login successfully"), [:], STOP_ON_FAILURE): Call Test Case 'Test Cases/Account/Login successfully' successfully

2023-04-12 10:07:21 - [TEST_CASE][PASSED] - Test Cases/Account/Login successfully: Test Cases/Account/Login successfully

2023-04-12 10:07:21 - [TEST_STEP][PASSED] - openBrowser(""): Browser is opened with url: ''

2023-04-12 10:07:22 - [MESSAGE][INFO] - Starting 'Chrome (headless)' driver

2023-04-12 10:07:22 - [MESSAGE][INFO] - User set preference: ['args', '[--window-size=1152,864, --no-sandbox]']

2023-04-12 10:07:22 - [MESSAGE][INFO] - Action delay is set to 0 milliseconds

2023-04-12 10:07:26 - [MESSAGE][PASSED] - Browser is opened with url: ''

2023-04-12 10:07:26 - [TEST_STEP][PASSED] - navigateToUrl("https://cms.demo.katalon.com/my-account/"): Navigate to 'https://cms.demo.katalon.com/my-account/' successfully

2023-04-12 10:07:30 - [MESSAGE][PASSED] - Navigate to 'https://cms.demo.katalon.com/my-account/' successfully

2023-04-12 10:07:30 - [TEST_STEP][PASSED] - click(findTestObject("Page_My account  Katalon Shop/input__username")): Object: 'Object Repository/Page_My account  Katalon Shop/input__username' is clicked on

2023-04-12 10:07:31 - [MESSAGE][PASSED] - Object: 'Object Repository/Page_My account  Katalon Shop/input__username' is clicked on

2023-04-12 10:07:31 - [TEST_STEP][PASSED] - setText(findTestObject("Page_My account  Katalon Shop/input__username"), username): Text 'customer' is set on object 'Object Repository/Page_My account  Katalon Shop/input__username'

2023-04-12 10:07:31 - [MESSAGE][PASSED] - Text 'customer' is set on object 'Object Repository/Page_My account  Katalon Shop/input__username'

2023-04-12 10:07:31 - [TEST_STEP][PASSED] - click(findTestObject("Page_My account  Katalon Shop/input__password")): Object: 'Object Repository/Page_My account  Katalon Shop/input__password' is clicked on

2023-04-12 10:07:31 - [MESSAGE][PASSED] - Object: 'Object Repository/Page_My account  Katalon Shop/input__password' is clicked on

2023-04-12 10:07:31 - [TEST_STEP][PASSED] - setText(findTestObject("Page_My account  Katalon Shop/input__password"), password): Text 'crz7mrb.KNG3yxv1fbn' is set on object 'Object Repository/Page_My account  Katalon Shop/input__password'

2023-04-12 10:07:32 - [MESSAGE][PASSED] - Text 'crz7mrb.KNG3yxv1fbn' is set on object 'Object Repository/Page_My account  Katalon Shop/input__password'

2023-04-12 10:07:32 - [TEST_STEP][PASSED] - click(findTestObject("Page_My account  Katalon Shop/input__rememberme")): Object: 'Object Repository/Page_My account  Katalon Shop/input__rememberme' is clicked on

2023-04-12 10:07:32 - [MESSAGE][PASSED] - Object: 'Object Repository/Page_My account  Katalon Shop/input__rememberme' is clicked on

2023-04-12 10:07:32 - [TEST_STEP][PASSED] - click(findTestObject("Page_My account  Katalon Shop/button_Log in")): Object: 'Object Repository/Page_My account  Katalon Shop/button_Log in' is clicked on

2023-04-12 10:07:34 - [MESSAGE][PASSED] - Object: 'Object Repository/Page_My account  Katalon Shop/button_Log in' is clicked on

2023-04-12 10:07:34 - [TEST_STEP][PASSED] - getText(findTestObject("Object Repository/Page_My account  Katalon Shop/Page_My account  Katalon Shop/strong_KatalonLover"), STOP_ON_FAILURE): Text of object 'Object Repository/Page_My account  Katalon Shop/Page_My account  Katalon Shop/strong_KatalonLover' is: 'KatalonLover'

2023-04-12 10:07:34 - [MESSAGE][PASSED] - Text of object 'Object Repository/Page_My account  Katalon Shop/Page_My account  Katalon Shop/strong_KatalonLover' is: 'KatalonLover'

2023-04-12 10:07:34 - [TEST_STEP][PASSED] - responseString = "KatalonLover": null

2023-04-12 10:07:34 - [TEST_STEP][PASSED] - expectedString = "katalonlover": null

2023-04-12 10:07:34 - [TEST_STEP][PASSED] - if (responseString.toLowerCase() == expectedString): null

2023-04-12 10:07:34 - [TEST_STEP][PASSED] - println("Response is correct"): null

2023-04-12 10:07:34 - [MESSAGE][PASSED] - Call Test Case 'Test Cases/Account/Login successfully' successfully

2023-04-12 10:07:34 - [TEST_STEP][PASSED] - click(findTestObject("Page_My account  Katalon Shop/Page_Katalon Shop  Katalon Ecommerce/Page_Cart  Katalon Shop/a_Cart")): Object: 'Object Repository/Page_My account  Katalon Shop/Page_Katalon Shop  Katalon Ecommerce/Page_Cart  Katalon Shop/a_Cart' is clicked on

2023-04-12 10:07:38 - [MESSAGE][PASSED] - Object: 'Object Repository/Page_My account  Katalon Shop/Page_Katalon Shop  Katalon Ecommerce/Page_Cart  Katalon Shop/a_Cart' is clicked on

2023-04-12 10:07:38 - [TEST_STEP][PASSED] - SamplePageTitle = getWindowTitle(): Current window's title is: 'Cart – Katalon Shop'

2023-04-12 10:07:38 - [MESSAGE][PASSED] - Current window's title is: 'Cart – Katalon Shop'

2023-04-12 10:07:38 - [TEST_STEP][PASSED] - verifyMatch(SamplePageTitle, "Cart – Katalon Shop", false): Actual text 'Cart – Katalon Shop' and expected text 'Cart – Katalon Shop' are matched 

2023-04-12 10:07:38 - [MESSAGE][PASSED] - Actual text 'Cart – Katalon Shop' and expected text 'Cart – Katalon Shop' are matched 

2023-04-12 10:07:38 - [TEST_STEP][PASSED] - waitForElementPresent(findTestObject("Page_My account  Katalon Shop/Page_Katalon Shop  Katalon Ecommerce/img__attachment-woocommerce_thumbnail size-woocommerce_thumbnail"), 5): Object 'Object Repository/Page_My account  Katalon Shop/Page_Katalon Shop  Katalon Ecommerce/img__attachment-woocommerce_thumbnail size-woocommerce_thumbnail' is present

2023-04-12 10:07:38 - [MESSAGE][PASSED] - Object 'Object Repository/Page_My account  Katalon Shop/Page_Katalon Shop  Katalon Ecommerce/img__attachment-woocommerce_thumbnail size-woocommerce_thumbnail' is present

2023-04-12 10:07:38 - [TEST_STEP][PASSED] - verifyTextPresent("Ship Your Idea", false): Text 'Ship Your Idea' is present on page 

2023-04-12 10:07:39 - [MESSAGE][PASSED] - Text 'Ship Your Idea' is present on page 

2023-04-12 10:07:39 - [TEST_STEP][PASSED] - verifyEqual("2", "2"): Actual object '2' and expected object '2' are equal

2023-04-12 10:07:39 - [MESSAGE][PASSED] - Actual object '2' and expected object '2' are equal

2023-04-12 10:07:39 - [TEST_STEP][PASSED] - scrollToElement(findTestObject("Page_My account  Katalon Shop/Page_Katalon Shop  Katalon Ecommerce/Page_Cart  Katalon Shop/button_Update cart"), 0): Scroll to object 'Object Repository/Page_My account  Katalon Shop/Page_Katalon Shop  Katalon Ecommerce/Page_Cart  Katalon Shop/button_Update cart' successfully

2023-04-12 10:07:39 - [MESSAGE][WARNING] - Timeout '0' is invalid. Using default page load timeout: '30'

2023-04-12 10:07:39 - [MESSAGE][PASSED] - Scroll to object 'Object Repository/Page_My account  Katalon Shop/Page_Katalon Shop  Katalon Ecommerce/Page_Cart  Katalon Shop/button_Update cart' successfully

2023-04-12 10:07:39 - [TEST_STEP][PASSED] - callTestCase(findTestCase("Order Process/03 Change address"), [:], STOP_ON_FAILURE): Call Test Case 'Test Cases/Order Process/03 Change address' successfully

2023-04-12 10:07:39 - [TEST_CASE][PASSED] - Test Cases/Order Process/03 Change address: Test Cases/Order Process/03 Change address

2023-04-12 10:07:40 - [TEST_STEP][PASSED] - click(findTestObject("Object Repository/a_Change address")): Object: 'Object Repository/a_Change address' is clicked on

2023-04-12 10:07:40 - [MESSAGE][PASSED] - Object: 'Object Repository/a_Change address' is clicked on

2023-04-12 10:07:40 - [TEST_STEP][PASSED] - click(findTestObject("Object Repository/span_Vietnam")): Object: 'Object Repository/span_Vietnam' is clicked on

2023-04-12 10:07:41 - [MESSAGE][PASSED] - Object: 'Object Repository/span_Vietnam' is clicked on

2023-04-12 10:07:41 - [TEST_STEP][PASSED] - click(findTestObject("Page_My account  Katalon Shop/Page_Katalon Shop  Katalon Ecommerce/Page_Cart  Katalon Shop/li_Venezuela")): Object: 'Object Repository/Page_My account  Katalon Shop/Page_Katalon Shop  Katalon Ecommerce/Page_Cart  Katalon Shop/li_Venezuela' is clicked on

2023-04-12 10:07:42 - [MESSAGE][PASSED] - Object: 'Object Repository/Page_My account  Katalon Shop/Page_Katalon Shop  Katalon Ecommerce/Page_Cart  Katalon Shop/li_Venezuela' is clicked on

2023-04-12 10:07:42 - [TEST_STEP][PASSED] - delay(3): Delayed 3 second(s)

2023-04-12 10:07:45 - [MESSAGE][PASSED] - Delayed 3 second(s)

2023-04-12 10:07:45 - [TEST_STEP][PASSED] - setText(findTestObject("Object Repository/input_Venezuela_calc_shipping_state"), "ff"): Text 'ff' is set on object 'Object Repository/input_Venezuela_calc_shipping_state'

2023-04-12 10:07:45 - [MESSAGE][PASSED] - Text 'ff' is set on object 'Object Repository/input_Venezuela_calc_shipping_state'

2023-04-12 10:07:45 - [TEST_STEP][PASSED] - delay(3): Delayed 3 second(s)

2023-04-12 10:07:48 - [MESSAGE][PASSED] - Delayed 3 second(s)

2023-04-12 10:07:48 - [TEST_STEP][PASSED] - setText(findTestObject("Object Repository/input_Venezuela_calc_shipping_city"), "SG"): Text 'SG' is set on object 'Object Repository/input_Venezuela_calc_shipping_city'

2023-04-12 10:07:48 - [MESSAGE][PASSED] - Text 'SG' is set on object 'Object Repository/input_Venezuela_calc_shipping_city'

2023-04-12 10:07:48 - [TEST_STEP][PASSED] - delay(3): Delayed 3 second(s)

2023-04-12 10:07:51 - [MESSAGE][PASSED] - Delayed 3 second(s)

2023-04-12 10:07:51 - [TEST_STEP][PASSED] - setText(findTestObject("Object Repository/input_Venezuela_calc_shipping_postcode"), "5000"): Text '5000' is set on object 'Object Repository/input_Venezuela_calc_shipping_postcode'

2023-04-12 10:07:52 - [MESSAGE][PASSED] - Text '5000' is set on object 'Object Repository/input_Venezuela_calc_shipping_postcode'

2023-04-12 10:07:52 - [TEST_STEP][PASSED] - delay(5): Delayed 5 second(s)

2023-04-12 10:07:57 - [MESSAGE][PASSED] - Delayed 5 second(s)

2023-04-12 10:07:57 - [TEST_STEP][PASSED] - click(findTestObject("Object Repository/button_Update")): Object: 'Object Repository/button_Update' is clicked on

2023-04-12 10:07:57 - [MESSAGE][PASSED] - Object: 'Object Repository/button_Update' is clicked on

2023-04-12 10:07:57 - [TEST_STEP][PASSED] - delay(5): Delayed 5 second(s)

2023-04-12 10:08:02 - [MESSAGE][PASSED] - Delayed 5 second(s)

2023-04-12 10:08:02 - [TEST_STEP][PASSED] - verifyElementText(findTestObject("Object Repository/p_Shipping to SG, a, 5000, Venezuela"), "Shipping to SG, ff, 5000, Venezuela."): Actual text and expected text of test object 'Object Repository/p_Shipping to SG, a, 5000, Venezuela' are matched.

2023-04-12 10:08:02 - [MESSAGE][PASSED] - Actual text and expected text of test object 'Object Repository/p_Shipping to SG, a, 5000, Venezuela' are matched.

2023-04-12 10:08:02 - [TEST_STEP][PASSED] - click(findTestObject("Page_My account  Katalon Shop/Page_Katalon Shop  Katalon Ecommerce/Page_Cart  Katalon Shop/a_Proceed to checkout")): Object: 'Object Repository/Page_My account  Katalon Shop/Page_Katalon Shop  Katalon Ecommerce/Page_Cart  Katalon Shop/a_Proceed to checkout' is clicked on

2023-04-12 10:08:04 - [MESSAGE][PASSED] - Object: 'Object Repository/Page_My account  Katalon Shop/Page_Katalon Shop  Katalon Ecommerce/Page_Cart  Katalon Shop/a_Proceed to checkout' is clicked on

2023-04-12 10:08:04 - [MESSAGE][PASSED] - Call Test Case 'Test Cases/Order Process/03 Change address' successfully

2023-04-12 10:08:04 - [TEST_STEP][PASSED] - closeBrowser(): Browser is closed

2023-04-12 10:08:05 - [MESSAGE][PASSED] - Browser is closed]]></system-out>
         <system-err><![CDATA[]]></system-err>
      </testcase>
      <system-out><![CDATA[2023-04-12 10:07:20 - [TEST_SUITE][PASSED] - TS_Check order: Test Cases/Order Process/Check order 02]]></system-out>
      <system-err><![CDATA[]]></system-err>
   </testsuite>
</testsuites>
