<?xml version="1.0" encoding="UTF-8"?>
<testsuites name="TS_Account" time="40.575" tests="1" failures="0" errors="0">
   <testsuite name="TS_Account" tests="1" failures="0" errors="0" time="40.575" skipped="0" timestamp="2023-05-07 20:45:18" hostname="thanh.pnguyen - 10.10.34.235" id="Test Suites/New Folder/TS_Account">
      <properties>
         <property name="deviceName" value=""/>
         <property name="devicePlatform" value=""/>
         <property name="logFolder" value="/Users/thanh.pnguyen/Documents/Katalon/Certificate/Reports/20230507_204419/New Folder/TS_Account/20230507_204425"/>
         <property name="logFiles" value="/Users/thanh.pnguyen/Documents/Katalon/Certificate/Reports/20230507_204419/New Folder/TS_Account/20230507_204425/execution0.log"/>
         <property name="attachments" value=""/>
         <property name="hostName" value="thanh.pnguyen - 10.10.34.235"/>
         <property name="os" value="Mac OS X 64bit"/>
         <property name="katalonVersion" value="8.6.0.208"/>
         <property name="browser" value="Edge Chromium 113"/>
         <property name="hostAddress" value="192.168.1.3"/>
         <property name="sessionId" value="b36bf21b9e2e1e5454312583c76207db"/>
         <property name="seleniumVersion" value="3.141.59"/>
         <property name="proxyInformation" value="ProxyInformation { proxyOption=NO_PROXY, proxyServerType=HTTP, username=, password=********, proxyServerAddress=, proxyServerPort=0, executionList=&quot;&quot;, isApplyToDesiredCapabilities=true }"/>
         <property name="platform" value="Mac OS X"/>
      </properties>
      <testcase name="Test Cases/Account/Login fails" time="40.11" classname="Test Cases/Account/Login fails" status="PASSED">
         <system-out><![CDATA[2023-05-07 20:45:18 - [TEST_CASE][PASSED] - Test Cases/Account/Login fails: Test Cases/Account/Login fails

2023-05-07 20:45:18 - [TEST_STEP][PASSED] - Start listener action : enableSauceLabs: [SAUCELABS] Saucelabs Plugin will not attempt to auto update job status and information !

2023-05-07 20:45:18 - [MESSAGE][INFO] - [SAUCELABS] Current run configuration: Edge Chromium

2023-05-07 20:45:18 - [MESSAGE][INFO] - [SAUCELABS] Saucelabs Plugin will not attempt to auto update job status and information !

2023-05-07 20:45:19 - [TEST_STEP][PASSED] - openBrowser(""): Browser is opened with url: ''

2023-05-07 20:45:19 - [MESSAGE][INFO] - Starting 'Edge Chromium' driver

2023-05-07 20:45:22 - [MESSAGE][INFO] - Action delay is set to 0 milliseconds

2023-05-07 20:45:35 - [MESSAGE][PASSED] - Browser is opened with url: ''

2023-05-07 20:45:35 - [TEST_STEP][PASSED] - navigateToUrl("https://cms.demo.katalon.com/my-account/"): Navigate to 'https://cms.demo.katalon.com/my-account/' successfully

2023-05-07 20:45:45 - [MESSAGE][PASSED] - Navigate to 'https://cms.demo.katalon.com/my-account/' successfully

2023-05-07 20:45:45 - [TEST_STEP][PASSED] - click(findTestObject("Page_My account  Katalon Shop/input__username")): Object: 'Object Repository/Page_My account  Katalon Shop/input__username' is clicked on

2023-05-07 20:45:46 - [MESSAGE][PASSED] - Object: 'Object Repository/Page_My account  Katalon Shop/input__username' is clicked on

2023-05-07 20:45:46 - [TEST_STEP][PASSED] - setText(findTestObject("Page_My account  Katalon Shop/input__username"), username): Text 'customer' is set on object 'Object Repository/Page_My account  Katalon Shop/input__username'

2023-05-07 20:45:48 - [MESSAGE][PASSED] - Text 'customer' is set on object 'Object Repository/Page_My account  Katalon Shop/input__username'

2023-05-07 20:45:48 - [TEST_STEP][PASSED] - click(findTestObject("Page_My account  Katalon Shop/input__password")): Object: 'Object Repository/Page_My account  Katalon Shop/input__password' is clicked on

2023-05-07 20:45:49 - [MESSAGE][PASSED] - Object: 'Object Repository/Page_My account  Katalon Shop/input__password' is clicked on

2023-05-07 20:45:49 - [TEST_STEP][PASSED] - setText(findTestObject("Page_My account  Katalon Shop/input__password"), password): Text 'crz7mrb.KNG3yxv1fbn' is set on object 'Object Repository/Page_My account  Katalon Shop/input__password'

2023-05-07 20:45:51 - [MESSAGE][PASSED] - Text 'crz7mrb.KNG3yxv1fbn' is set on object 'Object Repository/Page_My account  Katalon Shop/input__password'

2023-05-07 20:45:51 - [TEST_STEP][PASSED] - click(findTestObject("Page_My account  Katalon Shop/input__rememberme")): Object: 'Object Repository/Page_My account  Katalon Shop/input__rememberme' is clicked on

2023-05-07 20:45:52 - [MESSAGE][PASSED] - Object: 'Object Repository/Page_My account  Katalon Shop/input__rememberme' is clicked on

2023-05-07 20:45:52 - [TEST_STEP][PASSED] - click(findTestObject("Page_My account  Katalon Shop/button_Log in")): Object: 'Object Repository/Page_My account  Katalon Shop/button_Log in' is clicked on

2023-05-07 20:45:57 - [MESSAGE][PASSED] - Object: 'Object Repository/Page_My account  Katalon Shop/button_Log in' is clicked on

2023-05-07 20:45:57 - [TEST_STEP][PASSED] - getText(findTestObject("Object Repository/Page_My account  Katalon Shop/Page_My account  Katalon Shop/strong_KatalonLover"), STOP_ON_FAILURE): Text of object 'Object Repository/Page_My account  Katalon Shop/Page_My account  Katalon Shop/strong_KatalonLover' is: 'KatalonLover'

2023-05-07 20:45:58 - [MESSAGE][PASSED] - Text of object 'Object Repository/Page_My account  Katalon Shop/Page_My account  Katalon Shop/strong_KatalonLover' is: 'KatalonLover'

2023-05-07 20:45:58 - [TEST_STEP][PASSED] - responseString = "KatalonLover": null

2023-05-07 20:45:58 - [TEST_STEP][PASSED] - expectedString = "katalonlover": null

2023-05-07 20:45:58 - [TEST_STEP][PASSED] - if (responseString.toUpperCase() == expectedString): null

2023-05-07 20:45:58 - [TEST_STEP][PASSED] - else: null

2023-05-07 20:45:58 - [TEST_STEP][PASSED] - println("Response is not correct"): null

2023-05-07 20:45:58 - [TEST_STEP][PASSED] - closeBrowser(): Browser is closed

2023-05-07 20:45:58 - [MESSAGE][PASSED] - Browser is closed

2023-05-07 20:45:58 - [TEST_STEP][PASSED] - Start listener action : autoUpdateJobStatus: [SAUCELABS] Current run configuration: Edge Chromium

2023-05-07 20:45:58 - [MESSAGE][INFO] - [SAUCELABS] Current run configuration: Edge Chromium]]></system-out>
         <system-err><![CDATA[]]></system-err>
      </testcase>
      <system-out><![CDATA[2023-05-07 20:45:18 - [TEST_SUITE][PASSED] - TS_Account: Test Cases/Account/Login fails]]></system-out>
      <system-err><![CDATA[]]></system-err>
   </testsuite>
</testsuites>
