<?xml version="1.0" encoding="UTF-8"?>
<testsuites name="TS_Account" time="41.499" tests="2" failures="0" errors="0">
   <testsuite name="TS_Account" tests="2" failures="0" errors="0" time="41.499" skipped="0" timestamp="2023-04-13 14:00:50" hostname="thanh.pnguyen - 192.168.1.6" id="Test Suites/TS_Account">
      <properties>
         <property name="deviceName" value=""/>
         <property name="devicePlatform" value=""/>
         <property name="logFolder" value="/Users/thanh.pnguyen/Documents/Katalon/Certificate/Reports/20230413_140034/TS_Account/20230413_140034"/>
         <property name="logFiles" value="/Users/thanh.pnguyen/Documents/Katalon/Certificate/Reports/20230413_140034/TS_Account/20230413_140034/execution0.log"/>
         <property name="attachments" value=""/>
         <property name="hostName" value="thanh.pnguyen - 192.168.1.6"/>
         <property name="os" value="Mac OS X 64bit"/>
         <property name="katalonVersion" value="8.6.0.208"/>
         <property name="browser" value="Chrome 112.0.0.0"/>
         <property name="hostAddress" value="192.168.1.6"/>
         <property name="sessionId" value="c60dac2b1fa917c00008ee77ee755556"/>
         <property name="seleniumVersion" value="3.141.59"/>
         <property name="proxyInformation" value="ProxyInformation { proxyOption=NO_PROXY, proxyServerType=HTTP, username=, password=********, proxyServerAddress=, proxyServerPort=0, executionList=&quot;&quot;, isApplyToDesiredCapabilities=true }"/>
         <property name="platform" value="Mac OS X"/>
      </properties>
      <testcase name="Test Cases/Account/Login fails" time="38.685" classname="Test Cases/Account/Login fails" status="PASSED">
         <system-out><![CDATA[2023-04-13 14:00:51 - [TEST_CASE][PASSED] - Test Cases/Account/Login fails: Test Cases/Account/Login fails

2023-04-13 14:00:51 - [TEST_STEP][PASSED] - Start listener action : enableSauceLabs: [SAUCELABS] Saucelabs Plugin will not attempt to auto update job status and information !

2023-04-13 14:00:51 - [MESSAGE][INFO] - [SAUCELABS] Current run configuration: Chrome

2023-04-13 14:00:51 - [MESSAGE][INFO] - [SAUCELABS] Saucelabs Plugin will not attempt to auto update job status and information !

2023-04-13 14:00:51 - [TEST_STEP][PASSED] - openBrowser(""): Browser is opened with url: ''

2023-04-13 14:00:52 - [MESSAGE][INFO] - Starting 'Chrome' driver

2023-04-13 14:00:52 - [MESSAGE][INFO] - Action delay is set to 0 milliseconds

2023-04-13 14:01:03 - [MESSAGE][PASSED] - Browser is opened with url: ''

2023-04-13 14:01:03 - [TEST_STEP][PASSED] - navigateToUrl("https://cms.demo.katalon.com/my-account/"): Navigate to 'https://cms.demo.katalon.com/my-account/' successfully

2023-04-13 14:01:12 - [MESSAGE][PASSED] - Navigate to 'https://cms.demo.katalon.com/my-account/' successfully

2023-04-13 14:01:12 - [TEST_STEP][PASSED] - click(findTestObject("Page_My account  Katalon Shop/input__username")): Object: 'Object Repository/Page_My account  Katalon Shop/input__username' is clicked on

2023-04-13 14:01:14 - [MESSAGE][PASSED] - Object: 'Object Repository/Page_My account  Katalon Shop/input__username' is clicked on

2023-04-13 14:01:14 - [TEST_STEP][PASSED] - setText(findTestObject("Page_My account  Katalon Shop/input__username"), username): Text 'customer' is set on object 'Object Repository/Page_My account  Katalon Shop/input__username'

2023-04-13 14:01:18 - [MESSAGE][PASSED] - Text 'customer' is set on object 'Object Repository/Page_My account  Katalon Shop/input__username'

2023-04-13 14:01:18 - [TEST_STEP][PASSED] - click(findTestObject("Page_My account  Katalon Shop/input__password")): Object: 'Object Repository/Page_My account  Katalon Shop/input__password' is clicked on

2023-04-13 14:01:18 - [MESSAGE][PASSED] - Object: 'Object Repository/Page_My account  Katalon Shop/input__password' is clicked on

2023-04-13 14:01:18 - [TEST_STEP][PASSED] - setText(findTestObject("Page_My account  Katalon Shop/input__password"), password): Text 'crz7mrb.KNG3yxv1fbn' is set on object 'Object Repository/Page_My account  Katalon Shop/input__password'

2023-04-13 14:01:21 - [MESSAGE][PASSED] - Text 'crz7mrb.KNG3yxv1fbn' is set on object 'Object Repository/Page_My account  Katalon Shop/input__password'

2023-04-13 14:01:21 - [TEST_STEP][PASSED] - click(findTestObject("Page_My account  Katalon Shop/input__rememberme")): Object: 'Object Repository/Page_My account  Katalon Shop/input__rememberme' is clicked on

2023-04-13 14:01:23 - [MESSAGE][PASSED] - Object: 'Object Repository/Page_My account  Katalon Shop/input__rememberme' is clicked on

2023-04-13 14:01:23 - [TEST_STEP][PASSED] - click(findTestObject("Page_My account  Katalon Shop/button_Log in")): Object: 'Object Repository/Page_My account  Katalon Shop/button_Log in' is clicked on

2023-04-13 14:01:28 - [MESSAGE][PASSED] - Object: 'Object Repository/Page_My account  Katalon Shop/button_Log in' is clicked on

2023-04-13 14:01:28 - [TEST_STEP][PASSED] - getText(findTestObject("Object Repository/Page_My account  Katalon Shop/Page_My account  Katalon Shop/strong_KatalonLover"), STOP_ON_FAILURE): Text of object 'Object Repository/Page_My account  Katalon Shop/Page_My account  Katalon Shop/strong_KatalonLover' is: 'KatalonLover'

2023-04-13 14:01:29 - [MESSAGE][PASSED] - Text of object 'Object Repository/Page_My account  Katalon Shop/Page_My account  Katalon Shop/strong_KatalonLover' is: 'KatalonLover'

2023-04-13 14:01:29 - [TEST_STEP][PASSED] - responseString = "KatalonLover": null

2023-04-13 14:01:29 - [TEST_STEP][PASSED] - expectedString = "katalonlover": null

2023-04-13 14:01:29 - [TEST_STEP][PASSED] - if (responseString.toUpperCase() == expectedString): null

2023-04-13 14:01:29 - [TEST_STEP][PASSED] - else: null

2023-04-13 14:01:29 - [TEST_STEP][PASSED] - println("Response is not correct"): null

2023-04-13 14:01:29 - [TEST_STEP][PASSED] - Start listener action : autoUpdateJobStatus: [SAUCELABS] Current run configuration: Chrome

2023-04-13 14:01:29 - [MESSAGE][INFO] - [SAUCELABS] Current run configuration: Chrome]]></system-out>
         <system-err><![CDATA[]]></system-err>
      </testcase>
      <testcase name="Test Cases/New Test Case" time="2.338" classname="Test Cases/New Test Case" status="PASSED">
         <system-out><![CDATA[2023-04-13 14:01:29 - [TEST_CASE][PASSED] - Test Cases/New Test Case: [SAUCELABS] Current run configuration: Chrome

2023-04-13 14:01:29 - [TEST_STEP][PASSED] - Start listener action : enableSauceLabs: [SAUCELABS] Saucelabs Plugin will not attempt to auto update job status and information !

2023-04-13 14:01:29 - [MESSAGE][INFO] - [SAUCELABS] Current run configuration: Chrome

2023-04-13 14:01:29 - [MESSAGE][INFO] - [SAUCELABS] Saucelabs Plugin will not attempt to auto update job status and information !

2023-04-13 14:01:32 - [TEST_STEP][PASSED] - Start listener action : autoUpdateJobStatus: [SAUCELABS] Current run configuration: Chrome

2023-04-13 14:01:32 - [MESSAGE][INFO] - [SAUCELABS] Current run configuration: Chrome]]></system-out>
         <system-err><![CDATA[]]></system-err>
      </testcase>
      <system-out><![CDATA[2023-04-13 14:00:50 - [TEST_SUITE][INCOMPLETE] - TS_Account: null]]></system-out>
      <system-err><![CDATA[2023-04-13 14:00:50 - [TEST_SUITE][INCOMPLETE] - TS_Account: null]]></system-err>
   </testsuite>
</testsuites>
