<?xml version="1.0" encoding="UTF-8"?>
<testsuites name="TS_Check order" time="106.053" tests="1" failures="0" errors="0">
   <testsuite name="TS_Check order" tests="1" failures="0" errors="0" time="106.053" skipped="0" timestamp="2023-04-12 11:16:29" hostname="thanh.pnguyen - 10.10.34.184" id="Test Suites/TS_Check order">
      <properties>
         <property name="deviceName" value=""/>
         <property name="devicePlatform" value=""/>
         <property name="logFolder" value="/Users/thanh.pnguyen/Documents/Katalon/Certificate/Reports/20230412_111355/TS_Check order/20230412_111430"/>
         <property name="logFiles" value="/Users/thanh.pnguyen/Documents/Katalon/Certificate/Reports/20230412_111355/TS_Check order/20230412_111430/execution0.log"/>
         <property name="attachments" value=""/>
         <property name="hostName" value="thanh.pnguyen - 10.10.34.184"/>
         <property name="os" value="Mac OS X 64bit"/>
         <property name="katalonVersion" value="8.4.1.208"/>
         <property name="browser" value="Chrome 112.0.0.0"/>
         <property name="hostAddress" value="10.10.34.184"/>
         <property name="sessionId" value="e61d57ff5e88ed4f86ef26798e23b39b"/>
         <property name="seleniumVersion" value="3.141.59"/>
         <property name="proxyInformation" value="ProxyInformation { proxyOption=NO_PROXY, proxyServerType=HTTP, username=, password=********, proxyServerAddress=, proxyServerPort=0, executionList=&quot;&quot;, isApplyToDesiredCapabilities=true }"/>
         <property name="platform" value="Mac OS X"/>
      </properties>
      <testcase name="Test Cases/Order Process/Check order 02" time="105.627" classname="Test Cases/Order Process/Check order 02" status="PASSED">
         <system-out><![CDATA[2023-04-12 11:16:29 - [TEST_CASE][PASSED] - Test Cases/Order Process/Check order 02: Test Cases/Order Process/Check order 02

2023-04-12 11:16:30 - [TEST_STEP][PASSED] - callTestCase(findTestCase("Account/Login successfully"), [:], STOP_ON_FAILURE): Call Test Case 'Test Cases/Account/Login successfully' successfully

2023-04-12 11:16:30 - [TEST_CASE][PASSED] - Test Cases/Account/Login successfully: Test Cases/Account/Login successfully

2023-04-12 11:16:30 - [TEST_STEP][PASSED] - openBrowser(""): Browser is opened with url: ''

2023-04-12 11:16:30 - [MESSAGE][INFO] - Starting 'Chrome' driver

2023-04-12 11:16:30 - [MESSAGE][INFO] - Action delay is set to 0 milliseconds

2023-04-12 11:16:41 - [MESSAGE][PASSED] - Browser is opened with url: ''

2023-04-12 11:16:41 - [TEST_STEP][PASSED] - navigateToUrl("https://cms.demo.katalon.com/my-account/"): Navigate to 'https://cms.demo.katalon.com/my-account/' successfully

2023-04-12 11:16:46 - [MESSAGE][PASSED] - Navigate to 'https://cms.demo.katalon.com/my-account/' successfully

2023-04-12 11:16:46 - [TEST_STEP][PASSED] - click(findTestObject("Page_My account  Katalon Shop/input__username")): Object: 'Object Repository/Page_My account  Katalon Shop/input__username' is clicked on

2023-04-12 11:16:46 - [MESSAGE][PASSED] - Object: 'Object Repository/Page_My account  Katalon Shop/input__username' is clicked on

2023-04-12 11:16:46 - [TEST_STEP][PASSED] - setText(findTestObject("Page_My account  Katalon Shop/input__username"), username): Text 'customer' is set on object 'Object Repository/Page_My account  Katalon Shop/input__username'

2023-04-12 11:16:48 - [MESSAGE][PASSED] - Text 'customer' is set on object 'Object Repository/Page_My account  Katalon Shop/input__username'

2023-04-12 11:16:48 - [TEST_STEP][PASSED] - click(findTestObject("Page_My account  Katalon Shop/input__password")): Object: 'Object Repository/Page_My account  Katalon Shop/input__password' is clicked on

2023-04-12 11:16:48 - [MESSAGE][PASSED] - Object: 'Object Repository/Page_My account  Katalon Shop/input__password' is clicked on

2023-04-12 11:16:48 - [TEST_STEP][PASSED] - setText(findTestObject("Page_My account  Katalon Shop/input__password"), password): Text 'crz7mrb.KNG3yxv1fbn' is set on object 'Object Repository/Page_My account  Katalon Shop/input__password'

2023-04-12 11:16:49 - [MESSAGE][PASSED] - Text 'crz7mrb.KNG3yxv1fbn' is set on object 'Object Repository/Page_My account  Katalon Shop/input__password'

2023-04-12 11:16:49 - [TEST_STEP][PASSED] - click(findTestObject("Page_My account  Katalon Shop/input__rememberme")): Object: 'Object Repository/Page_My account  Katalon Shop/input__rememberme' is clicked on

2023-04-12 11:16:50 - [MESSAGE][PASSED] - Object: 'Object Repository/Page_My account  Katalon Shop/input__rememberme' is clicked on

2023-04-12 11:16:50 - [TEST_STEP][PASSED] - click(findTestObject("Page_My account  Katalon Shop/button_Log in")): Object: 'Object Repository/Page_My account  Katalon Shop/button_Log in' is clicked on

2023-04-12 11:16:53 - [MESSAGE][PASSED] - Object: 'Object Repository/Page_My account  Katalon Shop/button_Log in' is clicked on

2023-04-12 11:16:53 - [TEST_STEP][PASSED] - getText(findTestObject("Object Repository/Page_My account  Katalon Shop/Page_My account  Katalon Shop/strong_KatalonLover"), STOP_ON_FAILURE): Text of object 'Object Repository/Page_My account  Katalon Shop/Page_My account  Katalon Shop/strong_KatalonLover' is: 'KatalonLover'

2023-04-12 11:16:53 - [MESSAGE][PASSED] - Text of object 'Object Repository/Page_My account  Katalon Shop/Page_My account  Katalon Shop/strong_KatalonLover' is: 'KatalonLover'

2023-04-12 11:16:53 - [TEST_STEP][PASSED] - responseString = "KatalonLover": null

2023-04-12 11:16:53 - [TEST_STEP][PASSED] - expectedString = "katalonlover": null

2023-04-12 11:16:53 - [TEST_STEP][PASSED] - if (responseString.toLowerCase() == expectedString): null

2023-04-12 11:16:53 - [TEST_STEP][PASSED] - println("Response is correct"): null

2023-04-12 11:16:53 - [MESSAGE][PASSED] - Call Test Case 'Test Cases/Account/Login successfully' successfully

2023-04-12 11:16:53 - [TEST_STEP][PASSED] - click(findTestObject("Page_My account  Katalon Shop/Page_Katalon Shop  Katalon Ecommerce/Page_Cart  Katalon Shop/a_Cart")): Object: 'Object Repository/Page_My account  Katalon Shop/Page_Katalon Shop  Katalon Ecommerce/Page_Cart  Katalon Shop/a_Cart' is clicked on

2023-04-12 11:16:58 - [MESSAGE][PASSED] - Object: 'Object Repository/Page_My account  Katalon Shop/Page_Katalon Shop  Katalon Ecommerce/Page_Cart  Katalon Shop/a_Cart' is clicked on

2023-04-12 11:16:58 - [TEST_STEP][PASSED] - SamplePageTitle = getWindowTitle(): Current window's title is: 'Cart – Katalon Shop'

2023-04-12 11:16:58 - [MESSAGE][PASSED] - Current window's title is: 'Cart – Katalon Shop'

2023-04-12 11:16:58 - [TEST_STEP][PASSED] - verifyMatch(SamplePageTitle, "Cart – Katalon Shop", false): Actual text 'Cart – Katalon Shop' and expected text 'Cart – Katalon Shop' are matched 

2023-04-12 11:16:58 - [MESSAGE][PASSED] - Actual text 'Cart – Katalon Shop' and expected text 'Cart – Katalon Shop' are matched 

2023-04-12 11:16:58 - [TEST_STEP][PASSED] - waitForElementPresent(findTestObject("Page_My account  Katalon Shop/Page_Katalon Shop  Katalon Ecommerce/img__attachment-woocommerce_thumbnail size-woocommerce_thumbnail"), 5): Object 'Object Repository/Page_My account  Katalon Shop/Page_Katalon Shop  Katalon Ecommerce/img__attachment-woocommerce_thumbnail size-woocommerce_thumbnail' is present

2023-04-12 11:16:59 - [MESSAGE][PASSED] - Object 'Object Repository/Page_My account  Katalon Shop/Page_Katalon Shop  Katalon Ecommerce/img__attachment-woocommerce_thumbnail size-woocommerce_thumbnail' is present

2023-04-12 11:16:59 - [TEST_STEP][PASSED] - verifyTextPresent("Ship Your Idea", false): Text 'Ship Your Idea' is present on page 

2023-04-12 11:17:01 - [MESSAGE][PASSED] - Text 'Ship Your Idea' is present on page 

2023-04-12 11:17:01 - [TEST_STEP][PASSED] - verifyEqual("2", "2"): Actual object '2' and expected object '2' are equal

2023-04-12 11:17:01 - [MESSAGE][PASSED] - Actual object '2' and expected object '2' are equal

2023-04-12 11:17:01 - [TEST_STEP][PASSED] - scrollToElement(findTestObject("Page_My account  Katalon Shop/Page_Katalon Shop  Katalon Ecommerce/Page_Cart  Katalon Shop/button_Update cart"), 0): Scroll to object 'Object Repository/Page_My account  Katalon Shop/Page_Katalon Shop  Katalon Ecommerce/Page_Cart  Katalon Shop/button_Update cart' successfully

2023-04-12 11:17:01 - [MESSAGE][WARNING] - Timeout '0' is invalid. Using default page load timeout: '30'

2023-04-12 11:17:01 - [MESSAGE][PASSED] - Scroll to object 'Object Repository/Page_My account  Katalon Shop/Page_Katalon Shop  Katalon Ecommerce/Page_Cart  Katalon Shop/button_Update cart' successfully

2023-04-12 11:17:01 - [TEST_STEP][PASSED] - callTestCase(findTestCase("Order Process/03 Change address"), [:], STOP_ON_FAILURE): Call Test Case 'Test Cases/Order Process/03 Change address' successfully

2023-04-12 11:17:01 - [TEST_CASE][PASSED] - Test Cases/Order Process/03 Change address: Test Cases/Order Process/03 Change address

2023-04-12 11:17:02 - [TEST_STEP][PASSED] - click(findTestObject("Object Repository/a_Change address")): Object: 'Object Repository/a_Change address' is clicked on

2023-04-12 11:17:02 - [MESSAGE][PASSED] - Object: 'Object Repository/a_Change address' is clicked on

2023-04-12 11:17:02 - [TEST_STEP][PASSED] - click(findTestObject("Object Repository/span_Vietnam")): Object: 'Object Repository/span_Vietnam' is clicked on

2023-04-12 11:17:04 - [MESSAGE][PASSED] - Object: 'Object Repository/span_Vietnam' is clicked on

2023-04-12 11:17:04 - [TEST_STEP][PASSED] - click(findTestObject("Page_My account  Katalon Shop/Page_Katalon Shop  Katalon Ecommerce/Page_Cart  Katalon Shop/li_Venezuela")): Object: 'Object Repository/Page_My account  Katalon Shop/Page_Katalon Shop  Katalon Ecommerce/Page_Cart  Katalon Shop/li_Venezuela' is clicked on

2023-04-12 11:17:05 - [MESSAGE][PASSED] - Object: 'Object Repository/Page_My account  Katalon Shop/Page_Katalon Shop  Katalon Ecommerce/Page_Cart  Katalon Shop/li_Venezuela' is clicked on

2023-04-12 11:17:05 - [TEST_STEP][PASSED] - delay(3): Delayed 3 second(s)

2023-04-12 11:17:08 - [MESSAGE][PASSED] - Delayed 3 second(s)

2023-04-12 11:17:08 - [TEST_STEP][PASSED] - setText(findTestObject("Object Repository/input_Venezuela_calc_shipping_state"), "ff"): Text 'ff' is set on object 'Object Repository/input_Venezuela_calc_shipping_state'

2023-04-12 11:17:09 - [MESSAGE][PASSED] - Text 'ff' is set on object 'Object Repository/input_Venezuela_calc_shipping_state'

2023-04-12 11:17:09 - [TEST_STEP][PASSED] - delay(3): Delayed 3 second(s)

2023-04-12 11:17:12 - [MESSAGE][PASSED] - Delayed 3 second(s)

2023-04-12 11:17:12 - [TEST_STEP][PASSED] - setText(findTestObject("Object Repository/input_Venezuela_calc_shipping_city"), "SG"): Text 'SG' is set on object 'Object Repository/input_Venezuela_calc_shipping_city'

2023-04-12 11:17:13 - [MESSAGE][PASSED] - Text 'SG' is set on object 'Object Repository/input_Venezuela_calc_shipping_city'

2023-04-12 11:17:13 - [TEST_STEP][PASSED] - delay(3): Delayed 3 second(s)

2023-04-12 11:17:16 - [MESSAGE][PASSED] - Delayed 3 second(s)

2023-04-12 11:17:16 - [TEST_STEP][PASSED] - setText(findTestObject("Object Repository/input_Venezuela_calc_shipping_postcode"), "5000"): Text '5000' is set on object 'Object Repository/input_Venezuela_calc_shipping_postcode'

2023-04-12 11:17:17 - [MESSAGE][PASSED] - Text '5000' is set on object 'Object Repository/input_Venezuela_calc_shipping_postcode'

2023-04-12 11:17:17 - [TEST_STEP][PASSED] - delay(5): Delayed 5 second(s)

2023-04-12 11:17:22 - [MESSAGE][PASSED] - Delayed 5 second(s)

2023-04-12 11:17:22 - [TEST_STEP][PASSED] - click(findTestObject("Object Repository/button_Update")): Object: 'Object Repository/button_Update' is clicked on

2023-04-12 11:17:22 - [MESSAGE][PASSED] - Object: 'Object Repository/button_Update' is clicked on

2023-04-12 11:17:22 - [TEST_STEP][PASSED] - delay(5): Delayed 5 second(s)

2023-04-12 11:17:27 - [MESSAGE][PASSED] - Delayed 5 second(s)

2023-04-12 11:17:27 - [TEST_STEP][PASSED] - verifyElementText(findTestObject("Object Repository/p_Shipping to SG, a, 5000, Venezuela"), "Shipping to SG, ff, 5000, Venezuela."): Actual text and expected text of test object 'Object Repository/p_Shipping to SG, a, 5000, Venezuela' are matched.

2023-04-12 11:17:28 - [MESSAGE][PASSED] - Actual text and expected text of test object 'Object Repository/p_Shipping to SG, a, 5000, Venezuela' are matched.

2023-04-12 11:17:28 - [TEST_STEP][PASSED] - click(findTestObject("Page_My account  Katalon Shop/Page_Katalon Shop  Katalon Ecommerce/Page_Cart  Katalon Shop/a_Proceed to checkout")): Object: 'Object Repository/Page_My account  Katalon Shop/Page_Katalon Shop  Katalon Ecommerce/Page_Cart  Katalon Shop/a_Proceed to checkout' is clicked on

2023-04-12 11:17:31 - [MESSAGE][PASSED] - Object: 'Object Repository/Page_My account  Katalon Shop/Page_Katalon Shop  Katalon Ecommerce/Page_Cart  Katalon Shop/a_Proceed to checkout' is clicked on

2023-04-12 11:17:31 - [MESSAGE][PASSED] - Call Test Case 'Test Cases/Order Process/03 Change address' successfully

2023-04-12 11:17:31 - [TEST_STEP][PASSED] - callTestCase(findTestCase("Order Process/Checkout 04"), [:], STOP_ON_FAILURE): Call Test Case 'Test Cases/Order Process/Checkout 04' successfully

2023-04-12 11:17:31 - [TEST_CASE][PASSED] - Test Cases/Order Process/Checkout 04: Test Cases/Order Process/Checkout 04

2023-04-12 11:17:31 - [TEST_STEP][PASSED] - PageTitle = getWindowTitle(): Current window's title is: 'Checkout – Katalon Shop'

2023-04-12 11:17:31 - [MESSAGE][PASSED] - Current window's title is: 'Checkout – Katalon Shop'

2023-04-12 11:17:31 - [TEST_STEP][PASSED] - setText(findTestObject("Object Repository/input__billing_first_name"), "Eve"): Text 'Eve' is set on object 'Object Repository/input__billing_first_name'

2023-04-12 11:17:32 - [MESSAGE][PASSED] - Text 'Eve' is set on object 'Object Repository/input__billing_first_name'

2023-04-12 11:17:32 - [TEST_STEP][PASSED] - setText(findTestObject("Object Repository/input__billing_last_name"), "L"): Text 'L' is set on object 'Object Repository/input__billing_last_name'

2023-04-12 11:17:33 - [MESSAGE][PASSED] - Text 'L' is set on object 'Object Repository/input__billing_last_name'

2023-04-12 11:17:33 - [TEST_STEP][PASSED] - setText(findTestObject("Object Repository/input_(optional)_billing_company"), "Katalon"): Text 'Katalon' is set on object 'Object Repository/input_(optional)_billing_company'

2023-04-12 11:17:35 - [MESSAGE][PASSED] - Text 'Katalon' is set on object 'Object Repository/input_(optional)_billing_company'

2023-04-12 11:17:35 - [TEST_STEP][PASSED] - delay(3): Delayed 3 second(s)

2023-04-12 11:17:38 - [MESSAGE][PASSED] - Delayed 3 second(s)

2023-04-12 11:17:38 - [TEST_STEP][PASSED] - setText(findTestObject("Object Repository/input__billing_address_1"), "19 Nguyen Thi Thap"): Text '19 Nguyen Thi Thap' is set on object 'Object Repository/input__billing_address_1'

2023-04-12 11:17:39 - [MESSAGE][PASSED] - Text '19 Nguyen Thi Thap' is set on object 'Object Repository/input__billing_address_1'

2023-04-12 11:17:39 - [TEST_STEP][PASSED] - delay(3): Delayed 3 second(s)

2023-04-12 11:17:42 - [MESSAGE][PASSED] - Delayed 3 second(s)

2023-04-12 11:17:42 - [TEST_STEP][PASSED] - click(findTestObject("input_(optional)_billing_postcode")): Object: 'Object Repository/input_(optional)_billing_postcode' is clicked on

2023-04-12 11:17:42 - [MESSAGE][PASSED] - Object: 'Object Repository/input_(optional)_billing_postcode' is clicked on

2023-04-12 11:17:42 - [TEST_STEP][PASSED] - setText(findTestObject("Object Repository/input_(optional)_billing_postcode"), "5000"): Text '5000' is set on object 'Object Repository/input_(optional)_billing_postcode'

2023-04-12 11:17:43 - [MESSAGE][PASSED] - Text '5000' is set on object 'Object Repository/input_(optional)_billing_postcode'

2023-04-12 11:17:43 - [TEST_STEP][PASSED] - delay(3): Delayed 3 second(s)

2023-04-12 11:17:46 - [MESSAGE][PASSED] - Delayed 3 second(s)

2023-04-12 11:17:46 - [TEST_STEP][PASSED] - setText(findTestObject("Object Repository/input__billing_phone"), "0359912894"): Text '0359912894' is set on object 'Object Repository/input__billing_phone'

2023-04-12 11:17:47 - [MESSAGE][PASSED] - Text '0359912894' is set on object 'Object Repository/input__billing_phone'

2023-04-12 11:17:47 - [TEST_STEP][PASSED] - click(findTestObject("Object Repository/div_Have a coupon Click here to enter your _f97527")): Object: 'Object Repository/div_Have a coupon Click here to enter your _f97527' is clicked on

2023-04-12 11:17:48 - [MESSAGE][PASSED] - Object: 'Object Repository/div_Have a coupon Click here to enter your _f97527' is clicked on

2023-04-12 11:17:48 - [TEST_STEP][PASSED] - setText(findTestObject("Object Repository/input__billing_email"), "katalonLover@outlook.com"): Text 'katalonLover@outlook.com' is set on object 'Object Repository/input__billing_email'

2023-04-12 11:17:49 - [MESSAGE][PASSED] - Text 'katalonLover@outlook.com' is set on object 'Object Repository/input__billing_email'

2023-04-12 11:17:49 - [TEST_STEP][PASSED] - setText(findTestObject("Object Repository/textarea_(optional)_order_comments"), "cash"): Text 'cash' is set on object 'Object Repository/textarea_(optional)_order_comments'

2023-04-12 11:17:50 - [MESSAGE][PASSED] - Text 'cash' is set on object 'Object Repository/textarea_(optional)_order_comments'

2023-04-12 11:17:50 - [TEST_STEP][PASSED] - click(findTestObject("Object Repository/button_Place order")): Object: 'Object Repository/button_Place order' is clicked on

2023-04-12 11:17:50 - [MESSAGE][PASSED] - Object: 'Object Repository/button_Place order' is clicked on

2023-04-12 11:17:50 - [TEST_STEP][PASSED] - delay(5): Delayed 5 second(s)

2023-04-12 11:17:55 - [MESSAGE][PASSED] - Delayed 5 second(s)

2023-04-12 11:17:55 - [TEST_STEP][PASSED] - callTestCase(findTestCase("Order Process/05 Verify last order"), [:], STOP_ON_FAILURE): Call Test Case 'Test Cases/Order Process/05 Verify last order' successfully

2023-04-12 11:17:55 - [TEST_CASE][PASSED] - Test Cases/Order Process/05 Verify last order: Test Cases/Order Process/05 Verify last order

2023-04-12 11:17:56 - [TEST_STEP][PASSED] - verifyTextPresent("Cash on delivery", false): Text 'Cash on delivery' is present on page 

2023-04-12 11:17:56 - [MESSAGE][PASSED] - Text 'Cash on delivery' is present on page 

2023-04-12 11:17:56 - [TEST_STEP][PASSED] - delay(3): Delayed 3 second(s)

2023-04-12 11:17:59 - [MESSAGE][PASSED] - Delayed 3 second(s)

2023-04-12 11:17:59 - [TEST_STEP][PASSED] - verifyTextPresent("Ship Your Idea × 2", false): Text 'Ship Your Idea × 2' is present on page 

2023-04-12 11:18:00 - [MESSAGE][PASSED] - Text 'Ship Your Idea × 2' is present on page 

2023-04-12 11:18:00 - [TEST_STEP][PASSED] - delay(3): Delayed 3 second(s)

2023-04-12 11:18:03 - [MESSAGE][PASSED] - Delayed 3 second(s)

2023-04-12 11:18:03 - [TEST_STEP][PASSED] - verifyTextPresent("$50.00", false): Text '$50.00' is present on page 

2023-04-12 11:18:03 - [MESSAGE][PASSED] - Text '$50.00' is present on page 

2023-04-12 11:18:03 - [TEST_STEP][PASSED] - delay(3): Delayed 3 second(s)

2023-04-12 11:18:06 - [MESSAGE][PASSED] - Delayed 3 second(s)

2023-04-12 11:18:07 - [TEST_STEP][PASSED] - expectedText = getText(findTestObject("Page_My account  Katalon Shop/Page_Katalon Shop  Katalon Ecommerce/Page_Cart  Katalon Shop/address_Eve LKatalon19 Nguyen Thi ThapSGff5000Venezuela")): Text of object 'Object Repository/Page_My account  Katalon Shop/Page_Katalon Shop  Katalon Ecommerce/Page_Cart  Katalon Shop/address_Eve LKatalon19 Nguyen Thi ThapSGff5000Venezuela' is: 'Eve L
Katalon
19 Nguyen Thi Thap
SG
ff
5000
Venezuela'

2023-04-12 11:18:07 - [MESSAGE][PASSED] - Text of object 'Object Repository/Page_My account  Katalon Shop/Page_Katalon Shop  Katalon Ecommerce/Page_Cart  Katalon Shop/address_Eve LKatalon19 Nguyen Thi ThapSGff5000Venezuela' is: 'Eve L
Katalon
19 Nguyen Thi Thap
SG
ff
5000
Venezuela'

2023-04-12 11:18:07 - [TEST_STEP][PASSED] - println(expectedText): null

2023-04-12 11:18:07 - [TEST_STEP][PASSED] - verifyTextPresent(expectedText, false): Text 'Eve L
Katalon
19 Nguyen Thi Thap
SG
ff
5000
Venezuela' is present on page 

2023-04-12 11:18:07 - [MESSAGE][PASSED] - Text 'Eve L
Katalon
19 Nguyen Thi Thap
SG
ff
5000
Venezuela' is present on page 

2023-04-12 11:18:07 - [MESSAGE][PASSED] - Call Test Case 'Test Cases/Order Process/05 Verify last order' successfully

2023-04-12 11:18:07 - [TEST_STEP][PASSED] - callTestCase(findTestCase("Order Process/06 remove items"), [:], STOP_ON_FAILURE): Call Test Case 'Test Cases/Order Process/06 remove items' successfully

2023-04-12 11:18:07 - [TEST_CASE][PASSED] - Test Cases/Order Process/06 remove items: Test Cases/Order Process/06 remove items

2023-04-12 11:18:08 - [TEST_STEP][PASSED] - click(findTestObject("Page_My account  Katalon Shop/Page_Katalon Shop  Katalon Ecommerce/Page_Cart  Katalon Shop/a_Cart")): Object: 'Object Repository/Page_My account  Katalon Shop/Page_Katalon Shop  Katalon Ecommerce/Page_Cart  Katalon Shop/a_Cart' is clicked on

2023-04-12 11:18:10 - [MESSAGE][PASSED] - Object: 'Object Repository/Page_My account  Katalon Shop/Page_Katalon Shop  Katalon Ecommerce/Page_Cart  Katalon Shop/a_Cart' is clicked on

2023-04-12 11:18:10 - [TEST_STEP][PASSED] - SamplePageTitle = getWindowTitle(): Current window's title is: 'Cart – Katalon Shop'

2023-04-12 11:18:10 - [MESSAGE][PASSED] - Current window's title is: 'Cart – Katalon Shop'

2023-04-12 11:18:10 - [TEST_STEP][PASSED] - verifyMatch(SamplePageTitle, "Cart – Katalon Shop", false): Actual text 'Cart – Katalon Shop' and expected text 'Cart – Katalon Shop' are matched 

2023-04-12 11:18:10 - [MESSAGE][PASSED] - Actual text 'Cart – Katalon Shop' and expected text 'Cart – Katalon Shop' are matched 

2023-04-12 11:18:10 - [TEST_STEP][PASSED] - click(findTestObject("Object Repository/a_Return to shop")): Object: 'Object Repository/a_Return to shop' is clicked on

2023-04-12 11:18:15 - [MESSAGE][PASSED] - Object: 'Object Repository/a_Return to shop' is clicked on

2023-04-12 11:18:15 - [MESSAGE][PASSED] - Call Test Case 'Test Cases/Order Process/06 remove items' successfully

2023-04-12 11:18:15 - [MESSAGE][PASSED] - Call Test Case 'Test Cases/Order Process/Checkout 04' successfully]]></system-out>
         <system-err><![CDATA[]]></system-err>
      </testcase>
      <system-out><![CDATA[2023-04-12 11:16:29 - [TEST_SUITE][PASSED] - TS_Check order: Test Cases/Order Process/Check order 02]]></system-out>
      <system-err><![CDATA[]]></system-err>
   </testsuite>
</testsuites>
