<?xml version="1.0" encoding="UTF-8"?>
<testsuites name="TS_Order" time="85.914" tests="2" failures="0" errors="0">
   <testsuite name="TS_Order" tests="2" failures="0" errors="0" time="85.914" skipped="0" timestamp="2023-04-09 11:27:51" hostname="thanh.pnguyen - 192.168.1.7" id="Test Suites/TS_Order">
      <properties>
         <property name="deviceName" value=""/>
         <property name="devicePlatform" value=""/>
         <property name="logFolder" value="/Users/thanh.pnguyen/Documents/Katalon/Certificate/Reports/20230409_112706/TS_Order/20230409_112717"/>
         <property name="logFiles" value="/Users/thanh.pnguyen/Documents/Katalon/Certificate/Reports/20230409_112706/TS_Order/20230409_112717/execution0.log"/>
         <property name="attachments" value=""/>
         <property name="hostName" value="thanh.pnguyen - 192.168.1.7"/>
         <property name="os" value="Mac OS X 64bit"/>
         <property name="katalonVersion" value="8.6.0.208"/>
         <property name="browser" value="Chrome 112.0.0.0"/>
         <property name="hostAddress" value="192.168.1.7"/>
         <property name="sessionId" value="ec402939950beeff6566d6af1b1be0c1"/>
         <property name="seleniumVersion" value="3.141.59"/>
         <property name="proxyInformation" value="ProxyInformation { proxyOption=NO_PROXY, proxyServerType=HTTP, username=, password=********, proxyServerAddress=, proxyServerPort=0, executionList=&quot;&quot;, isApplyToDesiredCapabilities=true }"/>
         <property name="platform" value="Mac OS X"/>
      </properties>
      <testcase name="Test Cases/Order Process/Order Item 01" time="48.07" classname="Test Cases/Order Process/Order Item 01" status="PASSED">
         <system-out><![CDATA[2023-04-09 11:27:51 - [TEST_CASE][PASSED] - Test Cases/Order Process/Order Item 01: Test Cases/Order Process/Order Item 01

2023-04-09 11:27:51 - [TEST_STEP][PASSED] - Start listener action : enableSauceLabs: [SAUCELABS] Saucelabs Plugin will not attempt to auto update job status and information !

2023-04-09 11:27:51 - [MESSAGE][INFO] - [SAUCELABS] Current run configuration: Chrome

2023-04-09 11:27:51 - [MESSAGE][INFO] - [SAUCELABS] Saucelabs Plugin will not attempt to auto update job status and information !

2023-04-09 11:27:52 - [TEST_STEP][PASSED] - callTestCase(findTestCase("Account/Login successfully"), [:], STOP_ON_FAILURE): Call Test Case 'Test Cases/Account/Login successfully' successfully

2023-04-09 11:27:52 - [TEST_CASE][PASSED] - Test Cases/Account/Login successfully: Test Cases/Account/Login successfully

2023-04-09 11:27:52 - [TEST_STEP][PASSED] - openBrowser(""): Browser is opened with url: ''

2023-04-09 11:27:52 - [MESSAGE][INFO] - Starting 'Chrome' driver

2023-04-09 11:27:52 - [MESSAGE][INFO] - Action delay is set to 0 milliseconds

2023-04-09 11:28:00 - [MESSAGE][PASSED] - Browser is opened with url: ''

2023-04-09 11:28:00 - [TEST_STEP][PASSED] - navigateToUrl("https://cms.demo.katalon.com/my-account/"): Navigate to 'https://cms.demo.katalon.com/my-account/' successfully

2023-04-09 11:28:04 - [MESSAGE][PASSED] - Navigate to 'https://cms.demo.katalon.com/my-account/' successfully

2023-04-09 11:28:04 - [TEST_STEP][PASSED] - click(findTestObject("Page_My account  Katalon Shop/input__username")): Object: 'Object Repository/Page_My account  Katalon Shop/input__username' is clicked on

2023-04-09 11:28:05 - [MESSAGE][PASSED] - Object: 'Object Repository/Page_My account  Katalon Shop/input__username' is clicked on

2023-04-09 11:28:05 - [TEST_STEP][PASSED] - setText(findTestObject("Page_My account  Katalon Shop/input__username"), username): Text 'customer' is set on object 'Object Repository/Page_My account  Katalon Shop/input__username'

2023-04-09 11:28:06 - [MESSAGE][PASSED] - Text 'customer' is set on object 'Object Repository/Page_My account  Katalon Shop/input__username'

2023-04-09 11:28:06 - [TEST_STEP][PASSED] - click(findTestObject("Page_My account  Katalon Shop/input__password")): Object: 'Object Repository/Page_My account  Katalon Shop/input__password' is clicked on

2023-04-09 11:28:07 - [MESSAGE][PASSED] - Object: 'Object Repository/Page_My account  Katalon Shop/input__password' is clicked on

2023-04-09 11:28:07 - [TEST_STEP][PASSED] - setText(findTestObject("Page_My account  Katalon Shop/input__password"), password): Text 'crz7mrb.KNG3yxv1fbn' is set on object 'Object Repository/Page_My account  Katalon Shop/input__password'

2023-04-09 11:28:08 - [MESSAGE][PASSED] - Text 'crz7mrb.KNG3yxv1fbn' is set on object 'Object Repository/Page_My account  Katalon Shop/input__password'

2023-04-09 11:28:08 - [TEST_STEP][PASSED] - click(findTestObject("Page_My account  Katalon Shop/input__rememberme")): Object: 'Object Repository/Page_My account  Katalon Shop/input__rememberme' is clicked on

2023-04-09 11:28:08 - [MESSAGE][PASSED] - Object: 'Object Repository/Page_My account  Katalon Shop/input__rememberme' is clicked on

2023-04-09 11:28:08 - [TEST_STEP][PASSED] - click(findTestObject("Page_My account  Katalon Shop/button_Log in")): Object: 'Object Repository/Page_My account  Katalon Shop/button_Log in' is clicked on

2023-04-09 11:28:11 - [MESSAGE][PASSED] - Object: 'Object Repository/Page_My account  Katalon Shop/button_Log in' is clicked on

2023-04-09 11:28:11 - [TEST_STEP][PASSED] - getText(findTestObject("Object Repository/Page_My account  Katalon Shop/Page_My account  Katalon Shop/strong_KatalonLover"), STOP_ON_FAILURE): Text of object 'Object Repository/Page_My account  Katalon Shop/Page_My account  Katalon Shop/strong_KatalonLover' is: 'KatalonLover'

2023-04-09 11:28:11 - [MESSAGE][PASSED] - Text of object 'Object Repository/Page_My account  Katalon Shop/Page_My account  Katalon Shop/strong_KatalonLover' is: 'KatalonLover'

2023-04-09 11:28:11 - [TEST_STEP][PASSED] - responseString = "KatalonLover": null

2023-04-09 11:28:11 - [TEST_STEP][PASSED] - expectedString = "katalonlover": null

2023-04-09 11:28:11 - [TEST_STEP][PASSED] - if (responseString.toLowerCase() == expectedString): null

2023-04-09 11:28:11 - [TEST_STEP][PASSED] - println("Response is correct"): null

2023-04-09 11:28:11 - [MESSAGE][PASSED] - Call Test Case 'Test Cases/Account/Login successfully' successfully

2023-04-09 11:28:11 - [TEST_STEP][PASSED] - click(findTestObject("Page_My account  Katalon Shop/Page_My account  Katalon Shop/a_Shop")): Object: 'Object Repository/Page_My account  Katalon Shop/Page_My account  Katalon Shop/a_Shop' is clicked on

2023-04-09 11:28:15 - [MESSAGE][PASSED] - Object: 'Object Repository/Page_My account  Katalon Shop/Page_My account  Katalon Shop/a_Shop' is clicked on

2023-04-09 11:28:15 - [TEST_STEP][PASSED] - SamplePageTitle = getWindowTitle(): Current window's title is: 'Katalon Shop – Katalon Ecommerce'

2023-04-09 11:28:15 - [MESSAGE][PASSED] - Current window's title is: 'Katalon Shop – Katalon Ecommerce'

2023-04-09 11:28:15 - [TEST_STEP][PASSED] - verifyMatch(SamplePageTitle, "Katalon Shop – Katalon Ecommerce", false): Actual text 'Katalon Shop – Katalon Ecommerce' and expected text 'Katalon Shop – Katalon Ecommerce' are matched 

2023-04-09 11:28:15 - [MESSAGE][PASSED] - Actual text 'Katalon Shop – Katalon Ecommerce' and expected text 'Katalon Shop – Katalon Ecommerce' are matched 

2023-04-09 11:28:15 - [TEST_STEP][PASSED] - delay(5): Delayed 5 second(s)

2023-04-09 11:28:20 - [MESSAGE][PASSED] - Delayed 5 second(s)

2023-04-09 11:28:20 - [TEST_STEP][PASSED] - click(findTestObject("Page_My account  Katalon Shop/Page_Katalon Shop  Katalon Ecommerce/span_Default sorting")): Object: 'Object Repository/Page_My account  Katalon Shop/Page_Katalon Shop  Katalon Ecommerce/span_Default sorting' is clicked on

2023-04-09 11:28:21 - [MESSAGE][PASSED] - Object: 'Object Repository/Page_My account  Katalon Shop/Page_Katalon Shop  Katalon Ecommerce/span_Default sorting' is clicked on

2023-04-09 11:28:21 - [TEST_STEP][PASSED] - click(findTestObject("Page_My account  Katalon Shop/Page_Katalon Shop  Katalon Ecommerce/sort by latest")): Object: 'Object Repository/Page_My account  Katalon Shop/Page_Katalon Shop  Katalon Ecommerce/sort by latest' is clicked on

2023-04-09 11:28:24 - [MESSAGE][PASSED] - Object: 'Object Repository/Page_My account  Katalon Shop/Page_Katalon Shop  Katalon Ecommerce/sort by latest' is clicked on

2023-04-09 11:28:24 - [TEST_STEP][PASSED] - delay(5): Delayed 5 second(s)

2023-04-09 11:28:29 - [MESSAGE][PASSED] - Delayed 5 second(s)

2023-04-09 11:28:29 - [TEST_STEP][PASSED] - waitForElementPresent(findTestObject("Page_My account  Katalon Shop/Page_Katalon Shop  Katalon Ecommerce/img__attachment-woocommerce_thumbnail size-woocommerce_thumbnail"), 3): Object 'Object Repository/Page_My account  Katalon Shop/Page_Katalon Shop  Katalon Ecommerce/img__attachment-woocommerce_thumbnail size-woocommerce_thumbnail' is present

2023-04-09 11:28:30 - [MESSAGE][PASSED] - Object 'Object Repository/Page_My account  Katalon Shop/Page_Katalon Shop  Katalon Ecommerce/img__attachment-woocommerce_thumbnail size-woocommerce_thumbnail' is present

2023-04-09 11:28:30 - [TEST_STEP][PASSED] - click(findTestObject("Page_My account  Katalon Shop/Page_Katalon Shop  Katalon Ecommerce/img__attachment-woocommerce_thumbnail size-woocommerce_thumbnail")): Object: 'Object Repository/Page_My account  Katalon Shop/Page_Katalon Shop  Katalon Ecommerce/img__attachment-woocommerce_thumbnail size-woocommerce_thumbnail' is clicked on

2023-04-09 11:28:35 - [MESSAGE][PASSED] - Object: 'Object Repository/Page_My account  Katalon Shop/Page_Katalon Shop  Katalon Ecommerce/img__attachment-woocommerce_thumbnail size-woocommerce_thumbnail' is clicked on

2023-04-09 11:28:35 - [TEST_STEP][PASSED] - verifyTextPresent("Ship Your Idea", false): Text 'Ship Your Idea' is present on page 

2023-04-09 11:28:36 - [MESSAGE][PASSED] - Text 'Ship Your Idea' is present on page 

2023-04-09 11:28:36 - [TEST_STEP][PASSED] - click(findTestObject("Page_My account  Katalon Shop/Page_Ship Your Idea  Katalon Shop/btn_Next")): Object: 'Object Repository/Page_My account  Katalon Shop/Page_Ship Your Idea  Katalon Shop/btn_Next' is clicked on

2023-04-09 11:28:37 - [MESSAGE][PASSED] - Object: 'Object Repository/Page_My account  Katalon Shop/Page_Ship Your Idea  Katalon Shop/btn_Next' is clicked on

2023-04-09 11:28:37 - [TEST_STEP][PASSED] - verifyEqual("2", "2"): Actual object '2' and expected object '2' are equal

2023-04-09 11:28:37 - [MESSAGE][PASSED] - Actual object '2' and expected object '2' are equal

2023-04-09 11:28:37 - [TEST_STEP][PASSED] - click(findTestObject("Page_My account  Katalon Shop/Page_Ship Your Idea  Katalon Shop/button_Add to cart")): Object: 'Object Repository/Page_My account  Katalon Shop/Page_Ship Your Idea  Katalon Shop/button_Add to cart' is clicked on

2023-04-09 11:28:39 - [MESSAGE][PASSED] - Object: 'Object Repository/Page_My account  Katalon Shop/Page_Ship Your Idea  Katalon Shop/button_Add to cart' is clicked on

2023-04-09 11:28:39 - [TEST_STEP][PASSED] - Start listener action : autoUpdateJobStatus: [SAUCELABS] Current run configuration: Chrome

2023-04-09 11:28:39 - [MESSAGE][INFO] - [SAUCELABS] Current run configuration: Chrome]]></system-out>
         <system-err><![CDATA[]]></system-err>
      </testcase>
      <testcase name="Test Cases/Order Process/Check order 02" time="37.393" classname="Test Cases/Order Process/Check order 02" status="PASSED">
         <system-out><![CDATA[2023-04-09 11:28:39 - [TEST_CASE][PASSED] - Test Cases/Order Process/Check order 02: Test Cases/Order Process/Check order 02

2023-04-09 11:28:39 - [TEST_STEP][PASSED] - Start listener action : enableSauceLabs: [SAUCELABS] Saucelabs Plugin will not attempt to auto update job status and information !

2023-04-09 11:28:39 - [MESSAGE][INFO] - [SAUCELABS] Current run configuration: Chrome

2023-04-09 11:28:39 - [MESSAGE][INFO] - [SAUCELABS] Saucelabs Plugin will not attempt to auto update job status and information !

2023-04-09 11:28:39 - [TEST_STEP][PASSED] - callTestCase(findTestCase("Account/Login successfully"), [:], STOP_ON_FAILURE): Call Test Case 'Test Cases/Account/Login successfully' successfully

2023-04-09 11:28:39 - [TEST_CASE][PASSED] - Test Cases/Account/Login successfully: Test Cases/Account/Login successfully

2023-04-09 11:28:39 - [TEST_STEP][PASSED] - openBrowser(""): Browser is opened with url: ''

2023-04-09 11:28:39 - [MESSAGE][WARNING] - A browser is already opened. Closing browser and opening a new one

2023-04-09 11:28:40 - [MESSAGE][INFO] - Starting 'Chrome' driver

2023-04-09 11:28:40 - [MESSAGE][INFO] - Action delay is set to 0 milliseconds

2023-04-09 11:28:44 - [MESSAGE][PASSED] - Browser is opened with url: ''

2023-04-09 11:28:44 - [TEST_STEP][PASSED] - navigateToUrl("https://cms.demo.katalon.com/my-account/"): Navigate to 'https://cms.demo.katalon.com/my-account/' successfully

2023-04-09 11:28:49 - [MESSAGE][PASSED] - Navigate to 'https://cms.demo.katalon.com/my-account/' successfully

2023-04-09 11:28:49 - [TEST_STEP][PASSED] - click(findTestObject("Page_My account  Katalon Shop/input__username")): Object: 'Object Repository/Page_My account  Katalon Shop/input__username' is clicked on

2023-04-09 11:28:50 - [MESSAGE][PASSED] - Object: 'Object Repository/Page_My account  Katalon Shop/input__username' is clicked on

2023-04-09 11:28:50 - [TEST_STEP][PASSED] - setText(findTestObject("Page_My account  Katalon Shop/input__username"), username): Text 'customer' is set on object 'Object Repository/Page_My account  Katalon Shop/input__username'

2023-04-09 11:28:50 - [MESSAGE][PASSED] - Text 'customer' is set on object 'Object Repository/Page_My account  Katalon Shop/input__username'

2023-04-09 11:28:50 - [TEST_STEP][PASSED] - click(findTestObject("Page_My account  Katalon Shop/input__password")): Object: 'Object Repository/Page_My account  Katalon Shop/input__password' is clicked on

2023-04-09 11:28:51 - [MESSAGE][PASSED] - Object: 'Object Repository/Page_My account  Katalon Shop/input__password' is clicked on

2023-04-09 11:28:51 - [TEST_STEP][PASSED] - setText(findTestObject("Page_My account  Katalon Shop/input__password"), password): Text 'crz7mrb.KNG3yxv1fbn' is set on object 'Object Repository/Page_My account  Katalon Shop/input__password'

2023-04-09 11:28:52 - [MESSAGE][PASSED] - Text 'crz7mrb.KNG3yxv1fbn' is set on object 'Object Repository/Page_My account  Katalon Shop/input__password'

2023-04-09 11:28:52 - [TEST_STEP][PASSED] - click(findTestObject("Page_My account  Katalon Shop/input__rememberme")): Object: 'Object Repository/Page_My account  Katalon Shop/input__rememberme' is clicked on

2023-04-09 11:28:52 - [MESSAGE][PASSED] - Object: 'Object Repository/Page_My account  Katalon Shop/input__rememberme' is clicked on

2023-04-09 11:28:52 - [TEST_STEP][PASSED] - click(findTestObject("Page_My account  Katalon Shop/button_Log in")): Object: 'Object Repository/Page_My account  Katalon Shop/button_Log in' is clicked on

2023-04-09 11:28:55 - [MESSAGE][PASSED] - Object: 'Object Repository/Page_My account  Katalon Shop/button_Log in' is clicked on

2023-04-09 11:28:55 - [TEST_STEP][PASSED] - getText(findTestObject("Object Repository/Page_My account  Katalon Shop/Page_My account  Katalon Shop/strong_KatalonLover"), STOP_ON_FAILURE): Text of object 'Object Repository/Page_My account  Katalon Shop/Page_My account  Katalon Shop/strong_KatalonLover' is: 'KatalonLover'

2023-04-09 11:28:55 - [MESSAGE][PASSED] - Text of object 'Object Repository/Page_My account  Katalon Shop/Page_My account  Katalon Shop/strong_KatalonLover' is: 'KatalonLover'

2023-04-09 11:28:55 - [TEST_STEP][PASSED] - responseString = "KatalonLover": null

2023-04-09 11:28:55 - [TEST_STEP][PASSED] - expectedString = "katalonlover": null

2023-04-09 11:28:55 - [TEST_STEP][PASSED] - if (responseString.toLowerCase() == expectedString): null

2023-04-09 11:28:55 - [TEST_STEP][PASSED] - println("Response is correct"): null

2023-04-09 11:28:55 - [MESSAGE][PASSED] - Call Test Case 'Test Cases/Account/Login successfully' successfully

2023-04-09 11:28:55 - [TEST_STEP][PASSED] - click(findTestObject("Page_My account  Katalon Shop/Page_Katalon Shop  Katalon Ecommerce/Page_Cart  Katalon Shop/a_Cart")): Object: 'Object Repository/Page_My account  Katalon Shop/Page_Katalon Shop  Katalon Ecommerce/Page_Cart  Katalon Shop/a_Cart' is clicked on

2023-04-09 11:28:59 - [MESSAGE][PASSED] - Object: 'Object Repository/Page_My account  Katalon Shop/Page_Katalon Shop  Katalon Ecommerce/Page_Cart  Katalon Shop/a_Cart' is clicked on

2023-04-09 11:28:59 - [TEST_STEP][PASSED] - SamplePageTitle = getWindowTitle(): Current window's title is: 'Cart – Katalon Shop'

2023-04-09 11:28:59 - [MESSAGE][PASSED] - Current window's title is: 'Cart – Katalon Shop'

2023-04-09 11:28:59 - [TEST_STEP][PASSED] - verifyMatch(SamplePageTitle, "Cart – Katalon Shop", false): Actual text 'Cart – Katalon Shop' and expected text 'Cart – Katalon Shop' are matched 

2023-04-09 11:28:59 - [MESSAGE][PASSED] - Actual text 'Cart – Katalon Shop' and expected text 'Cart – Katalon Shop' are matched 

2023-04-09 11:28:59 - [TEST_STEP][PASSED] - verifyTextPresent("Ship Your Idea", false): Text 'Ship Your Idea' is present on page 

2023-04-09 11:29:00 - [MESSAGE][PASSED] - Text 'Ship Your Idea' is present on page 

2023-04-09 11:29:00 - [TEST_STEP][PASSED] - verifyEqual("2", "2"): Actual object '2' and expected object '2' are equal

2023-04-09 11:29:00 - [MESSAGE][PASSED] - Actual object '2' and expected object '2' are equal

2023-04-09 11:29:00 - [TEST_STEP][PASSED] - scrollToElement(findTestObject("Page_My account  Katalon Shop/Page_Katalon Shop  Katalon Ecommerce/Page_Cart  Katalon Shop/button_Update cart"), 0): Scroll to object 'Object Repository/Page_My account  Katalon Shop/Page_Katalon Shop  Katalon Ecommerce/Page_Cart  Katalon Shop/button_Update cart' successfully

2023-04-09 11:29:00 - [MESSAGE][WARNING] - Timeout '0' is invalid. Using default page load timeout: '30'

2023-04-09 11:29:01 - [MESSAGE][PASSED] - Scroll to object 'Object Repository/Page_My account  Katalon Shop/Page_Katalon Shop  Katalon Ecommerce/Page_Cart  Katalon Shop/button_Update cart' successfully

2023-04-09 11:29:01 - [TEST_STEP][PASSED] - click(findTestObject("Object Repository/a_Change address")): Object: 'Object Repository/a_Change address' is clicked on

2023-04-09 11:29:02 - [MESSAGE][PASSED] - Object: 'Object Repository/a_Change address' is clicked on

2023-04-09 11:29:02 - [TEST_STEP][PASSED] - click(findTestObject("Object Repository/span_Vietnam")): Object: 'Object Repository/span_Vietnam' is clicked on

2023-04-09 11:29:03 - [MESSAGE][PASSED] - Object: 'Object Repository/span_Vietnam' is clicked on

2023-04-09 11:29:03 - [TEST_STEP][PASSED] - click(findTestObject("Page_My account  Katalon Shop/Page_Katalon Shop  Katalon Ecommerce/Page_Cart  Katalon Shop/li_Venezuela")): Object: 'Object Repository/Page_My account  Katalon Shop/Page_Katalon Shop  Katalon Ecommerce/Page_Cart  Katalon Shop/li_Venezuela' is clicked on

2023-04-09 11:29:04 - [MESSAGE][PASSED] - Object: 'Object Repository/Page_My account  Katalon Shop/Page_Katalon Shop  Katalon Ecommerce/Page_Cart  Katalon Shop/li_Venezuela' is clicked on

2023-04-09 11:29:04 - [TEST_STEP][PASSED] - delay(3): Delayed 3 second(s)

2023-04-09 11:29:07 - [MESSAGE][PASSED] - Delayed 3 second(s)

2023-04-09 11:29:07 - [TEST_STEP][PASSED] - setText(findTestObject("Object Repository/input_Venezuela_calc_shipping_state"), "ff"): Text 'ff' is set on object 'Object Repository/input_Venezuela_calc_shipping_state'

2023-04-09 11:29:08 - [MESSAGE][PASSED] - Text 'ff' is set on object 'Object Repository/input_Venezuela_calc_shipping_state'

2023-04-09 11:29:08 - [TEST_STEP][PASSED] - setText(findTestObject("Object Repository/input_Venezuela_calc_shipping_city"), "SG"): Text 'SG' is set on object 'Object Repository/input_Venezuela_calc_shipping_city'

2023-04-09 11:29:08 - [MESSAGE][PASSED] - Text 'SG' is set on object 'Object Repository/input_Venezuela_calc_shipping_city'

2023-04-09 11:29:08 - [TEST_STEP][PASSED] - delay(3): Delayed 3 second(s)

2023-04-09 11:29:11 - [MESSAGE][PASSED] - Delayed 3 second(s)

2023-04-09 11:29:11 - [TEST_STEP][PASSED] - setText(findTestObject("Object Repository/input_Venezuela_calc_shipping_postcode"), "5000"): Text '5000' is set on object 'Object Repository/input_Venezuela_calc_shipping_postcode'

2023-04-09 11:29:12 - [MESSAGE][PASSED] - Text '5000' is set on object 'Object Repository/input_Venezuela_calc_shipping_postcode'

2023-04-09 11:29:12 - [TEST_STEP][PASSED] - click(findTestObject("Object Repository/button_Update")): Object: 'Object Repository/button_Update' is clicked on

2023-04-09 11:29:13 - [MESSAGE][PASSED] - Object: 'Object Repository/button_Update' is clicked on

2023-04-09 11:29:13 - [TEST_STEP][PASSED] - verifyElementText(findTestObject("Object Repository/p_Shipping to SG, a, 5000, Venezuela"), "Shipping to SG, ff, 5000, Venezuela."): Actual text and expected text of test object 'Object Repository/p_Shipping to SG, a, 5000, Venezuela' are matched.

2023-04-09 11:29:14 - [MESSAGE][PASSED] - Actual text and expected text of test object 'Object Repository/p_Shipping to SG, a, 5000, Venezuela' are matched.

2023-04-09 11:29:14 - [TEST_STEP][PASSED] - click(findTestObject("Page_My account  Katalon Shop/Page_Katalon Shop  Katalon Ecommerce/Page_Cart  Katalon Shop/a_Proceed to checkout")): Object: 'Object Repository/Page_My account  Katalon Shop/Page_Katalon Shop  Katalon Ecommerce/Page_Cart  Katalon Shop/a_Proceed to checkout' is clicked on

2023-04-09 11:29:16 - [MESSAGE][PASSED] - Object: 'Object Repository/Page_My account  Katalon Shop/Page_Katalon Shop  Katalon Ecommerce/Page_Cart  Katalon Shop/a_Proceed to checkout' is clicked on

2023-04-09 11:29:16 - [TEST_STEP][PASSED] - Start listener action : autoUpdateJobStatus: [SAUCELABS] Current run configuration: Chrome

2023-04-09 11:29:16 - [MESSAGE][INFO] - [SAUCELABS] Current run configuration: Chrome]]></system-out>
         <system-err><![CDATA[]]></system-err>
      </testcase>
      <system-out><![CDATA[2023-04-09 11:27:51 - [TEST_SUITE][PASSED] - TS_Order: Test Cases/Order Process/Check order 02]]></system-out>
      <system-err><![CDATA[]]></system-err>
   </testsuite>
</testsuites>
